/videos/15cbdad2-faa4-1fec-6e3a-1f4811c9a442/hls1/main/0.ts

{"Protocol":0,"Id":"15cbdad2faa41fec6e3a1f4811c9a442","Path":"/data/movies/The French Dispatch (2021)/The.French.Dispatch.of.the.Liberty.Kansas.Evening.Sun.2021.2160p.WEB-DL.DD5.1.HEVC-EVO.mkv","EncoderPath":null,"EncoderProtocol":null,"Type":0,"Container":"mkv,webm","Size":10052698112,"Name":"The.French.Dispatch.of.the.Liberty.Kansas.Evening.Sun.2021.2160p.WEB-DL.DD5.1.HEVC-EVO","IsRemote":false,"ETag":"deb33e008eea266a3fea5a74c132ec99","RunTimeTicks":64587198464,"ReadAtNativeFramerate":false,"IgnoreDts":false,"IgnoreIndex":false,"GenPtsInput":false,"SupportsTranscoding":true,"SupportsDirectStream":true,"SupportsDirectPlay":true,"IsInfiniteStream":false,"RequiresOpening":false,"OpenToken":null,"RequiresClosing":false,"LiveStreamId":null,"BufferMs":null,"RequiresLooping":false,"SupportsProbing":true,"VideoType":0,"IsoType":null,"Video3DFormat":null,"MediaStreams":[{"Codec":"hevc","CodecTag":null,"Language":null,"ColorRange":null,"ColorSpace":"bt709","ColorTransfer":"bt709","ColorPrimaries":"bt709","DvVersionMajor":null,"DvVersionMinor":null,"DvProfile":null,"DvLevel":null,"RpuPresentFlag":null,"ElPresentFlag":null,"BlPresentFlag":null,"DvBlSignalCompatibilityId":null,"Comment":null,"TimeBase":"1/1000","CodecTimeBase":null,"Title":null,"VideoRange":"SDR","VideoRangeType":"SDR","VideoDoViTitle":null,"LocalizedUndefined":null,"LocalizedDefault":null,"LocalizedForced":null,"LocalizedExternal":null,"DisplayTitle":"4K HEVC SDR","NalLengthSize":null,"IsInterlaced":false,"IsAVC":null,"ChannelLayout":null,"BitRate":12451628,"BitDepth":10,"RefFrames":1,"PacketLength":null,"Channels":null,"SampleRate":null,"IsDefault":true,"IsForced":false,"Height":2076,"Width":3840,"AverageFrameRate":23.976025,"RealFrameRate":23.976025,"Profile":"Main 10","Type":1,"AspectRatio":"1.85:1","Index":0,"Score":null,"IsExternal":false,"DeliveryMethod":null,"DeliveryUrl":null,"IsExternalUrl":null,"IsTextSubtitleStream":false,"SupportsExternalStream":false,"Path":null,"PixelFormat":"yuv420p10le","Level":150,"IsAnamorphic":null},{"Codec":"ac3","CodecTag":null,"Language":"eng","ColorRange":null,"ColorSpace":null,"ColorTransfer":null,"ColorPrimaries":null,"DvVersionMajor":null,"DvVersionMinor":null,"DvProfile":null,"DvLevel":null,"RpuPresentFlag":null,"ElPresentFlag":null,"BlPresentFlag":null,"DvBlSignalCompatibilityId":null,"Comment":null,"TimeBase":"1/1000","CodecTimeBase":null,"Title":"English","VideoRange":null,"VideoRangeType":null,"VideoDoViTitle":null,"LocalizedUndefined":null,"LocalizedDefault":null,"LocalizedForced":null,"LocalizedExternal":null,"DisplayTitle":"English - Dolby Digital - 5.1","NalLengthSize":null,"IsInterlaced":false,"IsAVC":null,"ChannelLayout":"5.1","BitRate":384000,"BitDepth":null,"RefFrames":null,"PacketLength":null,"Channels":6,"SampleRate":48000,"IsDefault":false,"IsForced":false,"Height":null,"Width":null,"AverageFrameRate":null,"RealFrameRate":null,"Profile":null,"Type":0,"AspectRatio":null,"Index":1,"Score":null,"IsExternal":false,"DeliveryMethod":null,"DeliveryUrl":null,"IsExternalUrl":null,"IsTextSubtitleStream":false,"SupportsExternalStream":false,"Path":null,"PixelFormat":null,"Level":0,"IsAnamorphic":null}],"MediaAttachments":[],"Formats":[],"Bitrate":12835628,"Timestamp":null,"RequiredHttpHeaders":{},"TranscodingUrl":null,"TranscodingSubProtocol":null,"TranscodingContainer":null,"AnalyzeDurationMs":null,"DefaultAudioStreamIndex":null,"DefaultSubtitleStreamIndex":null}

/usr/lib/jellyfin-ffmpeg/ffmpeg -analyzeduration 200M -fflags +genpts -f matroska,webm  -i file:"/data/movies/The French Dispatch (2021)/The.French.Dispatch.of.the.Liberty.Kansas.Evening.Sun.2021.2160p.WEB-DL.DD5.1.HEVC-EVO.mkv" -map_metadata -1 -map_chapters -1 -threads 0 -map 0:0 -map 0:1 -map -0:s -codec:v:0 copy -tag:v:0 hvc1 -bsf:v hevc_mp4toannexb -start_at_zero -codec:a:0 libfdk_aac -ac 6 -ab 384000 -copyts -avoid_negative_ts disabled -max_muxing_queue_size 2048 -f hls -max_delay 5000000 -hls_time 6 -hls_segment_type mpegts -start_number 0 -hls_segment_filename "/config/data/transcodes/43518b6655dff77d0b2ddb9d233995a5%d.ts" -hls_playlist_type vod -hls_list_size 0 -y "/config/data/transcodes/43518b6655dff77d0b2ddb9d233995a5.m3u8"


ffmpeg version 5.1.4-Jellyfin Copyright (c) 2000-2023 the FFmpeg developers
  built with gcc 11 (Ubuntu 11.4.0-1ubuntu1~22.04)
  configuration: --prefix=/usr/lib/jellyfin-ffmpeg --target-os=linux --extra-libs=-lfftw3f --extra-version=Jellyfin --disable-doc --disable-ffplay --disable-ptx-compression --disable-static --disable-libxcb --disable-sdl2 --disable-xlib --enable-lto --enable-gpl --enable-version3 --enable-shared --enable-gmp --enable-gnutls --enable-chromaprint --enable-libdrm --enable-libass --enable-libfreetype --enable-libfribidi --enable-libfontconfig --enable-libbluray --enable-libmp3lame --enable-libopus --enable-libtheora --enable-libvorbis --enable-libopenmpt --enable-libdav1d --enable-libsvtav1 --enable-libwebp --enable-libvpx --enable-libx264 --enable-libx265 --enable-libzvbi --enable-libzimg --enable-libfdk-aac --arch=amd64 --enable-libshaderc --enable-libplacebo --enable-vulkan --enable-opencl --enable-vaapi --enable-amf --enable-libmfx --enable-ffnvcodec --enable-cuda --enable-cuda-llvm --enable-cuvid --enable-nvdec --enable-nvenc
  libavutil      57. 28.100 / 57. 28.100
  libavcodec     59. 37.100 / 59. 37.100
  libavformat    59. 27.100 / 59. 27.100
  libavdevice    59.  7.100 / 59.  7.100
  libavfilter     8. 44.100 /  8. 44.100
  libswscale      6.  7.100 /  6.  7.100
  libswresample   4.  7.100 /  4.  7.100
  libpostproc    56.  6.100 / 56.  6.100
Input #0, matroska,webm, from 'file:/data/movies/The French Dispatch (2021)/The.French.Dispatch.of.the.Liberty.Kansas.Evening.Sun.2021.2160p.WEB-DL.DD5.1.HEVC-EVO.mkv':
  Metadata:
    encoder         : libebml v1.3.10 + libmatroska v1.5.2
    creation_time   : 2021-12-14T00:03:37.000000Z
  Duration: 01:47:38.72, start: 0.000000, bitrate: 12451 kb/s
  Stream #0:0: Video: hevc (Main 10), yuv420p10le(tv, bt709), 3840x2076 [SAR 1:1 DAR 320:173], 23.98 fps, 23.98 tbr, 1k tbn (default)
    Metadata:
      BPS-eng         : 12065727
      DURATION-eng    : 01:47:38.703000000
      NUMBER_OF_FRAMES-eng: 154854
      NUMBER_OF_BYTES-eng: 9741118556
      _STATISTICS_WRITING_APP-eng: mkvmerge v45.0.0 ('Heaven in Pennies') 64-bit
      _STATISTICS_WRITING_DATE_UTC-eng: 2021-12-14 00:03:37
      _STATISTICS_TAGS-eng: BPS DURATION NUMBER_OF_FRAMES NUMBER_OF_BYTES
  Stream #0:1(eng): Audio: ac3, 48000 Hz, 5.1(side), fltp, 384 kb/s
    Metadata:
      title           : English
      BPS-eng         : 384000
      DURATION-eng    : 01:47:38.720000000
      NUMBER_OF_FRAMES-eng: 201835
      NUMBER_OF_BYTES-eng: 310018560
      _STATISTICS_WRITING_APP-eng: mkvmerge v45.0.0 ('Heaven in Pennies') 64-bit
      _STATISTICS_WRITING_DATE_UTC-eng: 2021-12-14 00:03:37
      _STATISTICS_TAGS-eng: BPS DURATION NUMBER_OF_FRAMES NUMBER_OF_BYTES
Stream mapping:
  Stream #0:0 -> #0:0 (copy)
  Stream #0:1 -> #0:1 (ac3 (native) -> aac (libfdk_aac))
Press [q] to stop, [?] for help
Output #0, hls, to '/config/data/transcodes/43518b6655dff77d0b2ddb9d233995a5.m3u8':
  Metadata:
    encoder         : Lavf59.27.100
  Stream #0:0: Video: hevc (Main 10) (hvc1 / 0x31637668), yuv420p10le(tv, bt709), 3840x2076 [SAR 1:1 DAR 320:173], q=2-31, 23.98 fps, 23.98 tbr, 90k tbn (default)
  Stream #0:1: Audio: aac, 48000 Hz, 5.1, s16, 384 kb/s
    Metadata:
      encoder         : Lavc59.37.100 libfdk_aac
frame=    1 fps=0.0 q=-1.0 size=N/A time=-00:00:00.02 bitrate=N/A speed=N/A    
[hls @ 0x55bd39645ac0] Opening '/config/data/transcodes/43518b6655dff77d0b2ddb9d233995a50.ts' for writing
[hls @ 0x55bd39645ac0] Opening '/config/data/transcodes/43518b6655dff77d0b2ddb9d233995a51.ts' for writing
[hls @ 0x55bd39645ac0] Opening '/config/data/transcodes/43518b6655dff77d0b2ddb9d233995a52.ts' for writing
[hls @ 0x55bd39645ac0] Opening '/config/data/transcodes/43518b6655dff77d0b2ddb9d233995a53.ts' for writing
[hls @ 0x55bd39645ac0] Opening '/config/data/transcodes/43518b6655dff77d0b2ddb9d233995a54.ts' for writing
[hls @ 0x55bd39645ac0] Opening '/config/data/transcodes/43518b6655dff77d0b2ddb9d233995a55.ts' for writing
frame= 1021 fps=0.0 q=-1.0 size=N/A time=00:00:00.16 bitrate=N/A speed=0.323x    
[hls @ 0x55bd39645ac0] Opening '/config/data/transcodes/43518b6655dff77d0b2ddb9d233995a56.ts' for writing
[hls @ 0x55bd39645ac0] Opening '/config/data/transcodes/43518b6655dff77d0b2ddb9d233995a57.ts' for writing
frame= 1375 fps=1374 q=-1.0 size=N/A time=00:00:15.07 bitrate=N/A speed=15.1x    
[hls @ 0x55bd39645ac0] Opening '/config/data/transcodes/43518b6655dff77d0b2ddb9d233995a58.ts' for writing
[hls @ 0x55bd39645ac0] Opening '/config/data/transcodes/43518b6655dff77d0b2ddb9d233995a59.ts' for writing
[hls @ 0x55bd39645ac0] Opening '/config/data/transcodes/43518b6655dff77d0b2ddb9d233995a510.ts' for writing
frame= 1715 fps=1142 q=-1.0 size=N/A time=00:00:29.32 bitrate=N/A speed=19.5x    
[hls @ 0x55bd39645ac0] Opening '/config/data/transcodes/43518b6655dff77d0b2ddb9d233995a511.ts' for writing
[hls @ 0x55bd39645ac0] Opening '/config/data/transcodes/43518b6655dff77d0b2ddb9d233995a512.ts' for writing
frame= 2038 fps=1018 q=-1.0 size=N/A time=00:00:42.65 bitrate=N/A speed=21.3x    
[hls @ 0x55bd39645ac0] Opening '/config/data/transcodes/43518b6655dff77d0b2ddb9d233995a513.ts' for writing
[hls @ 0x55bd39645ac0] Opening '/config/data/transcodes/43518b6655dff77d0b2ddb9d233995a514.ts' for writing
frame= 2359 fps=942 q=-1.0 size=N/A time=00:00:56.03 bitrate=N/A speed=22.4x    
[hls @ 0x55bd39645ac0] Opening '/config/data/transcodes/43518b6655dff77d0b2ddb9d233995a515.ts' for writing


[q] command received. Exiting.

[hls @ 0x55bd39645ac0] Opening '/config/data/transcodes/43518b6655dff77d0b2ddb9d233995a516.ts' for writing
frame= 2428 fps=927 q=-1.0 Lsize=N/A time=00:00:58.87 bitrate=N/A speed=22.5x    
video:103824kB audio:4749kB subtitle:0kB other streams:0kB global headers:0kB muxing overhead: unknown