/videos/f7ddbf10-d455-de8a-cc70-43c53a67da3a/hls1/main/218.ts

{"Protocol":0,"Id":"f7ddbf10d455de8acc7043c53a67da3a","Path":"/data/tv/The Bear/Season 1/The.Bear.S01E01.System.2160p.HULU.WEB-DL.DDP5.1.H.265-PrimeFix.mkv","EncoderPath":null,"EncoderProtocol":null,"Type":0,"Container":"mkv,webm","Size":3283689728,"Name":"The.Bear.S01E01.System.2160p.HULU.WEB-DL.DDP5.1.H.265-PrimeFix","IsRemote":false,"ETag":"85b251bfaa3878722c29a1036ea35c0a","RunTimeTicks":16780800000,"ReadAtNativeFramerate":false,"IgnoreDts":false,"IgnoreIndex":false,"GenPtsInput":false,"SupportsTranscoding":true,"SupportsDirectStream":true,"SupportsDirectPlay":true,"IsInfiniteStream":false,"RequiresOpening":false,"OpenToken":null,"RequiresClosing":false,"LiveStreamId":null,"BufferMs":null,"RequiresLooping":false,"SupportsProbing":true,"VideoType":0,"IsoType":null,"Video3DFormat":null,"MediaStreams":[{"Codec":"hevc","CodecTag":null,"Language":null,"ColorRange":null,"ColorSpace":null,"ColorTransfer":null,"ColorPrimaries":null,"DvVersionMajor":null,"DvVersionMinor":null,"DvProfile":null,"DvLevel":null,"RpuPresentFlag":null,"ElPresentFlag":null,"BlPresentFlag":null,"DvBlSignalCompatibilityId":null,"Comment":null,"TimeBase":"1/1000","CodecTimeBase":null,"Title":null,"VideoRange":"SDR","VideoRangeType":"SDR","VideoDoViTitle":null,"LocalizedUndefined":null,"LocalizedDefault":null,"LocalizedForced":null,"LocalizedExternal":null,"DisplayTitle":"4K HEVC SDR","NalLengthSize":null,"IsInterlaced":false,"IsAVC":null,"ChannelLayout":null,"BitRate":15654508,"BitDepth":10,"RefFrames":1,"PacketLength":null,"Channels":null,"SampleRate":null,"IsDefault":true,"IsForced":false,"Height":2160,"Width":3840,"AverageFrameRate":23.976025,"RealFrameRate":23.976025,"Profile":"Main 10","Type":1,"AspectRatio":"16:9","Index":0,"Score":null,"IsExternal":false,"DeliveryMethod":null,"DeliveryUrl":null,"IsExternalUrl":null,"IsTextSubtitleStream":false,"SupportsExternalStream":false,"Path":null,"PixelFormat":"yuv420p10le","Level":153,"IsAnamorphic":null},{"Codec":"eac3","CodecTag":null,"Language":"eng","ColorRange":null,"ColorSpace":null,"ColorTransfer":null,"ColorPrimaries":null,"DvVersionMajor":null,"DvVersionMinor":null,"DvProfile":null,"DvLevel":null,"RpuPresentFlag":null,"ElPresentFlag":null,"BlPresentFlag":null,"DvBlSignalCompatibilityId":null,"Comment":null,"TimeBase":"1/1000","CodecTimeBase":null,"Title":null,"VideoRange":null,"VideoRangeType":null,"VideoDoViTitle":null,"LocalizedUndefined":null,"LocalizedDefault":null,"LocalizedForced":null,"LocalizedExternal":null,"DisplayTitle":"English - Dolby Digital\u002B - 5.1 - Default","NalLengthSize":null,"IsInterlaced":false,"IsAVC":null,"ChannelLayout":"5.1","BitRate":256000,"BitDepth":null,"RefFrames":null,"PacketLength":null,"Channels":6,"SampleRate":48000,"IsDefault":true,"IsForced":false,"Height":null,"Width":null,"AverageFrameRate":null,"RealFrameRate":null,"Profile":null,"Type":0,"AspectRatio":null,"Index":1,"Score":null,"IsExternal":false,"DeliveryMethod":null,"DeliveryUrl":null,"IsExternalUrl":null,"IsTextSubtitleStream":false,"SupportsExternalStream":false,"Path":null,"PixelFormat":null,"Level":0,"IsAnamorphic":null},{"Codec":"subrip","CodecTag":null,"Language":"eng","ColorRange":null,"ColorSpace":null,"ColorTransfer":null,"ColorPrimaries":null,"DvVersionMajor":null,"DvVersionMinor":null,"DvProfile":null,"DvLevel":null,"RpuPresentFlag":null,"ElPresentFlag":null,"BlPresentFlag":null,"DvBlSignalCompatibilityId":null,"Comment":null,"TimeBase":"1/1000","CodecTimeBase":null,"Title":null,"VideoRange":null,"VideoRangeType":null,"VideoDoViTitle":null,"LocalizedUndefined":"Undefined","LocalizedDefault":"Default","LocalizedForced":"Forced","LocalizedExternal":"External","DisplayTitle":"English - SUBRIP","NalLengthSize":null,"IsInterlaced":false,"IsAVC":null,"ChannelLayout":null,"BitRate":null,"BitDepth":null,"RefFrames":null,"PacketLength":null,"Channels":null,"SampleRate":null,"IsDefault":false,"IsForced":false,"Height":null,"Width":null,"AverageFrameRate":null,"RealFrameRate":null,"Profile":null,"Type":2,"AspectRatio":null,"Index":2,"Score":null,"IsExternal":false,"DeliveryMethod":null,"DeliveryUrl":null,"IsExternalUrl":null,"IsTextSubtitleStream":true,"SupportsExternalStream":true,"Path":null,"PixelFormat":null,"Level":0,"IsAnamorphic":null}],"MediaAttachments":[],"Formats":[],"Bitrate":15910508,"Timestamp":null,"RequiredHttpHeaders":{},"TranscodingUrl":null,"TranscodingSubProtocol":null,"TranscodingContainer":null,"AnalyzeDurationMs":null,"DefaultAudioStreamIndex":null,"DefaultSubtitleStreamIndex":null}

/usr/lib/jellyfin-ffmpeg/ffmpeg -analyzeduration 200M -ss 00:10:54.000 -f matroska,webm -autorotate 0 -i file:"/data/tv/The Bear/Season 1/The.Bear.S01E01.System.2160p.HULU.WEB-DL.DDP5.1.H.265-PrimeFix.mkv" -map_metadata -1 -map_chapters -1 -threads 0 -map 0:0 -map 0:1 -map -0:s -codec:v:0 libx264 -preset veryfast -crf 23 -maxrate 26090847 -bufsize 52181694 -x264opts:0 subme=0:me_range=4:rc_lookahead=10:me=dia:no_chroma_me:8x8dct=0:partitions=none -force_key_frames:0 "expr:gte(t,654+n_forced*3)" -sc_threshold:v:0 0 -vf "setparams=color_primaries=bt709:color_trc=bt709:colorspace=bt709,scale=trunc(min(max(iw\,ih*a)\,min(3840\,2160*a))/2)*2:trunc(min(max(iw/a\,ih)\,min(3840/a\,2160))/2)*2,format=yuv420p" -codec:a:0 libfdk_aac -ac 2 -ab 384000 -af "volume=2" -copyts -avoid_negative_ts disabled -max_muxing_queue_size 2048 -f hls -max_delay 5000000 -hls_time 3 -hls_segment_type mpegts -start_number 218 -hls_segment_filename "/config/data/transcodes/a6399ded82a6762021453974895b7246%d.ts" -hls_playlist_type vod -hls_list_size 0 -y "/config/data/transcodes/a6399ded82a6762021453974895b7246.m3u8"


ffmpeg version 5.1.4-Jellyfin Copyright (c) 2000-2023 the FFmpeg developers
  built with gcc 11 (Ubuntu 11.4.0-1ubuntu1~22.04)
  configuration: --prefix=/usr/lib/jellyfin-ffmpeg --target-os=linux --extra-libs=-lfftw3f --extra-version=Jellyfin --disable-doc --disable-ffplay --disable-ptx-compression --disable-static --disable-libxcb --disable-sdl2 --disable-xlib --enable-lto --enable-gpl --enable-version3 --enable-shared --enable-gmp --enable-gnutls --enable-chromaprint --enable-libdrm --enable-libass --enable-libfreetype --enable-libfribidi --enable-libfontconfig --enable-libbluray --enable-libmp3lame --enable-libopus --enable-libtheora --enable-libvorbis --enable-libopenmpt --enable-libdav1d --enable-libsvtav1 --enable-libwebp --enable-libvpx --enable-libx264 --enable-libx265 --enable-libzvbi --enable-libzimg --enable-libfdk-aac --arch=amd64 --enable-libshaderc --enable-libplacebo --enable-vulkan --enable-opencl --enable-vaapi --enable-amf --enable-libmfx --enable-ffnvcodec --enable-cuda --enable-cuda-llvm --enable-cuvid --enable-nvdec --enable-nvenc
  libavutil      57. 28.100 / 57. 28.100
  libavcodec     59. 37.100 / 59. 37.100
  libavformat    59. 27.100 / 59. 27.100
  libavdevice    59.  7.100 / 59.  7.100
  libavfilter     8. 44.100 /  8. 44.100
  libswscale      6.  7.100 /  6.  7.100
  libswresample   4.  7.100 /  4.  7.100
  libpostproc    56.  6.100 / 56.  6.100
Input #0, matroska,webm, from 'file:/data/tv/The Bear/Season 1/The.Bear.S01E01.System.2160p.HULU.WEB-DL.DDP5.1.H.265-PrimeFix.mkv':
  Metadata:
    encoder         : libebml v1.4.2 + libmatroska v1.6.4
    creation_time   : 2023-12-31T08:19:22.000000Z
  Duration: 00:27:58.08, start: 0.000000, bitrate: 15654 kb/s
  Stream #0:0: Video: hevc (Main 10), yuv420p10le(tv), 3840x2160 [SAR 1:1 DAR 16:9], 23.98 fps, 23.98 tbr, 1k tbn (default)
    Metadata:
      BPS             : 15397297
      DURATION        : 00:27:57.968000000
      NUMBER_OF_FRAMES: 40231
      NUMBER_OF_BYTES : 3229521653
      _STATISTICS_WRITING_APP: mkvmerge v63.0.0 ('Everything') 32-bit
      _STATISTICS_WRITING_DATE_UTC: 2023-12-31 08:19:22
      _STATISTICS_TAGS: BPS DURATION NUMBER_OF_FRAMES NUMBER_OF_BYTES
  Stream #0:1(eng): Audio: eac3, 48000 Hz, 5.1(side), fltp, 256 kb/s (default)
    Metadata:
      BPS             : 256000
      DURATION        : 00:27:58.080000000
      NUMBER_OF_FRAMES: 52440
      NUMBER_OF_BYTES : 53698560
      _STATISTICS_WRITING_APP: mkvmerge v63.0.0 ('Everything') 32-bit
      _STATISTICS_WRITING_DATE_UTC: 2023-12-31 08:19:22
      _STATISTICS_TAGS: BPS DURATION NUMBER_OF_FRAMES NUMBER_OF_BYTES
  Stream #0:2(eng): Subtitle: subrip
    Metadata:
      BPS             : 107
      DURATION        : 00:27:28.696000000
      NUMBER_OF_FRAMES: 602
      NUMBER_OF_BYTES : 22057
      _STATISTICS_WRITING_APP: mkvmerge v63.0.0 ('Everything') 32-bit
      _STATISTICS_WRITING_DATE_UTC: 2023-12-31 08:19:22
      _STATISTICS_TAGS: BPS DURATION NUMBER_OF_FRAMES NUMBER_OF_BYTES
Stream mapping:
  Stream #0:0 -> #0:0 (hevc (native) -> h264 (libx264))
  Stream #0:1 -> #0:1 (eac3 (native) -> aac (libfdk_aac))
Press [q] to stop, [?] for help
[libx264 @ 0x55adacd3ab40] using SAR=1/1
[libx264 @ 0x55adacd3ab40] using cpu capabilities: MMX2 SSE2Fast SSSE3 SSE4.2 AVX FMA3 BMI2 AVX2
[libx264 @ 0x55adacd3ab40] profile Main, level 5.1, 4:2:0, 8-bit
[libx264 @ 0x55adacd3ab40] 264 - core 163 r3060 5db6aa6 - H.264/MPEG-4 AVC codec - Copyleft 2003-2021 - http://www.videolan.org/x264.html - options: cabac=1 ref=1 deblock=1:0:0 analyse=0x1:0 me=dia subme=0 psy=1 psy_rd=1.00:0.00 mixed_ref=0 me_range=4 chroma_me=0 trellis=0 8x8dct=0 cqm=0 deadzone=21,11 fast_pskip=1 chroma_qp_offset=0 threads=12 lookahead_threads=2 sliced_threads=0 nr=0 decimate=1 interlaced=0 bluray_compat=0 constrained_intra=0 bframes=3 b_pyramid=2 b_adapt=1 b_bias=0 direct=1 weightb=1 open_gop=0 weightp=1 keyint=250 keyint_min=23 scenecut=0 intra_refresh=0 rc_lookahead=10 rc=crf mbtree=1 crf=23.0 qcomp=0.60 qpmin=0 qpmax=69 qpstep=4 vbv_maxrate=26090 vbv_bufsize=52181 crf_max=0.0 nal_hrd=none filler=0 ip_ratio=1.40 aq=1:1.00
Output #0, hls, to '/config/data/transcodes/a6399ded82a6762021453974895b7246.m3u8':
  Metadata:
    encoder         : Lavf59.27.100
  Stream #0:0: Video: h264, yuv420p(tv, bt709, progressive), 3840x2160 [SAR 1:1 DAR 16:9], q=2-31, 23.98 fps, 90k tbn (default)
    Metadata:
      encoder         : Lavc59.37.100 libx264
    Side data:
      cpb: bitrate max/min/avg: 26090000/0/0 buffer size: 52181000 vbv_delay: N/A
  Stream #0:1: Audio: aac, 48000 Hz, stereo, s16, 384 kb/s (default)
    Metadata:
      encoder         : Lavc59.37.100 libfdk_aac
frame=    1 fps=0.0 q=0.0 size=N/A time=00:00:00.00 bitrate=N/A speed=   0x    
frame=   17 fps=0.0 q=0.0 size=N/A time=00:00:00.76 bitrate=N/A speed=0.815x    
frame=   30 fps= 20 q=28.0 size=N/A time=00:00:01.02 bitrate=N/A speed=0.691x    
frame=   43 fps= 21 q=28.0 size=N/A time=00:00:01.60 bitrate=N/A speed=0.787x    
frame=   56 fps= 22 q=28.0 size=N/A time=00:00:02.17 bitrate=N/A speed=0.839x    
frame=   69 fps= 22 q=28.0 size=N/A time=00:00:02.96 bitrate=N/A speed=0.958x    
frame=   81 fps= 22 q=28.0 size=N/A time=00:00:03.41 bitrate=N/A speed=0.947x    
frame=   93 fps= 22 q=28.0 size=N/A time=00:00:03.66 bitrate=N/A speed=0.883x    
frame=  107 fps= 23 q=28.0 size=N/A time=00:00:04.43 bitrate=N/A speed=0.951x    
frame=  118 fps= 22 q=28.0 size=N/A time=00:00:04.73 bitrate=N/A speed=0.902x    
frame=  131 fps= 23 q=28.0 size=N/A time=00:00:05.56 bitrate=N/A speed=0.967x    
frame=  141 fps= 22 q=28.0 size=N/A time=00:00:05.69 bitrate=N/A speed=0.908x    
frame=  152 fps= 22 q=28.0 size=N/A time=00:00:06.29 bitrate=N/A speed=0.929x    
frame=  164 fps= 22 q=28.0 size=N/A time=00:00:06.72 bitrate=N/A speed=0.921x    
frame=  176 fps= 22 q=28.0 size=N/A time=00:00:07.25 bitrate=N/A speed=0.923x    
frame=  189 fps= 23 q=28.0 size=N/A time=00:00:07.76 bitrate=N/A speed=0.928x    
frame=  202 fps= 23 q=28.0 size=N/A time=00:00:08.34 bitrate=N/A speed=0.934x    
frame=  216 fps= 23 q=28.0 size=N/A time=00:00:08.78 bitrate=N/A speed=0.923x    
frame=  229 fps= 23 q=28.0 size=N/A time=00:00:09.34 bitrate=N/A speed=0.925x    
frame=  243 fps= 23 q=28.0 size=N/A time=00:00:10.06 bitrate=N/A speed=0.947x    
frame=  256 fps= 23 q=28.0 size=N/A time=00:00:10.45 bitrate=N/A speed=0.932x    
frame=  267 fps= 23 q=28.0 size=N/A time=00:00:11.02 bitrate=N/A speed=0.939x    
[hls @ 0x55adacd22080] Opening '/config/data/transcodes/a6399ded82a6762021453974895b7246218.ts' for writing
frame=  281 fps= 23 q=28.0 size=N/A time=00:00:11.90 bitrate=N/A speed=0.971x    
frame=  296 fps= 23 q=28.0 size=N/A time=00:00:12.35 bitrate=N/A speed=0.962x    
frame=  312 fps= 23 q=28.0 size=N/A time=00:00:13.12 bitrate=N/A speed=0.978x    
frame=  327 fps= 23 q=28.0 size=N/A time=00:00:13.63 bitrate=N/A speed=0.979x    
frame=  340 fps= 24 q=28.0 size=N/A time=00:00:14.33 bitrate=N/A speed=0.991x    
frame=  353 fps= 24 q=28.0 size=N/A time=00:00:14.52 bitrate=N/A speed=0.969x    
frame=  370 fps= 24 q=28.0 size=N/A time=00:00:15.36 bitrate=N/A speed=0.988x    
frame=  386 fps= 24 q=28.0 size=N/A time=00:00:15.89 bitrate=N/A speed=0.985x    
frame=  398 fps= 24 q=28.0 size=N/A time=00:00:16.44 bitrate=N/A speed=0.987x    
frame=  410 fps= 24 q=28.0 size=N/A time=00:00:16.91 bitrate=N/A speed=0.985x    
frame=  424 fps= 24 q=28.0 size=N/A time=00:00:17.42 bitrate=N/A speed=0.984x    
frame=  436 fps= 24 q=28.0 size=N/A time=00:00:18.19 bitrate=N/A speed=0.998x    
frame=  448 fps= 24 q=28.0 size=N/A time=00:00:18.49 bitrate=N/A speed=0.987x    
frame=  458 fps= 24 q=28.0 size=N/A time=00:00:19.02 bitrate=N/A speed=0.989x    
frame=  471 fps= 24 q=28.0 size=N/A time=00:00:19.58 bitrate=N/A speed=0.99x    
frame=  484 fps= 24 q=28.0 size=N/A time=00:00:20.03 bitrate=N/A speed=0.987x    
frame=  498 fps= 24 q=28.0 size=N/A time=00:00:20.80 bitrate=N/A speed=   1x    
frame=  510 fps= 24 q=28.0 size=N/A time=00:00:21.05 bitrate=N/A speed=0.988x    
frame=  524 fps= 24 q=28.0 size=N/A time=00:00:21.76 bitrate=N/A speed=0.997x    
[hls @ 0x55adacd22080] Opening '/config/data/transcodes/a6399ded82a6762021453974895b7246219.ts' for writing
frame=  536 fps= 24 q=28.0 size=N/A time=00:00:22.27 bitrate=N/A speed=0.997x    
frame=  549 fps= 24 q=28.0 size=N/A time=00:00:22.74 bitrate=N/A speed=0.995x    
frame=  563 fps= 24 q=28.0 size=N/A time=00:00:23.57 bitrate=N/A speed=1.01x    
frame=  576 fps= 24 q=28.0 size=N/A time=00:00:23.89 bitrate=N/A speed=0.998x    

[q] command received. Exiting.

[hls @ 0x55adacd22080] Opening '/config/data/transcodes/a6399ded82a6762021453974895b7246220.ts' for writing
frame=  576 fps= 24 q=-1.0 Lsize=N/A time=00:00:23.93 bitrate=N/A speed=0.988x    
video:54802kB audio:1151kB subtitle:0kB other streams:0kB global headers:0kB muxing overhead: unknown
[libx264 @ 0x55adacd3ab40] frame I:3     Avg QP:20.42  size:254918
[libx264 @ 0x55adacd3ab40] frame P:307   Avg QP:22.18  size:113557
[libx264 @ 0x55adacd3ab40] frame B:266   Avg QP:23.13  size: 77027
[libx264 @ 0x55adacd3ab40] consecutive B-frames: 30.4% 19.1% 15.1% 35.4%
[libx264 @ 0x55adacd3ab40] mb I  I16..4: 87.4%  0.0% 12.6%
[libx264 @ 0x55adacd3ab40] mb P  I16..4: 69.3%  0.0%  0.0%  P16..4: 12.5%  0.0%  0.0%  0.0%  0.0%    skip:18.2%
[libx264 @ 0x55adacd3ab40] mb B  I16..4: 20.6%  0.0%  0.0%  B16..8: 22.1%  0.0%  0.0%  direct:15.3%  skip:42.1%  L0:47.0% L1:49.2% BI: 3.8%
[libx264 @ 0x55adacd3ab40] coded y,uvDC,uvAC intra: 28.3% 43.8% 4.8% inter: 9.2% 24.3% 0.2%
[libx264 @ 0x55adacd3ab40] i16 v,h,dc,p: 26% 20% 29% 25%
[libx264 @ 0x55adacd3ab40] i4 v,h,dc,ddl,ddr,vr,hd,vl,hu: 20% 18% 31%  9%  5%  4%  4%  4%  4%
[libx264 @ 0x55adacd3ab40] i8c dc,h,v,p: 44% 26% 22%  8%
[libx264 @ 0x55adacd3ab40] Weighted P-Frames: Y:0.7% UV:0.3%
[libx264 @ 0x55adacd3ab40] kb/s:18686.70