[00:00:00 DBG] Recyclarr Version: 7.2.4+Branch.master.Sha.a3f6a142253bf17e786ce1a35bd14cd82db3b4d7
[00:00:00 DBG] App Data Dir: /config
[00:00:00 DBG] Config Templates Repo: Using Branch & Clone URL: master, https://github.com/recyclarr/config-templates.git
[00:00:00 DBG] Trash Guides Repo: Using Branch & Clone URL: master, https://github.com/TRaSH-Guides/Guides.git
[00:00:00 DBG] Config Templates Repo: Executing git command with args: ["status"]
[00:00:00 DBG] Trash Guides Repo: Executing git command with args: ["status"]
[00:00:00 DBG] Config Templates Repo: Using working directory: /config/repositories/config-templates
[00:00:00 DBG] Trash Guides Repo: Using working directory: /config/repositories/trash-guides
[00:00:00 DBG] Trash Guides Repo: Command Output: On branch master
Your branch is up to date with 'origin/master'.

nothing to commit, working tree clean
[00:00:00 DBG] Config Templates Repo: Command Output: On branch master
Your branch is up to date with 'origin/master'.

nothing to commit, working tree clean
[00:00:00 DBG] Trash Guides Repo: Executing git command with args: ["remote","set-url","origin","https://github.com/TRaSH-Guides/Guides.git"]
[00:00:00 DBG] Trash Guides Repo: Using working directory: /config/repositories/trash-guides
[00:00:00 DBG] Config Templates Repo: Executing git command with args: ["remote","set-url","origin","https://github.com/recyclarr/config-templates.git"]
[00:00:00 DBG] Config Templates Repo: Using working directory: /config/repositories/config-templates
[00:00:00 DBG] Config Templates Repo: Command Output: 
[00:00:00 DBG] Trash Guides Repo: Command Output: 
[00:00:00 DBG] Config Templates Repo: Remote 'origin' set to https://github.com/recyclarr/config-templates.git
[00:00:00 DBG] Trash Guides Repo: Remote 'origin' set to https://github.com/TRaSH-Guides/Guides.git
[00:00:00 DBG] Config Templates Repo: Executing git command with args: ["checkout","-f","master"]
[00:00:00 DBG] Trash Guides Repo: Executing git command with args: ["checkout","-f","master"]
[00:00:00 DBG] Config Templates Repo: Using working directory: /config/repositories/config-templates
[00:00:00 DBG] Trash Guides Repo: Using working directory: /config/repositories/trash-guides
[00:00:00 DBG] Config Templates Repo: Command Output: Your branch is up to date with 'origin/master'.
[00:00:00 DBG] Config Templates Repo: Executing git command with args: ["fetch","origin"]
[00:00:00 DBG] Config Templates Repo: Using working directory: /config/repositories/config-templates
[00:00:00 DBG] Trash Guides Repo: Command Output: Your branch is up to date with 'origin/master'.
[00:00:00 DBG] Trash Guides Repo: Executing git command with args: ["fetch","origin"]
[00:00:00 DBG] Trash Guides Repo: Using working directory: /config/repositories/trash-guides
[00:00:01 DBG] Trash Guides Repo: Command Output: 
[00:00:01 DBG] Config Templates Repo: Command Output: 
[00:00:01 DBG] Trash Guides Repo: Executing git command with args: ["reset","--hard","origin/master"]
[00:00:01 DBG] Trash Guides Repo: Using working directory: /config/repositories/trash-guides
[00:00:01 DBG] Config Templates Repo: Executing git command with args: ["reset","--hard","origin/master"]
[00:00:01 DBG] Config Templates Repo: Using working directory: /config/repositories/config-templates
[00:00:01 DBG] Config Templates Repo: Command Output: HEAD is now at 98ef6bc feat: Update 2024-10-02 (#92)
[00:00:01 DBG] Trash Guides Repo: Command Output: HEAD is now at 12d438aa build(deps): bump mkdocs-material from 9.5.36 to 9.5.39 (#2081)
[00:00:01 DBG] recyclarr.yml: Loading config file: /config/recyclarr.yml
[00:00:01 WRN] recyclarr.yml: DEPRECATED: The `quality_profiles` element under `custom_formats` nodes was detected in your config. This has been renamed to `assign_scores_to`. See: https://recyclarr.dev/wiki/upgrade-guide/v8.0/#assign-scores-to
[00:00:01 WRN] recyclarr.yml: DEPRECATED: The `quality_profiles` element under `custom_formats` nodes was detected in your config. This has been renamed to `assign_scores_to`. See: https://recyclarr.dev/wiki/upgrade-guide/v8.0/#assign-scores-to
[00:00:01 DBG] Include radarr-quality-definition-movie.yml: Loading config file: /config/repositories/config-templates/radarr/includes/quality-definitions/radarr-quality-definition-movie.yml
[00:00:02 DBG] Include radarr-quality-profile-hd-bluray-web.yml: Loading config file: /config/repositories/config-templates/radarr/includes/quality-profiles/radarr-quality-profile-hd-bluray-web.yml
[00:00:02 DBG] Include radarr-custom-formats-hd-bluray-web.yml: Loading config file: /config/repositories/config-templates/radarr/includes/custom-formats/radarr-custom-formats-hd-bluray-web.yml
[00:00:02 DBG] Include radarr-quality-definition-movie.yml: Loading config file: /config/repositories/config-templates/radarr/includes/quality-definitions/radarr-quality-definition-movie.yml
[00:00:02 DBG] Include radarr-quality-profile-uhd-bluray-web.yml: Loading config file: /config/repositories/config-templates/radarr/includes/quality-profiles/radarr-quality-profile-uhd-bluray-web.yml
[00:00:02 DBG] Include radarr-custom-formats-uhd-bluray-web.yml: Loading config file: /config/repositories/config-templates/radarr/includes/custom-formats/radarr-custom-formats-uhd-bluray-web.yml
[00:00:02 DBG] Include radarr-quality-definition-movie.yml: Loading config file: /config/repositories/config-templates/radarr/includes/quality-definitions/radarr-quality-definition-movie.yml
[00:00:02 DBG] Include radarr-quality-profile-remux-web-1080p.yml: Loading config file: /config/repositories/config-templates/radarr/includes/quality-profiles/radarr-quality-profile-remux-web-1080p.yml
[00:00:02 DBG] Include radarr-custom-formats-remux-web-1080p.yml: Loading config file: /config/repositories/config-templates/radarr/includes/custom-formats/radarr-custom-formats-remux-web-1080p.yml
[00:00:02 DBG] Include radarr-quality-definition-movie.yml: Loading config file: /config/repositories/config-templates/radarr/includes/quality-definitions/radarr-quality-definition-movie.yml
[00:00:02 DBG] Include radarr-quality-profile-remux-web-2160p.yml: Loading config file: /config/repositories/config-templates/radarr/includes/quality-profiles/radarr-quality-profile-remux-web-2160p.yml
[00:00:02 DBG] Include radarr-custom-formats-remux-web-2160p.yml: Loading config file: /config/repositories/config-templates/radarr/includes/custom-formats/radarr-custom-formats-remux-web-2160p.yml
[00:00:02 DBG] Include sonarr-quality-definition-series.yml: Loading config file: /config/repositories/config-templates/sonarr/includes/quality-definitions/sonarr-quality-definition-series.yml
[00:00:02 DBG] Include sonarr-v4-quality-profile-web-2160p.yml: Loading config file: /config/repositories/config-templates/sonarr/includes/quality-profiles/sonarr-v4-quality-profile-web-2160p.yml
[00:00:02 DBG] Include sonarr-v4-custom-formats-web-2160p.yml: Loading config file: /config/repositories/config-templates/sonarr/includes/custom-formats/sonarr-v4-custom-formats-web-2160p.yml
[00:00:02 DBG] Include sonarr-quality-definition-series.yml: Loading config file: /config/repositories/config-templates/sonarr/includes/quality-definitions/sonarr-quality-definition-series.yml
[00:00:02 DBG] Include sonarr-v4-quality-profile-web-1080p.yml: Loading config file: /config/repositories/config-templates/sonarr/includes/quality-profiles/sonarr-v4-quality-profile-web-1080p.yml
[00:00:02 DBG] Include sonarr-v4-custom-formats-web-1080p.yml: Loading config file: /config/repositories/config-templates/sonarr/includes/custom-formats/sonarr-v4-custom-formats-web-1080p.yml
[00:00:02 DBG] Processing Radarr server movies
[00:00:02 DBG] HTTP Request: GET http://REDACTED:7878/api/v3/system/status
[00:00:02 DBG] HTTP Response: 200 GET http://REDACTED:7878/api/v3/system/status
[00:00:02 DBG] Radarr Version: 5.11.0.9244
[00:00:02 DBG] Executing Pipeline: Custom Format
[00:00:02 DBG] Loading Custom Format Cache from path: /config/cache/radarr/7de96ad84fa57af3/custom-format-cache.json
[00:00:02 DBG] HTTP Request: GET http://REDACTED:7878/api/v3/customformat
[00:00:02 DBG] HTTP Response: 200 GET http://REDACTED:7878/api/v3/customformat
[00:00:02 DBG] Process transaction for guide CF ed27ebfef2f323e964fb1f61391bcb35 (HD Bluray Tier 01)
[00:00:02 DBG] Process transaction for guide CF c20c8647f2746a1f4c4262b0fbbeeeae (HD Bluray Tier 02)
[00:00:02 DBG] Process transaction for guide CF 5608c71bcebba0a5e666223bae8c9227 (HD Bluray Tier 03)
[00:00:02 DBG] Process transaction for guide CF c20f169ef63c5f40c2def54abaf4438e (WEB Tier 01)
[00:00:02 DBG] Process transaction for guide CF 403816d65392c79236dcb6dd591aeda4 (WEB Tier 02)
[00:00:02 DBG] Process transaction for guide CF af94e0fe497124d1f9ce732069ec8c3b (WEB Tier 03)
[00:00:02 DBG] Process transaction for guide CF e7718d7a3ce595f289bfee26adc178f5 (Repack/Proper)
[00:00:02 DBG] Process transaction for guide CF ae43b294509409a6a13919dedd4764c4 (Repack2)
[00:00:02 DBG] Process transaction for guide CF 5caaaa1c08c1742aa4342d8c4cc463f2 (Repack3)
[00:00:02 DBG] Process transaction for guide CF ed38b889b31be83fda192888e2286d83 (BR-DISK)
[00:00:02 DBG] Process transaction for guide CF 90a6f9a284dff5103f6346090e6280c8 (LQ)
[00:00:02 DBG] Process transaction for guide CF e204b80c87be9497a8a6eaff48f72905 (LQ (Release Title))
[00:00:02 DBG] Process transaction for guide CF dc98083864ea246d05a42df0d05f81cc (x265 (HD))
[00:00:02 DBG] Process transaction for guide CF b8cd450cbfa689c0259a01d9e29ba3d6 (3D)
[00:00:02 DBG] Process transaction for guide CF bfd8eb01832d646a0a89c4deb46f8564 (Upscaled)
[00:00:02 DBG] Process transaction for guide CF 0a3f082873eb454bde444150b70253cc (Extras)
[00:00:02 DBG] Process transaction for guide CF cae4ca30163749b891686f95532519bd (AV1)
[00:00:02 DBG] Process transaction for guide CF cc5e51a9e85a6296ceefe097a77f12f4 (BCORE)
[00:00:02 DBG] Process transaction for guide CF 16622a6911d1ab5d5b8b713d5b0036d4 (CRiT)
[00:00:02 DBG] Process transaction for guide CF 2a6039655313bf5dab1e43523b62c374 (MA)
[00:00:02 DBG] Process transaction for guide CF b3b3a6ac74ecbd56bcdbefa4799fb9df (AMZN)
[00:00:02 DBG] Process transaction for guide CF 40e9380490e748672c2522eaaeb692f7 (ATVP)
[00:00:02 DBG] Process transaction for guide CF 84272245b2988854bfb76a16e60baea5 (DSNP)
[00:00:02 DBG] Process transaction for guide CF 509e5f41146e278f9eab1ddaceb34515 (HBO)
[00:00:02 DBG] Process transaction for guide CF 5763d1b0ce84aff3b21038eea8e9b8ad (HMAX)
[00:00:02 DBG] Process transaction for guide CF 526d445d4c16214309f0fd2b3be18a89 (Hulu)
[00:00:02 DBG] Process transaction for guide CF e0ec9672be6cac914ffad34a6b077209 (iT)
[00:00:02 DBG] Process transaction for guide CF 6a061313d22e51e0f25b7cd4dc065233 (MAX)
[00:00:02 DBG] Process transaction for guide CF 170b1d363bd8516fbf3a3eb05d4faff6 (NF)
[00:00:02 DBG] Process transaction for guide CF c9fd353f8f5f1baf56dc601c4cb29920 (PCOK)
[00:00:02 DBG] Process transaction for guide CF e36a0ba1bc902b26ee40818a1d59b8bd (PMTP)
[00:00:02 DBG] Process transaction for guide CF c2863d2a50c9acad1fb50e53ece60817 (STAN)
[00:00:02 DBG] Process transaction for guide CF c53085ddbd027d9624b320627748612f (DV HDR10+)
[00:00:02 DBG] Process transaction for guide CF e23edd2482476e595fb990b12e7c609c (DV HDR10)
[00:00:02 DBG] Process transaction for guide CF 58d6a88f13e2db7f5059c41047876f00 (DV)
[00:00:02 DBG] Process transaction for guide CF 55d53828b9d81cbe20b02efd00aa0efd (DV HLG)
[00:00:02 DBG] Process transaction for guide CF a3e19f8f627608af0211acd02bf89735 (DV SDR)
[00:00:02 DBG] Process transaction for guide CF b974a6cd08c1066250f1f177d7aa1225 (HDR10+)
[00:00:02 DBG] Process transaction for guide CF dfb86d5941bc9075d6af23b09c2aeecd (HDR10)
[00:00:02 DBG] Process transaction for guide CF e61e28db95d22bedcadf030b8f156d96 (HDR)
[00:00:02 DBG] Process transaction for guide CF 2a4d9069cc1fe3242ff9bdaebed239bb (HDR (undefined))
[00:00:02 DBG] Process transaction for guide CF 08d6d8834ad9ec87b1dc7ec8148e7a1f (PQ)
[00:00:02 DBG] Process transaction for guide CF 9364dd386c9b4a1100dde8264690add7 (HLG)
[00:00:02 DBG] Process transaction for guide CF 4d74ac4c4db0b64bff6ce0cffef99bf0 (UHD Bluray Tier 01)
[00:00:02 DBG] Process transaction for guide CF a58f517a70193f8e578056642178419d (UHD Bluray Tier 02)
[00:00:02 DBG] Process transaction for guide CF e71939fae578037e7aed3ee219bbe7c1 (UHD Bluray Tier 03)
[00:00:02 DBG] Process transaction for guide CF 3a3ff47579026e76d6504ebea39390de (Remux Tier 01)
[00:00:02 DBG] Process transaction for guide CF 9f98181fe5a3fbeb0cc29340da2a468a (Remux Tier 02)
[00:00:02 DBG] Process transaction for guide CF 8baaf0b3142bf4d94c42a724f034e27a (Remux Tier 03)
[00:00:02 DBG] Process transaction for guide CF 9f6cbff8cfe4ebbc1bde14c7b7bec0de (IMAX Enhanced)
[00:00:02 DBG] Process transaction for guide CF 923b6abef9b17f937fab56cfcf89e1f1 (DV (WEBDL))
[00:00:02 DBG] Process transaction for guide CF 9c38ebb7384dada637be8899efa68e6f (SDR)
[00:00:02 DBG] Saving Custom Format Cache to path /config/cache/radarr/7de96ad84fa57af3/custom-format-cache.json
[00:00:02 INF] Skipped 52 Custom Formats that did not change
[00:00:02 DBG] Custom Formats Skipped: {"ed27ebfef2f323e964fb1f61391bcb35":"HD Bluray Tier 01","c20c8647f2746a1f4c4262b0fbbeeeae":"HD Bluray Tier 02","5608c71bcebba0a5e666223bae8c9227":"HD Bluray Tier 03","c20f169ef63c5f40c2def54abaf4438e":"WEB Tier 01","403816d65392c79236dcb6dd591aeda4":"WEB Tier 02","af94e0fe497124d1f9ce732069ec8c3b":"WEB Tier 03","e7718d7a3ce595f289bfee26adc178f5":"Repack/Proper","ae43b294509409a6a13919dedd4764c4":"Repack2","5caaaa1c08c1742aa4342d8c4cc463f2":"Repack3","ed38b889b31be83fda192888e2286d83":"BR-DISK","90a6f9a284dff5103f6346090e6280c8":"LQ","e204b80c87be9497a8a6eaff48f72905":"LQ (Release Title)","dc98083864ea246d05a42df0d05f81cc":"x265 (HD)","b8cd450cbfa689c0259a01d9e29ba3d6":"3D","bfd8eb01832d646a0a89c4deb46f8564":"Upscaled","0a3f082873eb454bde444150b70253cc":"Extras","cae4ca30163749b891686f95532519bd":"AV1","cc5e51a9e85a6296ceefe097a77f12f4":"BCORE","16622a6911d1ab5d5b8b713d5b0036d4":"CRiT","2a6039655313bf5dab1e43523b62c374":"MA","b3b3a6ac74ecbd56bcdbefa4799fb9df":"AMZN","40e9380490e748672c2522eaaeb692f7":"ATVP","84272245b2988854bfb76a16e60baea5":"DSNP","509e5f41146e278f9eab1ddaceb34515":"HBO","5763d1b0ce84aff3b21038eea8e9b8ad":"HMAX","526d445d4c16214309f0fd2b3be18a89":"Hulu","e0ec9672be6cac914ffad34a6b077209":"iT","6a061313d22e51e0f25b7cd4dc065233":"MAX","170b1d363bd8516fbf3a3eb05d4faff6":"NF","c9fd353f8f5f1baf56dc601c4cb29920":"PCOK","e36a0ba1bc902b26ee40818a1d59b8bd":"PMTP","c2863d2a50c9acad1fb50e53ece60817":"STAN","c53085ddbd027d9624b320627748612f":"DV HDR10+","e23edd2482476e595fb990b12e7c609c":"DV HDR10","58d6a88f13e2db7f5059c41047876f00":"DV","55d53828b9d81cbe20b02efd00aa0efd":"DV HLG","a3e19f8f627608af0211acd02bf89735":"DV SDR","b974a6cd08c1066250f1f177d7aa1225":"HDR10+","dfb86d5941bc9075d6af23b09c2aeecd":"HDR10","e61e28db95d22bedcadf030b8f156d96":"HDR","2a4d9069cc1fe3242ff9bdaebed239bb":"HDR (undefined)","08d6d8834ad9ec87b1dc7ec8148e7a1f":"PQ","9364dd386c9b4a1100dde8264690add7":"HLG","4d74ac4c4db0b64bff6ce0cffef99bf0":"UHD Bluray Tier 01","a58f517a70193f8e578056642178419d":"UHD Bluray Tier 02","e71939fae578037e7aed3ee219bbe7c1":"UHD Bluray Tier 03","3a3ff47579026e76d6504ebea39390de":"Remux Tier 01","9f98181fe5a3fbeb0cc29340da2a468a":"Remux Tier 02","8baaf0b3142bf4d94c42a724f034e27a":"Remux Tier 03","9f6cbff8cfe4ebbc1bde14c7b7bec0de":"IMAX Enhanced","923b6abef9b17f937fab56cfcf89e1f1":"DV (WEBDL)","9c38ebb7384dada637be8899efa68e6f":"SDR"}
[00:00:02 INF] All custom formats are already up to date!
[00:00:02 DBG] Executing Pipeline: Quality Definition
[00:00:02 DBG] CF has no score in the guide or config YAML: AMZN (b3b3a6ac74ecbd56bcdbefa4799fb9df)
[00:00:02 DBG] CF has no score in the guide or config YAML: ATVP (40e9380490e748672c2522eaaeb692f7)
[00:00:02 DBG] CF has no score in the guide or config YAML: DSNP (84272245b2988854bfb76a16e60baea5)
[00:00:02 DBG] CF has no score in the guide or config YAML: HBO (509e5f41146e278f9eab1ddaceb34515)
[00:00:02 DBG] CF has no score in the guide or config YAML: HMAX (5763d1b0ce84aff3b21038eea8e9b8ad)
[00:00:02 DBG] CF has no score in the guide or config YAML: Hulu (526d445d4c16214309f0fd2b3be18a89)
[00:00:02 DBG] CF has no score in the guide or config YAML: iT (e0ec9672be6cac914ffad34a6b077209)
[00:00:02 DBG] CF has no score in the guide or config YAML: MAX (6a061313d22e51e0f25b7cd4dc065233)
[00:00:02 DBG] CF has no score in the guide or config YAML: NF (170b1d363bd8516fbf3a3eb05d4faff6)
[00:00:02 DBG] CF has no score in the guide or config YAML: PCOK (c9fd353f8f5f1baf56dc601c4cb29920)
[00:00:02 DBG] CF has no score in the guide or config YAML: PMTP (e36a0ba1bc902b26ee40818a1d59b8bd)
[00:00:02 DBG] CF has no score in the guide or config YAML: STAN (c2863d2a50c9acad1fb50e53ece60817)
[00:00:02 DBG] CF has no score in the guide or config YAML: AMZN (b3b3a6ac74ecbd56bcdbefa4799fb9df)
[00:00:02 DBG] CF has no score in the guide or config YAML: ATVP (40e9380490e748672c2522eaaeb692f7)
[00:00:02 DBG] CF has no score in the guide or config YAML: DSNP (84272245b2988854bfb76a16e60baea5)
[00:00:02 DBG] CF has no score in the guide or config YAML: HBO (509e5f41146e278f9eab1ddaceb34515)
[00:00:02 DBG] CF has no score in the guide or config YAML: HMAX (5763d1b0ce84aff3b21038eea8e9b8ad)
[00:00:02 DBG] CF has no score in the guide or config YAML: Hulu (526d445d4c16214309f0fd2b3be18a89)
[00:00:02 DBG] CF has no score in the guide or config YAML: iT (e0ec9672be6cac914ffad34a6b077209)
[00:00:02 DBG] CF has no score in the guide or config YAML: MAX (6a061313d22e51e0f25b7cd4dc065233)
[00:00:02 DBG] CF has no score in the guide or config YAML: NF (170b1d363bd8516fbf3a3eb05d4faff6)
[00:00:02 DBG] CF has no score in the guide or config YAML: PCOK (c9fd353f8f5f1baf56dc601c4cb29920)
[00:00:02 DBG] CF has no score in the guide or config YAML: PMTP (e36a0ba1bc902b26ee40818a1d59b8bd)
[00:00:02 DBG] CF has no score in the guide or config YAML: STAN (c2863d2a50c9acad1fb50e53ece60817)
[00:00:02 DBG] CF has no score in the guide or config YAML: AMZN (b3b3a6ac74ecbd56bcdbefa4799fb9df)
[00:00:02 DBG] CF has no score in the guide or config YAML: ATVP (40e9380490e748672c2522eaaeb692f7)
[00:00:02 DBG] CF has no score in the guide or config YAML: DSNP (84272245b2988854bfb76a16e60baea5)
[00:00:02 DBG] CF has no score in the guide or config YAML: HBO (509e5f41146e278f9eab1ddaceb34515)
[00:00:02 DBG] CF has no score in the guide or config YAML: HMAX (5763d1b0ce84aff3b21038eea8e9b8ad)
[00:00:02 DBG] CF has no score in the guide or config YAML: Hulu (526d445d4c16214309f0fd2b3be18a89)
[00:00:02 DBG] CF has no score in the guide or config YAML: iT (e0ec9672be6cac914ffad34a6b077209)
[00:00:02 DBG] CF has no score in the guide or config YAML: MAX (6a061313d22e51e0f25b7cd4dc065233)
[00:00:02 DBG] CF has no score in the guide or config YAML: NF (170b1d363bd8516fbf3a3eb05d4faff6)
[00:00:02 DBG] CF has no score in the guide or config YAML: PCOK (c9fd353f8f5f1baf56dc601c4cb29920)
[00:00:02 DBG] CF has no score in the guide or config YAML: PMTP (e36a0ba1bc902b26ee40818a1d59b8bd)
[00:00:02 DBG] CF has no score in the guide or config YAML: STAN (c2863d2a50c9acad1fb50e53ece60817)
[00:00:02 DBG] HTTP Request: GET http://REDACTED:7878/api/v3/qualityprofile
[00:00:02 DBG] HTTP Response: 200 GET http://REDACTED:7878/api/v3/qualityprofile
[00:00:02 DBG] HTTP Request: GET http://REDACTED:7878/api/v3/qualityprofile/schema
[00:00:02 DBG] HTTP Response: 200 GET http://REDACTED:7878/api/v3/qualityprofile/schema
[00:00:02 DBG] Updates for profile HD Bluray + WEB
[00:00:02 DBG] Upgrade Allowed: True -> True
[00:00:02 DBG] Cutoff: Bluray-1080p -> Bluray-1080p
[00:00:02 DBG] Cutoff Score: 10000 -> 10000
[00:00:02 DBG] Minimum Score: 0 -> 0
[00:00:02 DBG] Updates for profile UHD Bluray + WEB
[00:00:02 DBG] Upgrade Allowed: True -> True
[00:00:02 DBG] Cutoff: Bluray-2160p -> Bluray-2160p
[00:00:02 DBG] Cutoff Score: 10000 -> 10000
[00:00:02 DBG] Minimum Score: 0 -> 0
[00:00:02 DBG] Updates for profile Remux + WEB 1080p
[00:00:02 DBG] Upgrade Allowed: True -> True
[00:00:02 DBG] Cutoff: Remux-1080p -> Remux-1080p
[00:00:02 DBG] Cutoff Score: 10000 -> 10000
[00:00:02 DBG] Minimum Score: 0 -> 0
[00:00:02 DBG] Updates for profile Remux + WEB 2160p
[00:00:02 DBG] Upgrade Allowed: True -> True
[00:00:02 DBG] Cutoff: Remux-2160p -> Remux-2160p
[00:00:02 DBG] Cutoff Score: 10000 -> 10000
[00:00:02 DBG] Minimum Score: 0 -> 0
[00:00:02 DBG] These profiles have no changes and will not be persisted: ["HD Bluray + WEB","UHD Bluray + WEB","Remux + WEB 1080p","Remux + WEB 2160p"]
[00:00:02 INF] All quality profiles are up to date!
[00:00:02 DBG] Executing Pipeline: Quality Definition
[00:00:02 DBG] HTTP Request: GET http://REDACTED:7878/api/v3/qualitydefinition
[00:00:02 DBG] HTTP Response: 200 GET http://REDACTED:7878/api/v3/qualitydefinition
[00:00:02 DBG] Processed Quality HDTV-720p: [IsDifferent: False] [Min: 17.1, 17.1] [Max: null, 2000 (2000)] [Preferred: null, 1999 (1999)]
[00:00:02 DBG] Processed Quality WEBDL-720p: [IsDifferent: False] [Min: 12.5, 12.5] [Max: null, 2000 (2000)] [Preferred: null, 1999 (1999)]
[00:00:02 DBG] Processed Quality WEBRip-720p: [IsDifferent: False] [Min: 12.5, 12.5] [Max: null, 2000 (2000)] [Preferred: null, 1999 (1999)]
[00:00:02 DBG] Processed Quality Bluray-720p: [IsDifferent: False] [Min: 25.7, 25.7] [Max: null, 2000 (2000)] [Preferred: null, 1999 (1999)]
[00:00:02 DBG] Processed Quality HDTV-1080p: [IsDifferent: False] [Min: 33.8, 33.8] [Max: null, 2000 (2000)] [Preferred: null, 1999 (1999)]
[00:00:02 DBG] Processed Quality WEBDL-1080p: [IsDifferent: False] [Min: 12.5, 12.5] [Max: null, 2000 (2000)] [Preferred: null, 1999 (1999)]
[00:00:02 DBG] Processed Quality WEBRip-1080p: [IsDifferent: False] [Min: 12.5, 12.5] [Max: null, 2000 (2000)] [Preferred: null, 1999 (1999)]
[00:00:02 DBG] Processed Quality Bluray-1080p: [IsDifferent: False] [Min: 50.8, 50.8] [Max: null, 2000 (2000)] [Preferred: null, 1999 (1999)]
[00:00:02 DBG] Processed Quality Remux-1080p: [IsDifferent: False] [Min: 102, 102] [Max: null, 2000 (2000)] [Preferred: null, 1999 (1999)]
[00:00:02 DBG] Processed Quality HDTV-2160p: [IsDifferent: False] [Min: 85, 85] [Max: null, 2000 (2000)] [Preferred: null, 1999 (1999)]
[00:00:02 DBG] Processed Quality WEBDL-2160p: [IsDifferent: False] [Min: 34.5, 34.5] [Max: null, 2000 (2000)] [Preferred: null, 1999 (1999)]
[00:00:02 DBG] Processed Quality WEBRip-2160p: [IsDifferent: False] [Min: 34.5, 34.5] [Max: null, 2000 (2000)] [Preferred: null, 1999 (1999)]
[00:00:02 DBG] Processed Quality Bluray-2160p: [IsDifferent: False] [Min: 102, 102] [Max: null, 2000 (2000)] [Preferred: null, 1999 (1999)]
[00:00:02 DBG] Processed Quality Remux-2160p: [IsDifferent: False] [Min: 187.4, 187.4] [Max: null, 2000 (2000)] [Preferred: null, 1999 (1999)]
[00:00:02 DBG] No size data available to persist; skipping API call
[00:00:02 INF] All sizes for quality definition movie are already up to date!
[00:00:02 DBG] Executing Pipeline: Media Naming
[00:00:02 DBG] No media naming changes to process
[00:00:02 INF] Completed at 10/05/2024 00:00:02
[00:00:02 DBG] Processing Sonarr server series
[00:00:02 DBG] HTTP Request: GET http://REDACTED:8989/api/v3/system/status
[00:00:02 DBG] HTTP Response: 200 GET http://REDACTED:8989/api/v3/system/status
[00:00:02 DBG] Sonarr Version: 4.0.9.2244
[00:00:02 DBG] Executing Pipeline: Custom Format
[00:00:02 DBG] Loading Custom Format Cache from path: /config/cache/sonarr/baa8de56199cb645/custom-format-cache.json
[00:00:02 DBG] HTTP Request: GET http://REDACTED:8989/api/v3/customformat
[00:00:02 DBG] HTTP Response: 200 GET http://REDACTED:8989/api/v3/customformat
[00:00:02 DBG] Process transaction for guide CF 2b239ed870daba8126a53bd5dc8dc1c8 (DV HDR10+)
[00:00:02 DBG] Process transaction for guide CF 7878c33f1963fefb3d6c8657d46c2f0a (DV HDR10)
[00:00:02 DBG] Process transaction for guide CF 1f733af03141f068a540eec352589a89 (DV HLG)
[00:00:02 DBG] Process transaction for guide CF 27954b0a80aab882522a88a4d9eae1cd (DV SDR)
[00:00:02 DBG] Process transaction for guide CF 6d0d8de7b57e35518ac0308b0ddf404e (DV)
[00:00:02 DBG] Process transaction for guide CF bb019e1cd00f304f80971c965de064dc (HDR (undefined))
[00:00:02 DBG] Process transaction for guide CF 3e2c4e748b64a1a1118e0ea3f4cf6875 (HDR)
[00:00:02 DBG] Process transaction for guide CF 3497799d29a085e2ac2df9d468413c94 (HDR10)
[00:00:02 DBG] Process transaction for guide CF a3d82cbef5039f8d295478d28a887159 (HDR10+)
[00:00:02 DBG] Process transaction for guide CF 17e889ce13117940092308f48b48b45b (HLG)
[00:00:02 DBG] Process transaction for guide CF 2a7e3be05d3861d6df7171ec74cad727 (PQ)
[00:00:02 DBG] Process transaction for guide CF 85c61753df5da1fb2aab6f2a47426b09 (BR-DISK)
[00:00:02 DBG] Process transaction for guide CF 9c11cd3f07101cdba90a2d81cf0e56b4 (LQ)
[00:00:02 DBG] Process transaction for guide CF e2315f990da2e2cbfc9fa5b7a6fcfe48 (LQ (Release Title))
[00:00:02 DBG] Process transaction for guide CF 47435ece6b99a0b477caf360e79ba0bb (x265 (HD))
[00:00:02 DBG] Process transaction for guide CF fbcb31d8dabd2a319072b84fc0b7249c (Extras)
[00:00:02 DBG] Process transaction for guide CF 15a05bc7c1a36e2b57fd628f8977e2fc (AV1)
[00:00:02 DBG] Process transaction for guide CF ec8fa7296b64e8cd390a1600981f3923 (Repack/Proper)
[00:00:02 DBG] Process transaction for guide CF eb3d5cc0a2be0db205fb823640db6a3c (Repack v2)
[00:00:02 DBG] Process transaction for guide CF 44e7c4de10ae50265753082e5dc76047 (Repack v3)
[00:00:02 DBG] Process transaction for guide CF d660701077794679fd59e8bdf4ce3a29 (AMZN)
[00:00:02 DBG] Process transaction for guide CF f67c9ca88f463a48346062e8ad07713f (ATVP)
[00:00:02 DBG] Process transaction for guide CF 77a7b25585c18af08f60b1547bb9b4fb (CC)
[00:00:02 DBG] Process transaction for guide CF 36b72f59f4ea20aad9316f475f2d9fbb (DCU)
[00:00:02 DBG] Process transaction for guide CF dc5f2bb0e0262155b5fedd0f6c5d2b55 (DSCP)
[00:00:02 DBG] Process transaction for guide CF 89358767a60cc28783cdc3d0be9388a4 (DSNP)
[00:00:02 DBG] Process transaction for guide CF 7a235133c87f7da4c8cccceca7e3c7a6 (HBO)
[00:00:02 DBG] Process transaction for guide CF a880d6abc21e7c16884f3ae393f84179 (HMAX)
[00:00:02 DBG] Process transaction for guide CF f6cce30f1733d5c8194222a7507909bb (HULU)
[00:00:02 DBG] Process transaction for guide CF 0ac24a2a68a9700bcb7eeca8e5cd644c (iT)
[00:00:02 DBG] Process transaction for guide CF 81d1fbf600e2540cee87f3a23f9d3c1c (MAX)
[00:00:02 DBG] Process transaction for guide CF d34870697c9db575f17700212167be23 (NF)
[00:00:02 DBG] Process transaction for guide CF 1656adc6d7bb2c8cca6acfb6592db421 (PCOK)
[00:00:02 DBG] Process transaction for guide CF c67a75ae4a1715f2bb4d492755ba4195 (PMTP)
[00:00:02 DBG] Process transaction for guide CF ae58039e1319178e6be73caab5c42166 (SHO)
[00:00:02 DBG] Process transaction for guide CF 1efe8da11bfd74fbbcd4d8117ddb9213 (STAN)
[00:00:02 DBG] Process transaction for guide CF 9623c5c9cac8e939c1b9aedd32f640bf (SYFY)
[00:00:02 DBG] Process transaction for guide CF 43b3cf48cb385cd3eac608ee6bca7f09 (UHD Streaming Boost)
[00:00:02 DBG] Process transaction for guide CF d2d299244a92b8a52d4921ce3897a256 (UHD Streaming Cut)
[00:00:02 DBG] Process transaction for guide CF e6258996055b9fbab7e9cb2f75819294 (WEB Tier 01)
[00:00:02 DBG] Process transaction for guide CF 58790d4e2fdcd9733aa7ae68ba2bb503 (WEB Tier 02)
[00:00:02 DBG] Process transaction for guide CF d84935abd3f8556dcd51d4f27e22d0a6 (WEB Tier 03)
[00:00:02 DBG] Process transaction for guide CF d0c516558625b04b363fa6c5c2c7cfd4 (WEB Scene)
[00:00:02 DBG] Process transaction for guide CF 9b27ab6498ec0f31a3353992e19434ca (DV (WEBDL))
[00:00:02 DBG] Process transaction for guide CF 2016d1676f5ee13a5b7257ff86ac9a93 (SDR)
[00:00:02 DBG] Saving Custom Format Cache to path /config/cache/sonarr/baa8de56199cb645/custom-format-cache.json
[00:00:02 WRN] Custom Format with name x265 (HD) (Trash ID: 47435ece6b99a0b477caf360e79ba0bb) will be skipped because another CF already exists with that name (ID: 2). To fix the conflict, delete or rename the CF with the mentioned name
[00:00:02 INF] Skipped 44 Custom Formats that did not change
[00:00:02 DBG] Custom Formats Skipped: {"2b239ed870daba8126a53bd5dc8dc1c8":"DV HDR10+","7878c33f1963fefb3d6c8657d46c2f0a":"DV HDR10","1f733af03141f068a540eec352589a89":"DV HLG","27954b0a80aab882522a88a4d9eae1cd":"DV SDR","6d0d8de7b57e35518ac0308b0ddf404e":"DV","bb019e1cd00f304f80971c965de064dc":"HDR (undefined)","3e2c4e748b64a1a1118e0ea3f4cf6875":"HDR","3497799d29a085e2ac2df9d468413c94":"HDR10","a3d82cbef5039f8d295478d28a887159":"HDR10+","17e889ce13117940092308f48b48b45b":"HLG","2a7e3be05d3861d6df7171ec74cad727":"PQ","85c61753df5da1fb2aab6f2a47426b09":"BR-DISK","9c11cd3f07101cdba90a2d81cf0e56b4":"LQ","e2315f990da2e2cbfc9fa5b7a6fcfe48":"LQ (Release Title)","fbcb31d8dabd2a319072b84fc0b7249c":"Extras","15a05bc7c1a36e2b57fd628f8977e2fc":"AV1","ec8fa7296b64e8cd390a1600981f3923":"Repack/Proper","eb3d5cc0a2be0db205fb823640db6a3c":"Repack v2","44e7c4de10ae50265753082e5dc76047":"Repack v3","d660701077794679fd59e8bdf4ce3a29":"AMZN","f67c9ca88f463a48346062e8ad07713f":"ATVP","77a7b25585c18af08f60b1547bb9b4fb":"CC","36b72f59f4ea20aad9316f475f2d9fbb":"DCU","dc5f2bb0e0262155b5fedd0f6c5d2b55":"DSCP","89358767a60cc28783cdc3d0be9388a4":"DSNP","7a235133c87f7da4c8cccceca7e3c7a6":"HBO","a880d6abc21e7c16884f3ae393f84179":"HMAX","f6cce30f1733d5c8194222a7507909bb":"HULU","0ac24a2a68a9700bcb7eeca8e5cd644c":"iT","81d1fbf600e2540cee87f3a23f9d3c1c":"MAX","d34870697c9db575f17700212167be23":"NF","1656adc6d7bb2c8cca6acfb6592db421":"PCOK","c67a75ae4a1715f2bb4d492755ba4195":"PMTP","ae58039e1319178e6be73caab5c42166":"SHO","1efe8da11bfd74fbbcd4d8117ddb9213":"STAN","9623c5c9cac8e939c1b9aedd32f640bf":"SYFY","43b3cf48cb385cd3eac608ee6bca7f09":"UHD Streaming Boost","d2d299244a92b8a52d4921ce3897a256":"UHD Streaming Cut","e6258996055b9fbab7e9cb2f75819294":"WEB Tier 01","58790d4e2fdcd9733aa7ae68ba2bb503":"WEB Tier 02","d84935abd3f8556dcd51d4f27e22d0a6":"WEB Tier 03","d0c516558625b04b363fa6c5c2c7cfd4":"WEB Scene","9b27ab6498ec0f31a3353992e19434ca":"DV (WEBDL)","2016d1676f5ee13a5b7257ff86ac9a93":"SDR"}
[00:00:02 INF] All custom formats are already up to date!
[00:00:02 DBG] Executing Pipeline: Quality Definition
[00:00:02 DBG] HTTP Request: GET http://REDACTED:8989/api/v3/qualityprofile
[00:00:02 DBG] HTTP Response: 200 GET http://REDACTED:8989/api/v3/qualityprofile
[00:00:02 DBG] HTTP Request: GET http://REDACTED:8989/api/v3/qualityprofile/schema
[00:00:02 DBG] HTTP Response: 200 GET http://REDACTED:8989/api/v3/qualityprofile/schema
[00:00:02 DBG] Updates for profile WEB-2160p
[00:00:02 DBG] Upgrade Allowed: True -> True
[00:00:02 DBG] Cutoff: WEB 2160p -> WEB 2160p
[00:00:02 DBG] Cutoff Score: 10000 -> 10000
[00:00:02 DBG] Minimum Score: 0 -> 0
[00:00:02 DBG] > Scores updated for quality profile: WEB-2160p
[00:00:02 DBG]   - x265 (HD) (0): 0 -> -10000 (New)
[00:00:02 DBG] Updates for profile WEB-1080p
[00:00:02 DBG] Upgrade Allowed: True -> True
[00:00:02 DBG] Cutoff: WEB 1080p -> WEB 1080p
[00:00:02 DBG] Cutoff Score: 10000 -> 10000
[00:00:02 DBG] Minimum Score: 0 -> 0
[00:00:02 DBG] > Scores updated for quality profile: WEB-1080p
[00:00:02 DBG]   - x265 (HD) (0): 0 -> -10000 (New)
[00:00:02 DBG] HTTP Request: PUT http://REDACTED:8989/api/v3/qualityprofile/17
[00:00:02 DBG] HTTP Response: 202 PUT http://REDACTED:8989/api/v3/qualityprofile/17
[00:00:02 DBG] HTTP Request: PUT http://REDACTED:8989/api/v3/qualityprofile/18
[00:00:02 DBG] HTTP Response: 202 PUT http://REDACTED:8989/api/v3/qualityprofile/18
[00:00:02 INF] Updated 2 Profiles: ["WEB-2160p","WEB-1080p"]
[00:00:02 INF] A total of 2 profiles were synced. 0 contain quality changes and 2 contain updated scores
[00:00:02 DBG] Executing Pipeline: Quality Definition
[00:00:02 DBG] HTTP Request: GET http://REDACTED:8989/api/v3/qualitydefinition
[00:00:02 DBG] HTTP Response: 200 GET http://REDACTED:8989/api/v3/qualitydefinition
[00:00:02 DBG] Processed Quality HDTV-720p: [IsDifferent: False] [Min: 10, 10] [Max: null, 1000 (1000)] [Preferred: null, 995 (995)]
[00:00:02 DBG] Processed Quality HDTV-1080p: [IsDifferent: False] [Min: 15, 15] [Max: null, 1000 (1000)] [Preferred: null, 995 (995)]
[00:00:02 DBG] Processed Quality WEBRip-720p: [IsDifferent: False] [Min: 10, 10] [Max: null, 1000 (1000)] [Preferred: null, 995 (995)]
[00:00:02 DBG] Processed Quality WEBDL-720p: [IsDifferent: False] [Min: 10, 10] [Max: null, 1000 (1000)] [Preferred: null, 995 (995)]
[00:00:02 DBG] Processed Quality Bluray-720p: [IsDifferent: False] [Min: 17.1, 17.1] [Max: null, 1000 (1000)] [Preferred: null, 995 (995)]
[00:00:02 DBG] Processed Quality WEBRip-1080p: [IsDifferent: False] [Min: 15, 15] [Max: null, 1000 (1000)] [Preferred: null, 995 (995)]
[00:00:02 DBG] Processed Quality WEBDL-1080p: [IsDifferent: False] [Min: 15, 15] [Max: null, 1000 (1000)] [Preferred: null, 995 (995)]
[00:00:02 DBG] Processed Quality Bluray-1080p: [IsDifferent: False] [Min: 50.4, 50.4] [Max: null, 1000 (1000)] [Preferred: null, 995 (995)]
[00:00:02 DBG] Processed Quality Bluray-1080p Remux: [IsDifferent: False] [Min: 69.1, 69.1] [Max: null, 1000 (1000)] [Preferred: null, 995 (995)]
[00:00:02 DBG] Processed Quality HDTV-2160p: [IsDifferent: False] [Min: 25, 25] [Max: null, 1000 (1000)] [Preferred: null, 995 (995)]
[00:00:02 DBG] Processed Quality WEBRip-2160p: [IsDifferent: False] [Min: 25, 25] [Max: null, 1000 (1000)] [Preferred: null, 995 (995)]
[00:00:02 DBG] Processed Quality WEBDL-2160p: [IsDifferent: False] [Min: 25, 25] [Max: null, 1000 (1000)] [Preferred: null, 995 (995)]
[00:00:02 DBG] Processed Quality Bluray-2160p: [IsDifferent: False] [Min: 94.6, 94.6] [Max: null, 1000 (1000)] [Preferred: null, 995 (995)]
[00:00:02 DBG] Processed Quality Bluray-2160p Remux: [IsDifferent: False] [Min: 187.4, 187.4] [Max: null, 1000 (1000)] [Preferred: null, 995 (995)]
[00:00:02 DBG] No size data available to persist; skipping API call
[00:00:02 INF] All sizes for quality definition series are already up to date!
[00:00:02 DBG] Executing Pipeline: Media Naming
[00:00:02 DBG] No media naming changes to process
[00:00:02 INF] Completed at 10/05/2024 00:00:02
[00:00:02 DBG] Cleaning up logs using max files of 20
