2024-04-05T21:00:00.008Z [debug][Jobs]: Starting scheduled job: Download Sync 
2024-04-05T21:00:00.014Z [info][Jobs]: Starting scheduled job: Jellyfin Recently Added Sync 
2024-04-05T21:00:00.014Z [info][Jellyfin Sync]: Jellyfin Sync Starting {"sessionId":"29ae4977-4622-4d2b-87d6-c1ab5c2178b4"}
2024-04-05T21:00:00.022Z [info][Jellyfin Sync]: Beginning to process recently added for library: Movies 
2024-04-05T21:00:00.078Z [debug][Jellyfin Sync]: Title already exists and no new media types found The Holdovers 
2024-04-05T21:00:00.549Z [debug][Jellyfin Sync]: Title already exists and no new media types found Steve Jobs 
2024-04-05T21:00:00.550Z [debug][Jellyfin Sync]: Title already exists and no new media types found The French Dispatch 
2024-04-05T21:00:00.806Z [debug][Jellyfin Sync]: Title already exists and no new media types found Saltburn 
2024-04-05T21:00:04.810Z [info][Jellyfin Sync]: Beginning to process recently added for library: Shows 
2024-04-05T21:00:04.854Z [debug][Jellyfin Sync]: Updating existing title: Severance 
2024-04-05T21:00:04.855Z [debug][Jellyfin Sync]: Updating existing title: Shōgun 
2024-04-05T21:00:08.859Z [info][Jellyfin Sync]: Recently Added Scan Complete 
2024-04-05T21:01:00.013Z [debug][Jobs]: Starting scheduled job: Download Sync 
2024-04-05T21:02:00.012Z [debug][Jobs]: Starting scheduled job: Download Sync 
2024-04-05T21:03:00.014Z [debug][Jobs]: Starting scheduled job: Download Sync 
2024-04-05T21:04:00.015Z [debug][Jobs]: Starting scheduled job: Download Sync 
2024-04-05T21:05:00.011Z [debug][Jobs]: Starting scheduled job: Download Sync 
2024-04-05T21:05:00.016Z [info][Jobs]: Starting scheduled job: Jellyfin Recently Added Sync 
2024-04-05T21:05:00.016Z [info][Jellyfin Sync]: Jellyfin Sync Starting {"sessionId":"344a8f58-fd3e-4089-9abc-ff5f8fc4c36b"}
2024-04-05T21:05:00.020Z [info][Jellyfin Sync]: Beginning to process recently added for library: Movies 
2024-04-05T21:05:00.053Z [debug][Jellyfin Sync]: Title already exists and no new media types found The French Dispatch 
2024-04-05T21:05:00.063Z [debug][Jellyfin Sync]: Title already exists and no new media types found Steve Jobs 
2024-04-05T21:05:00.073Z [debug][Jellyfin Sync]: Title already exists and no new media types found Saltburn 
2024-04-05T21:05:00.662Z [debug][Jellyfin Sync]: Title already exists and no new media types found The Holdovers 
2024-04-05T21:05:04.667Z [info][Jellyfin Sync]: Beginning to process recently added for library: Shows 
2024-04-05T21:05:05.153Z [debug][Jellyfin Sync]: Updating existing title: Shōgun 
2024-04-05T21:05:05.520Z [debug][Jellyfin Sync]: Updating existing title: Severance 
2024-04-05T21:05:09.524Z [info][Jellyfin Sync]: Recently Added Scan Complete 
2024-04-05T21:06:00.009Z [debug][Jobs]: Starting scheduled job: Download Sync 
2024-04-05T21:07:00.014Z [debug][Jobs]: Starting scheduled job: Download Sync 
2024-04-05T21:08:00.014Z [debug][Jobs]: Starting scheduled job: Download Sync 
2024-04-05T21:09:00.012Z [debug][Jobs]: Starting scheduled job: Download Sync 
2024-04-05T21:10:00.013Z [debug][Jobs]: Starting scheduled job: Download Sync 
2024-04-05T21:10:00.018Z [info][Jobs]: Starting scheduled job: Jellyfin Recently Added Sync 
2024-04-05T21:10:00.018Z [info][Jellyfin Sync]: Jellyfin Sync Starting {"sessionId":"ef87aaae-23ce-44d8-a874-9106b061b775"}
2024-04-05T21:10:00.022Z [info][Jellyfin Sync]: Beginning to process recently added for library: Movies 
2024-04-05T21:10:00.062Z [debug][Jellyfin Sync]: Title already exists and no new media types found The Holdovers 
2024-04-05T21:10:00.580Z [debug][Jellyfin Sync]: Title already exists and no new media types found Steve Jobs 
2024-04-05T21:10:00.637Z [debug][Jellyfin Sync]: Title already exists and no new media types found The French Dispatch 
2024-04-05T21:10:00.638Z [debug][Jellyfin Sync]: Title already exists and no new media types found Saltburn 
2024-04-05T21:10:04.642Z [info][Jellyfin Sync]: Beginning to process recently added for library: Shows 
2024-04-05T21:10:04.685Z [debug][Jellyfin Sync]: Updating existing title: Shōgun 
2024-04-05T21:10:04.685Z [debug][Jellyfin Sync]: Updating existing title: Severance 
2024-04-05T21:10:08.687Z [info][Jellyfin Sync]: Recently Added Scan Complete 
2024-04-05T21:10:32.502Z [info][Jobs]: Starting scheduled job: Plex Watchlist Sync 
2024-04-05T21:11:00.012Z [debug][Jobs]: Starting scheduled job: Download Sync 
2024-04-05T21:12:00.014Z [debug][Jobs]: Starting scheduled job: Download Sync 
2024-04-05T21:13:00.012Z [debug][Jobs]: Starting scheduled job: Download Sync 
2024-04-05T21:14:00.014Z [debug][Jobs]: Starting scheduled job: Download Sync 
2024-04-05T21:15:00.015Z [debug][Jobs]: Starting scheduled job: Download Sync 
2024-04-05T21:15:00.018Z [info][Jobs]: Starting scheduled job: Jellyfin Recently Added Sync 
2024-04-05T21:15:00.018Z [info][Jellyfin Sync]: Jellyfin Sync Starting {"sessionId":"90662a98-e58f-41a2-8324-1d9aace963f3"}
2024-04-05T21:15:00.023Z [info][Jellyfin Sync]: Beginning to process recently added for library: Movies 
2024-04-05T21:15:00.059Z [debug][Jellyfin Sync]: Title already exists and no new media types found The French Dispatch 
2024-04-05T21:15:00.066Z [debug][Jellyfin Sync]: Title already exists and no new media types found Steve Jobs 
2024-04-05T21:15:00.072Z [debug][Jellyfin Sync]: Title already exists and no new media types found Saltburn 
2024-04-05T21:15:00.711Z [debug][Jellyfin Sync]: Title already exists and no new media types found The Holdovers 
2024-04-05T21:15:04.716Z [info][Jellyfin Sync]: Beginning to process recently added for library: Shows 
2024-04-05T21:15:05.450Z [debug][Jellyfin Sync]: Updating existing title: Severance 
2024-04-05T21:15:05.451Z [debug][Jellyfin Sync]: Updating existing title: Shōgun 
2024-04-05T21:15:09.455Z [info][Jellyfin Sync]: Recently Added Scan Complete 
2024-04-05T21:16:00.012Z [debug][Jobs]: Starting scheduled job: Download Sync 
2024-04-05T21:17:00.013Z [debug][Jobs]: Starting scheduled job: Download Sync 
2024-04-05T21:18:00.013Z [debug][Jobs]: Starting scheduled job: Download Sync 
2024-04-05T21:19:00.014Z [debug][Jobs]: Starting scheduled job: Download Sync 
2024-04-05T21:20:00.012Z [debug][Jobs]: Starting scheduled job: Download Sync 
2024-04-05T21:20:00.015Z [info][Jobs]: Starting scheduled job: Jellyfin Recently Added Sync 
2024-04-05T21:20:00.016Z [info][Jellyfin Sync]: Jellyfin Sync Starting {"sessionId":"bfadf461-07f3-43e6-9352-3b29d2c27a74"}
2024-04-05T21:20:00.019Z [info][Jellyfin Sync]: Beginning to process recently added for library: Movies 
2024-04-05T21:20:00.045Z [debug][Jellyfin Sync]: Title already exists and no new media types found The Holdovers 
2024-04-05T21:20:00.758Z [debug][Jellyfin Sync]: Title already exists and no new media types found Saltburn 
2024-04-05T21:20:00.759Z [debug][Jellyfin Sync]: Title already exists and no new media types found Steve Jobs 
2024-04-05T21:20:00.759Z [debug][Jellyfin Sync]: Title already exists and no new media types found The French Dispatch 
2024-04-05T21:20:04.763Z [info][Jellyfin Sync]: Beginning to process recently added for library: Shows 
2024-04-05T21:20:04.814Z [debug][Jellyfin Sync]: Updating existing title: Severance 
2024-04-05T21:20:04.815Z [debug][Jellyfin Sync]: Updating existing title: Shōgun 
2024-04-05T21:20:08.820Z [info][Jellyfin Sync]: Recently Added Scan Complete 
2024-04-05T21:21:00.011Z [debug][Jobs]: Starting scheduled job: Download Sync 
2024-04-05T21:22:00.013Z [debug][Jobs]: Starting scheduled job: Download Sync 
2024-04-05T21:23:00.012Z [debug][Jobs]: Starting scheduled job: Download Sync 
2024-04-05T21:24:00.013Z [debug][Jobs]: Starting scheduled job: Download Sync 
2024-04-05T21:25:00.013Z [debug][Jobs]: Starting scheduled job: Download Sync 
2024-04-05T21:25:00.017Z [info][Jobs]: Starting scheduled job: Jellyfin Recently Added Sync 
2024-04-05T21:25:00.017Z [info][Jellyfin Sync]: Jellyfin Sync Starting {"sessionId":"4ccbe68d-a72c-4e28-8ed4-ac7b647f81b1"}
2024-04-05T21:25:00.020Z [info][Jellyfin Sync]: Beginning to process recently added for library: Movies 
2024-04-05T21:25:00.060Z [debug][Jellyfin Sync]: Title already exists and no new media types found The French Dispatch 
2024-04-05T21:25:00.066Z [debug][Jellyfin Sync]: Title already exists and no new media types found Steve Jobs 
2024-04-05T21:25:00.076Z [debug][Jellyfin Sync]: Title already exists and no new media types found Saltburn 
2024-04-05T21:25:00.652Z [debug][Jellyfin Sync]: Title already exists and no new media types found The Holdovers 
2024-04-05T21:25:04.657Z [info][Jellyfin Sync]: Beginning to process recently added for library: Shows 
2024-04-05T21:25:05.292Z [debug][Jellyfin Sync]: Updating existing title: Severance 
2024-04-05T21:25:05.293Z [debug][Jellyfin Sync]: Updating existing title: Shōgun 
2024-04-05T21:25:09.297Z [info][Jellyfin Sync]: Recently Added Scan Complete 
2024-04-05T21:26:00.012Z [debug][Jobs]: Starting scheduled job: Download Sync 
2024-04-05T21:27:00.010Z [debug][Jobs]: Starting scheduled job: Download Sync 
2024-04-05T21:28:00.014Z [debug][Jobs]: Starting scheduled job: Download Sync 
2024-04-05T21:28:30.967Z [info][Jobs]: Starting scheduled job: Plex Watchlist Sync 
2024-04-05T21:29:00.015Z [debug][Jobs]: Starting scheduled job: Download Sync 
2024-04-05T21:30:00.007Z [debug][Jobs]: Starting scheduled job: Download Sync 
2024-04-05T21:30:00.015Z [info][Jobs]: Starting scheduled job: Jellyfin Recently Added Sync 
2024-04-05T21:30:00.015Z [info][Jellyfin Sync]: Jellyfin Sync Starting {"sessionId":"378949a0-a61c-4788-a46a-4d7894f7e3b1"}
2024-04-05T21:30:00.023Z [info][Jellyfin Sync]: Beginning to process recently added for library: Movies 
2024-04-05T21:30:00.080Z [debug][Jellyfin Sync]: Title already exists and no new media types found The Holdovers 
2024-04-05T21:30:00.602Z [debug][Jellyfin Sync]: Title already exists and no new media types found Saltburn 
2024-04-05T21:30:00.648Z [debug][Jellyfin Sync]: Title already exists and no new media types found Steve Jobs 
2024-04-05T21:30:00.649Z [debug][Jellyfin Sync]: Title already exists and no new media types found The French Dispatch 
2024-04-05T21:30:04.653Z [info][Jellyfin Sync]: Beginning to process recently added for library: Shows 
2024-04-05T21:30:04.695Z [debug][Jellyfin Sync]: Updating existing title: Severance 
2024-04-05T21:30:04.695Z [debug][Jellyfin Sync]: Updating existing title: Shōgun 
2024-04-05T21:30:08.695Z [info][Jellyfin Sync]: Recently Added Scan Complete 
2024-04-05T21:31:00.014Z [debug][Jobs]: Starting scheduled job: Download Sync 
2024-04-05T21:32:00.012Z [debug][Jobs]: Starting scheduled job: Download Sync 
2024-04-05T21:33:00.014Z [debug][Jobs]: Starting scheduled job: Download Sync 
2024-04-05T21:34:00.014Z [debug][Jobs]: Starting scheduled job: Download Sync 
2024-04-05T21:35:00.014Z [debug][Jobs]: Starting scheduled job: Download Sync 
2024-04-05T21:35:00.016Z [info][Jobs]: Starting scheduled job: Jellyfin Recently Added Sync 
2024-04-05T21:35:00.016Z [info][Jellyfin Sync]: Jellyfin Sync Starting {"sessionId":"7f5549f9-b529-4b5c-8155-ae2023573ff5"}
2024-04-05T21:35:00.020Z [info][Jellyfin Sync]: Beginning to process recently added for library: Movies 
2024-04-05T21:35:00.048Z [debug][Jellyfin Sync]: Title already exists and no new media types found The French Dispatch 
2024-04-05T21:35:00.057Z [debug][Jellyfin Sync]: Title already exists and no new media types found Steve Jobs 
2024-04-05T21:35:00.063Z [debug][Jellyfin Sync]: Title already exists and no new media types found Saltburn 
2024-04-05T21:35:00.838Z [debug][Jellyfin Sync]: Title already exists and no new media types found The Holdovers 
2024-04-05T21:35:04.842Z [info][Jellyfin Sync]: Beginning to process recently added for library: Shows 
2024-04-05T21:35:05.453Z [debug][Jellyfin Sync]: Updating existing title: Severance 
2024-04-05T21:35:05.454Z [debug][Jellyfin Sync]: Updating existing title: Shōgun 
2024-04-05T21:35:09.459Z [info][Jellyfin Sync]: Recently Added Scan Complete 
2024-04-05T21:36:00.012Z [debug][Jobs]: Starting scheduled job: Download Sync 
2024-04-05T21:37:00.013Z [debug][Jobs]: Starting scheduled job: Download Sync 
2024-04-05T21:38:00.014Z [debug][Jobs]: Starting scheduled job: Download Sync 
2024-04-05T21:39:00.012Z [debug][Jobs]: Starting scheduled job: Download Sync 
2024-04-05T21:40:00.011Z [debug][Jobs]: Starting scheduled job: Download Sync 
2024-04-05T21:40:00.015Z [info][Jobs]: Starting scheduled job: Jellyfin Recently Added Sync 
2024-04-05T21:40:00.015Z [info][Jellyfin Sync]: Jellyfin Sync Starting {"sessionId":"42d17cc4-cb3d-4fb0-98fc-88fcde460de2"}
2024-04-05T21:40:00.018Z [info][Jellyfin Sync]: Beginning to process recently added for library: Movies 
2024-04-05T21:40:00.058Z [debug][Jellyfin Sync]: Title already exists and no new media types found The Holdovers 
2024-04-05T21:40:00.639Z [debug][Jellyfin Sync]: Title already exists and no new media types found The French Dispatch 
2024-04-05T21:40:00.640Z [debug][Jellyfin Sync]: Title already exists and no new media types found Saltburn 
2024-04-05T21:40:00.695Z [debug][Jellyfin Sync]: Title already exists and no new media types found Steve Jobs 
2024-04-05T21:40:04.699Z [info][Jellyfin Sync]: Beginning to process recently added for library: Shows 
2024-04-05T21:40:04.740Z [debug][Jellyfin Sync]: Updating existing title: Shōgun 
2024-04-05T21:40:04.741Z [debug][Jellyfin Sync]: Updating existing title: Severance 
2024-04-05T21:40:08.745Z [info][Jellyfin Sync]: Recently Added Scan Complete 
2024-04-05T21:41:00.011Z [debug][Jobs]: Starting scheduled job: Download Sync 
2024-04-05T21:42:00.012Z [debug][Jobs]: Starting scheduled job: Download Sync 
2024-04-05T21:43:00.013Z [debug][Jobs]: Starting scheduled job: Download Sync 
2024-04-05T21:44:00.013Z [debug][Jobs]: Starting scheduled job: Download Sync 
2024-04-05T21:45:00.012Z [debug][Jobs]: Starting scheduled job: Download Sync 
2024-04-05T21:45:00.016Z [info][Jobs]: Starting scheduled job: Jellyfin Recently Added Sync 
2024-04-05T21:45:00.016Z [info][Jellyfin Sync]: Jellyfin Sync Starting {"sessionId":"6dbf7064-1c64-4290-85fc-03fa1a26dd48"}
2024-04-05T21:45:00.019Z [info][Jellyfin Sync]: Beginning to process recently added for library: Movies 
2024-04-05T21:45:00.054Z [debug][Jellyfin Sync]: Title already exists and no new media types found The French Dispatch 
2024-04-05T21:45:00.070Z [debug][Jellyfin Sync]: Title already exists and no new media types found Steve Jobs 
2024-04-05T21:45:00.071Z [debug][Jellyfin Sync]: Title already exists and no new media types found Saltburn 
2024-04-05T21:45:00.565Z [debug][Jellyfin Sync]: Title already exists and no new media types found The Holdovers 
2024-04-05T21:45:04.567Z [info][Jellyfin Sync]: Beginning to process recently added for library: Shows 
2024-04-05T21:45:05.216Z [debug][Jellyfin Sync]: Updating existing title: Severance 
2024-04-05T21:45:05.216Z [debug][Jellyfin Sync]: Updating existing title: Shōgun 
2024-04-05T21:45:09.222Z [info][Jellyfin Sync]: Recently Added Scan Complete 
2024-04-05T21:45:48.074Z [info][Jobs]: Starting scheduled job: Plex Watchlist Sync 
2024-04-05T21:46:00.011Z [debug][Jobs]: Starting scheduled job: Download Sync 
2024-04-05T21:47:00.013Z [debug][Jobs]: Starting scheduled job: Download Sync 
2024-04-05T21:48:00.012Z [debug][Jobs]: Starting scheduled job: Download Sync 
2024-04-05T21:49:00.009Z [debug][Jobs]: Starting scheduled job: Download Sync 
2024-04-05T21:50:00.012Z [debug][Jobs]: Starting scheduled job: Download Sync 
2024-04-05T21:50:00.016Z [info][Jobs]: Starting scheduled job: Jellyfin Recently Added Sync 
2024-04-05T21:50:00.016Z [info][Jellyfin Sync]: Jellyfin Sync Starting {"sessionId":"a2471c88-96d1-4de1-8b48-b85f7c14b6b8"}
2024-04-05T21:50:00.019Z [info][Jellyfin Sync]: Beginning to process recently added for library: Movies 
2024-04-05T21:50:00.058Z [debug][Jellyfin Sync]: Title already exists and no new media types found The Holdovers 
2024-04-05T21:50:00.728Z [debug][Jellyfin Sync]: Title already exists and no new media types found The French Dispatch 
2024-04-05T21:50:00.729Z [debug][Jellyfin Sync]: Title already exists and no new media types found Steve Jobs 
2024-04-05T21:50:00.935Z [debug][Jellyfin Sync]: Title already exists and no new media types found Saltburn 
2024-04-05T21:50:04.939Z [info][Jellyfin Sync]: Beginning to process recently added for library: Shows 
2024-04-05T21:50:04.980Z [debug][Jellyfin Sync]: Updating existing title: Severance 
2024-04-05T21:50:05.582Z [debug][Jellyfin Sync]: Updating existing title: Shōgun 
2024-04-05T21:50:09.583Z [info][Jellyfin Sync]: Recently Added Scan Complete 
2024-04-05T21:51:00.014Z [debug][Jobs]: Starting scheduled job: Download Sync 
2024-04-05T21:52:00.012Z [debug][Jobs]: Starting scheduled job: Download Sync 
2024-04-05T21:53:00.011Z [debug][Jobs]: Starting scheduled job: Download Sync 
2024-04-05T21:54:00.014Z [debug][Jobs]: Starting scheduled job: Download Sync 
2024-04-05T21:55:00.006Z [debug][Jobs]: Starting scheduled job: Download Sync 
2024-04-05T21:55:00.008Z [info][Jobs]: Starting scheduled job: Jellyfin Recently Added Sync 
2024-04-05T21:55:00.008Z [info][Jellyfin Sync]: Jellyfin Sync Starting {"sessionId":"c9a27fbf-91e6-4047-bde1-ac98918fad76"}
2024-04-05T21:55:00.011Z [info][Jellyfin Sync]: Beginning to process recently added for library: Movies 
2024-04-05T21:55:00.053Z [debug][Jellyfin Sync]: Title already exists and no new media types found The French Dispatch 
2024-04-05T21:55:00.059Z [debug][Jellyfin Sync]: Title already exists and no new media types found Steve Jobs 
2024-04-05T21:55:00.063Z [debug][Jellyfin Sync]: Title already exists and no new media types found Saltburn 
2024-04-05T21:55:00.698Z [debug][Jellyfin Sync]: Title already exists and no new media types found The Holdovers 
2024-04-05T21:55:04.702Z [info][Jellyfin Sync]: Beginning to process recently added for library: Shows 
2024-04-05T21:55:05.312Z [debug][Jellyfin Sync]: Updating existing title: Severance 
2024-04-05T21:55:05.312Z [debug][Jellyfin Sync]: Updating existing title: Shōgun 
2024-04-05T21:55:09.315Z [info][Jellyfin Sync]: Recently Added Scan Complete 
2024-04-05T21:56:00.012Z [debug][Jobs]: Starting scheduled job: Download Sync 
2024-04-05T21:57:00.012Z [debug][Jobs]: Starting scheduled job: Download Sync 
2024-04-05T21:58:00.014Z [debug][Jobs]: Starting scheduled job: Download Sync 
2024-04-05T21:59:00.014Z [debug][Jobs]: Starting scheduled job: Download Sync 
2024-04-05T22:00:00.012Z [debug][Jobs]: Starting scheduled job: Download Sync 
2024-04-05T22:00:00.015Z [info][Jobs]: Starting scheduled job: Jellyfin Recently Added Sync 
2024-04-05T22:00:00.016Z [info][Jellyfin Sync]: Jellyfin Sync Starting {"sessionId":"bba510f2-61f7-48c1-b890-728650d9862a"}
2024-04-05T22:00:00.020Z [info][Jobs]: Starting scheduled job: Download Sync Reset 
2024-04-05T22:00:00.023Z [info][Jellyfin Sync]: Beginning to process recently added for library: Movies 
2024-04-05T22:00:00.227Z [debug][Jellyfin Sync]: Title already exists and no new media types found The Holdovers 
2024-04-05T22:00:00.997Z [debug][Jellyfin Sync]: Title already exists and no new media types found Saltburn 
2024-04-05T22:00:00.997Z [debug][Jellyfin Sync]: Title already exists and no new media types found Steve Jobs 
2024-04-05T22:00:00.997Z [debug][Jellyfin Sync]: Title already exists and no new media types found The French Dispatch 
2024-04-05T22:00:05.001Z [info][Jellyfin Sync]: Beginning to process recently added for library: Shows 
2024-04-05T22:00:05.050Z [debug][Jellyfin Sync]: Updating existing title: Shōgun 
2024-04-05T22:00:05.052Z [debug][Jellyfin Sync]: Updating existing title: Severance 
2024-04-05T22:00:09.057Z [info][Jellyfin Sync]: Recently Added Scan Complete 
2024-04-05T22:01:00.008Z [debug][Jobs]: Starting scheduled job: Download Sync 
2024-04-05T22:02:00.012Z [debug][Jobs]: Starting scheduled job: Download Sync 
2024-04-05T22:03:00.011Z [debug][Jobs]: Starting scheduled job: Download Sync 
2024-04-05T22:03:41.595Z [info][Jobs]: Starting scheduled job: Plex Watchlist Sync 
2024-04-05T22:04:00.013Z [debug][Jobs]: Starting scheduled job: Download Sync 
2024-04-05T22:05:00.013Z [debug][Jobs]: Starting scheduled job: Download Sync 
2024-04-05T22:05:00.016Z [info][Jobs]: Starting scheduled job: Jellyfin Recently Added Sync 
2024-04-05T22:05:00.017Z [info][Jellyfin Sync]: Jellyfin Sync Starting {"sessionId":"b3fe0ca2-9d69-4a20-8899-b0ea503b541f"}
2024-04-05T22:05:00.019Z [info][Jellyfin Sync]: Beginning to process recently added for library: Movies 
2024-04-05T22:05:00.051Z [debug][Jellyfin Sync]: Title already exists and no new media types found The French Dispatch 
2024-04-05T22:05:00.052Z [debug][Jellyfin Sync]: Title already exists and no new media types found Steve Jobs 
2024-04-05T22:05:00.068Z [debug][Jellyfin Sync]: Title already exists and no new media types found Saltburn 
2024-04-05T22:05:00.810Z [debug][Jellyfin Sync]: Title already exists and no new media types found The Holdovers 
2024-04-05T22:05:04.814Z [info][Jellyfin Sync]: Beginning to process recently added for library: Shows 
2024-04-05T22:05:05.390Z [debug][Jellyfin Sync]: Updating existing title: Shōgun 
2024-04-05T22:05:05.393Z [debug][Jellyfin Sync]: Updating existing title: Severance 
2024-04-05T22:05:09.397Z [info][Jellyfin Sync]: Recently Added Scan Complete 
2024-04-05T22:06:00.012Z [debug][Jobs]: Starting scheduled job: Download Sync 
2024-04-05T22:07:00.011Z [debug][Jobs]: Starting scheduled job: Download Sync 
2024-04-05T22:08:00.012Z [debug][Jobs]: Starting scheduled job: Download Sync 
2024-04-05T22:09:00.012Z [debug][Jobs]: Starting scheduled job: Download Sync 
2024-04-05T22:10:00.012Z [debug][Jobs]: Starting scheduled job: Download Sync 
2024-04-05T22:10:00.016Z [info][Jobs]: Starting scheduled job: Jellyfin Recently Added Sync 
2024-04-05T22:10:00.017Z [info][Jellyfin Sync]: Jellyfin Sync Starting {"sessionId":"56609354-9f89-480d-ac5b-847e6c9b40df"}
2024-04-05T22:10:00.021Z [info][Jellyfin Sync]: Beginning to process recently added for library: Movies 
2024-04-05T22:10:00.057Z [debug][Jellyfin Sync]: Title already exists and no new media types found The Holdovers 
2024-04-05T22:10:00.633Z [debug][Jellyfin Sync]: Title already exists and no new media types found Saltburn 
2024-04-05T22:10:00.660Z [debug][Jellyfin Sync]: Title already exists and no new media types found Steve Jobs 
2024-04-05T22:10:00.663Z [debug][Jellyfin Sync]: Title already exists and no new media types found The French Dispatch 
2024-04-05T22:10:04.667Z [info][Jellyfin Sync]: Beginning to process recently added for library: Shows 
2024-04-05T22:10:04.712Z [debug][Jellyfin Sync]: Updating existing title: Severance 
2024-04-05T22:10:04.712Z [debug][Jellyfin Sync]: Updating existing title: Shōgun 
2024-04-05T22:10:08.717Z [info][Jellyfin Sync]: Recently Added Scan Complete 
2024-04-05T22:11:00.006Z [debug][Jobs]: Starting scheduled job: Download Sync 
2024-04-05T22:11:04.838Z [info]: [Radarr] Removed movie Saltburn 
2024-04-05T22:12:00.013Z [debug][Jobs]: Starting scheduled job: Download Sync 
2024-04-05T22:13:00.012Z [debug][Jobs]: Starting scheduled job: Download Sync 
2024-04-05T22:14:00.011Z [debug][Jobs]: Starting scheduled job: Download Sync 
2024-04-05T22:15:00.012Z [debug][Jobs]: Starting scheduled job: Download Sync 
2024-04-05T22:15:00.016Z [info][Jobs]: Starting scheduled job: Jellyfin Recently Added Sync 
2024-04-05T22:15:00.016Z [info][Jellyfin Sync]: Jellyfin Sync Starting {"sessionId":"f3cfc27a-8644-4a35-9ea7-dcc2f0fc47ca"}
2024-04-05T22:15:00.019Z [info][Jellyfin Sync]: Beginning to process recently added for library: Movies 
2024-04-05T22:15:00.051Z [debug][Jellyfin Sync]: Title already exists and no new media types found The French Dispatch 
2024-04-05T22:15:00.057Z [debug][Jellyfin Sync]: Title already exists and no new media types found Steve Jobs 
2024-04-05T22:15:00.588Z [debug][Jellyfin Sync]: Title already exists and no new media types found The Holdovers 
2024-04-05T22:15:04.593Z [info][Jellyfin Sync]: Beginning to process recently added for library: Shows 
2024-04-05T22:15:05.191Z [debug][Jellyfin Sync]: Updating existing title: Shōgun 
2024-04-05T22:15:05.191Z [debug][Jellyfin Sync]: Updating existing title: Severance 
2024-04-05T22:15:09.195Z [info][Jellyfin Sync]: Recently Added Scan Complete 
2024-04-05T22:16:00.011Z [debug][Jobs]: Starting scheduled job: Download Sync 
2024-04-05T22:17:00.012Z [debug][Jobs]: Starting scheduled job: Download Sync 
2024-04-05T22:18:00.013Z [debug][Jobs]: Starting scheduled job: Download Sync 
2024-04-05T22:19:00.012Z [debug][Jobs]: Starting scheduled job: Download Sync 
2024-04-05T22:20:00.012Z [debug][Jobs]: Starting scheduled job: Download Sync 
2024-04-05T22:20:00.016Z [info][Jobs]: Starting scheduled job: Jellyfin Recently Added Sync 
2024-04-05T22:20:00.016Z [info][Jellyfin Sync]: Jellyfin Sync Starting {"sessionId":"09b30982-d0a7-4c77-8372-4e1b4a460f0c"}
2024-04-05T22:20:00.018Z [info][Jellyfin Sync]: Beginning to process recently added for library: Movies 
2024-04-05T22:20:00.041Z [debug][Jellyfin Sync]: Title already exists and no new media types found The Holdovers 
2024-04-05T22:20:00.703Z [debug][Jellyfin Sync]: Title already exists and no new media types found The French Dispatch 
2024-04-05T22:20:00.704Z [debug][Jellyfin Sync]: Title already exists and no new media types found Steve Jobs 
2024-04-05T22:20:04.708Z [info][Jellyfin Sync]: Beginning to process recently added for library: Shows 
2024-04-05T22:20:04.750Z [debug][Jellyfin Sync]: Updating existing title: Shōgun 
2024-04-05T22:20:04.752Z [debug][Jellyfin Sync]: Updating existing title: Severance 
2024-04-05T22:20:08.756Z [info][Jellyfin Sync]: Recently Added Scan Complete 
2024-04-05T22:21:00.016Z [debug][Jobs]: Starting scheduled job: Download Sync 
2024-04-05T22:22:00.010Z [debug][Jobs]: Starting scheduled job: Download Sync 
2024-04-05T22:23:00.011Z [debug][Jobs]: Starting scheduled job: Download Sync 
2024-04-05T22:24:00.012Z [debug][Jobs]: Starting scheduled job: Download Sync 
2024-04-05T22:25:00.013Z [debug][Jobs]: Starting scheduled job: Download Sync 
2024-04-05T22:25:00.015Z [info][Jobs]: Starting scheduled job: Jellyfin Recently Added Sync 
2024-04-05T22:25:00.015Z [info][Jellyfin Sync]: Jellyfin Sync Starting {"sessionId":"c00fad1a-7279-4f24-9ce3-26c3d6193cc2"}
2024-04-05T22:25:00.018Z [info][Jellyfin Sync]: Beginning to process recently added for library: Movies 
2024-04-05T22:25:00.047Z [debug][Jellyfin Sync]: Title already exists and no new media types found The French Dispatch 
2024-04-05T22:25:00.052Z [debug][Jellyfin Sync]: Title already exists and no new media types found Steve Jobs 
2024-04-05T22:25:00.572Z [debug][Jellyfin Sync]: Title already exists and no new media types found The Holdovers 
2024-04-05T22:25:04.575Z [info][Jellyfin Sync]: Beginning to process recently added for library: Shows 
2024-04-05T22:25:05.027Z [debug][Jellyfin Sync]: Updating existing title: Severance 
2024-04-05T22:25:05.062Z [debug][Jellyfin Sync]: Updating existing title: Shōgun 
2024-04-05T22:25:09.066Z [info][Jellyfin Sync]: Recently Added Scan Complete 
2024-04-05T22:25:57.050Z [info][Jobs]: Starting scheduled job: Plex Watchlist Sync 
2024-04-05T22:26:00.009Z [debug][Jobs]: Starting scheduled job: Download Sync 
2024-04-05T22:27:00.012Z [debug][Jobs]: Starting scheduled job: Download Sync 
2024-04-05T22:28:00.013Z [debug][Jobs]: Starting scheduled job: Download Sync 
2024-04-05T22:29:00.011Z [debug][Jobs]: Starting scheduled job: Download Sync 
2024-04-05T22:30:00.011Z [debug][Jobs]: Starting scheduled job: Download Sync 
2024-04-05T22:30:00.016Z [info][Jobs]: Starting scheduled job: Jellyfin Recently Added Sync 
2024-04-05T22:30:00.016Z [info][Jellyfin Sync]: Jellyfin Sync Starting {"sessionId":"b0622f20-c65b-450c-9a5c-05a597dad109"}
2024-04-05T22:30:00.018Z [info][Jellyfin Sync]: Beginning to process recently added for library: Movies 
2024-04-05T22:30:00.046Z [debug][Jellyfin Sync]: Title already exists and no new media types found The Holdovers 
2024-04-05T22:30:00.653Z [debug][Jellyfin Sync]: Title already exists and no new media types found The French Dispatch 
2024-04-05T22:30:00.654Z [debug][Jellyfin Sync]: Title already exists and no new media types found Steve Jobs 
2024-04-05T22:30:04.658Z [info][Jellyfin Sync]: Beginning to process recently added for library: Shows 
2024-04-05T22:30:04.698Z [debug][Jellyfin Sync]: Updating existing title: Shōgun 
2024-04-05T22:30:04.699Z [debug][Jellyfin Sync]: Updating existing title: Severance 
2024-04-05T22:30:08.704Z [info][Jellyfin Sync]: Recently Added Scan Complete 
2024-04-05T22:31:00.011Z [debug][Jobs]: Starting scheduled job: Download Sync 
2024-04-05T22:32:00.005Z [debug][Jobs]: Starting scheduled job: Download Sync 
2024-04-05T22:33:00.011Z [debug][Jobs]: Starting scheduled job: Download Sync 
2024-04-05T22:34:00.012Z [debug][Jobs]: Starting scheduled job: Download Sync 
2024-04-05T22:35:00.012Z [debug][Jobs]: Starting scheduled job: Download Sync 
2024-04-05T22:35:00.015Z [info][Jobs]: Starting scheduled job: Jellyfin Recently Added Sync 
2024-04-05T22:35:00.015Z [info][Jellyfin Sync]: Jellyfin Sync Starting {"sessionId":"22c5f533-a5f6-40bf-afa2-d60380f3ce8e"}
2024-04-05T22:35:00.019Z [info][Jellyfin Sync]: Beginning to process recently added for library: Movies 
2024-04-05T22:35:00.039Z [debug][Jellyfin Sync]: Title already exists and no new media types found The French Dispatch 
2024-04-05T22:35:00.048Z [debug][Jellyfin Sync]: Title already exists and no new media types found Steve Jobs 
2024-04-05T22:35:00.788Z [debug][Jellyfin Sync]: Title already exists and no new media types found The Holdovers 
2024-04-05T22:35:04.793Z [info][Jellyfin Sync]: Beginning to process recently added for library: Shows 
2024-04-05T22:35:05.450Z [debug][Jellyfin Sync]: Updating existing title: Severance 
2024-04-05T22:35:05.454Z [debug][Jellyfin Sync]: Updating existing title: Shōgun 
2024-04-05T22:35:09.458Z [info][Jellyfin Sync]: Recently Added Scan Complete 
2024-04-05T22:36:00.013Z [debug][Jobs]: Starting scheduled job: Download Sync 
2024-04-05T22:37:00.009Z [debug][Jobs]: Starting scheduled job: Download Sync 
2024-04-05T22:38:00.016Z [debug][Jobs]: Starting scheduled job: Download Sync 
2024-04-05T22:39:00.013Z [debug][Jobs]: Starting scheduled job: Download Sync 
2024-04-05T22:40:00.013Z [debug][Jobs]: Starting scheduled job: Download Sync 
2024-04-05T22:40:00.016Z [info][Jobs]: Starting scheduled job: Jellyfin Recently Added Sync 
2024-04-05T22:40:00.017Z [info][Jellyfin Sync]: Jellyfin Sync Starting {"sessionId":"8d22eca5-381a-4757-b26a-60c630e788ed"}
2024-04-05T22:40:00.022Z [info][Jellyfin Sync]: Beginning to process recently added for library: Movies 
2024-04-05T22:40:00.061Z [debug][Jellyfin Sync]: Title already exists and no new media types found The Holdovers 
2024-04-05T22:40:00.645Z [debug][Jellyfin Sync]: Title already exists and no new media types found Steve Jobs 
2024-04-05T22:40:00.645Z [debug][Jellyfin Sync]: Title already exists and no new media types found The French Dispatch 
2024-04-05T22:40:04.649Z [info][Jellyfin Sync]: Beginning to process recently added for library: Shows 
2024-04-05T22:40:04.691Z [debug][Jellyfin Sync]: Updating existing title: Severance 
2024-04-05T22:40:04.693Z [debug][Jellyfin Sync]: Updating existing title: Shōgun 
2024-04-05T22:40:08.695Z [info][Jellyfin Sync]: Recently Added Scan Complete 
2024-04-05T22:41:00.013Z [debug][Jobs]: Starting scheduled job: Download Sync 
2024-04-05T22:42:00.009Z [debug][Jobs]: Starting scheduled job: Download Sync 
2024-04-05T22:42:16.748Z [info][Jobs]: Starting scheduled job: Plex Watchlist Sync 
2024-04-05T22:43:00.012Z [debug][Jobs]: Starting scheduled job: Download Sync 
2024-04-05T22:44:00.016Z [debug][Jobs]: Starting scheduled job: Download Sync 
2024-04-05T22:45:00.009Z [debug][Jobs]: Starting scheduled job: Download Sync 
2024-04-05T22:45:00.013Z [info][Jobs]: Starting scheduled job: Jellyfin Recently Added Sync 
2024-04-05T22:45:00.014Z [info][Jellyfin Sync]: Jellyfin Sync Starting {"sessionId":"7148a801-4dec-4257-bd03-730985492686"}
2024-04-05T22:45:00.017Z [info][Jellyfin Sync]: Beginning to process recently added for library: Movies 
2024-04-05T22:45:00.054Z [debug][Jellyfin Sync]: Title already exists and no new media types found Steve Jobs 
2024-04-05T22:45:00.057Z [debug][Jellyfin Sync]: Title already exists and no new media types found The French Dispatch 
2024-04-05T22:45:00.848Z [debug][Jellyfin Sync]: Title already exists and no new media types found The Holdovers 
2024-04-05T22:45:04.852Z [info][Jellyfin Sync]: Beginning to process recently added for library: Shows 
2024-04-05T22:45:05.503Z [debug][Jellyfin Sync]: Updating existing title: Severance 
2024-04-05T22:45:05.504Z [debug][Jellyfin Sync]: Updating existing title: Shōgun 
2024-04-05T22:45:09.508Z [info][Jellyfin Sync]: Recently Added Scan Complete 
2024-04-05T22:46:00.013Z [debug][Jobs]: Starting scheduled job: Download Sync 
2024-04-05T22:47:00.012Z [debug][Jobs]: Starting scheduled job: Download Sync 
2024-04-05T22:48:00.011Z [debug][Jobs]: Starting scheduled job: Download Sync 
2024-04-05T22:49:00.012Z [debug][Jobs]: Starting scheduled job: Download Sync 
2024-04-05T22:50:00.013Z [debug][Jobs]: Starting scheduled job: Download Sync 
2024-04-05T22:50:00.016Z [info][Jobs]: Starting scheduled job: Jellyfin Recently Added Sync 
2024-04-05T22:50:00.016Z [info][Jellyfin Sync]: Jellyfin Sync Starting {"sessionId":"1764287e-a542-44c0-a14f-28c850d0a3f1"}
2024-04-05T22:50:00.019Z [info][Jellyfin Sync]: Beginning to process recently added for library: Movies 
2024-04-05T22:50:00.045Z [debug][Jellyfin Sync]: Title already exists and no new media types found The Holdovers 
2024-04-05T22:50:00.678Z [debug][Jellyfin Sync]: Title already exists and no new media types found The French Dispatch 
2024-04-05T22:50:00.678Z [debug][Jellyfin Sync]: Title already exists and no new media types found Steve Jobs 
2024-04-05T22:50:04.682Z [info][Jellyfin Sync]: Beginning to process recently added for library: Shows 
2024-04-05T22:50:04.728Z [debug][Jellyfin Sync]: Updating existing title: Severance 
2024-04-05T22:50:04.729Z [debug][Jellyfin Sync]: Updating existing title: Shōgun 
2024-04-05T22:50:08.731Z [info][Jellyfin Sync]: Recently Added Scan Complete 
2024-04-05T22:51:00.011Z [debug][Jobs]: Starting scheduled job: Download Sync 
2024-04-05T22:52:00.014Z [debug][Jobs]: Starting scheduled job: Download Sync 
2024-04-05T22:53:00.014Z [debug][Jobs]: Starting scheduled job: Download Sync 
2024-04-05T22:54:00.004Z [debug][Jobs]: Starting scheduled job: Download Sync 
2024-04-05T22:55:00.012Z [debug][Jobs]: Starting scheduled job: Download Sync 
2024-04-05T22:55:00.015Z [info][Jobs]: Starting scheduled job: Jellyfin Recently Added Sync 
2024-04-05T22:55:00.015Z [info][Jellyfin Sync]: Jellyfin Sync Starting {"sessionId":"a39cae43-63a4-4b9e-939d-94779e64c153"}
2024-04-05T22:55:00.019Z [info][Jellyfin Sync]: Beginning to process recently added for library: Movies 
2024-04-05T22:55:00.045Z [debug][Jellyfin Sync]: Title already exists and no new media types found The French Dispatch 
2024-04-05T22:55:00.054Z [debug][Jellyfin Sync]: Title already exists and no new media types found Steve Jobs 
2024-04-05T22:55:00.521Z [debug][Jellyfin Sync]: Title already exists and no new media types found The Holdovers 
2024-04-05T22:55:04.525Z [info][Jellyfin Sync]: Beginning to process recently added for library: Shows 
2024-04-05T22:55:05.235Z [debug][Jellyfin Sync]: Updating existing title: Severance 
2024-04-05T22:55:05.251Z [debug][Jellyfin Sync]: Updating existing title: Shōgun 
2024-04-05T22:55:09.255Z [info][Jellyfin Sync]: Recently Added Scan Complete 
2024-04-05T22:56:00.011Z [debug][Jobs]: Starting scheduled job: Download Sync 
2024-04-05T22:57:00.005Z [debug][Jobs]: Starting scheduled job: Download Sync 
2024-04-05T22:57:06.519Z [info][Jobs]: Starting scheduled job: Plex Watchlist Sync 
2024-04-05T22:58:00.012Z [debug][Jobs]: Starting scheduled job: Download Sync 
2024-04-05T22:59:00.012Z [debug][Jobs]: Starting scheduled job: Download Sync 
2024-04-05T23:00:00.009Z [debug][Jobs]: Starting scheduled job: Download Sync 
2024-04-05T23:00:00.011Z [info][Jobs]: Starting scheduled job: Jellyfin Recently Added Sync 
2024-04-05T23:00:00.011Z [info][Jellyfin Sync]: Jellyfin Sync Starting {"sessionId":"f47a132a-eb7f-44aa-a1e8-7ad564d90b9f"}
2024-04-05T23:00:00.016Z [info][Jellyfin Sync]: Beginning to process recently added for library: Movies 
2024-04-05T23:00:00.071Z [debug][Jellyfin Sync]: Title already exists and no new media types found The Holdovers 
2024-04-05T23:00:00.524Z [debug][Jellyfin Sync]: Title already exists and no new media types found Steve Jobs 
2024-04-05T23:00:00.732Z [debug][Jellyfin Sync]: Title already exists and no new media types found The French Dispatch 
2024-04-05T23:00:04.736Z [info][Jellyfin Sync]: Beginning to process recently added for library: Shows 
2024-04-05T23:00:04.785Z [debug][Jellyfin Sync]: Updating existing title: Severance 
2024-04-05T23:00:04.786Z [debug][Jellyfin Sync]: Updating existing title: Shōgun 
2024-04-05T23:00:08.790Z [info][Jellyfin Sync]: Recently Added Scan Complete 
2024-04-05T23:01:00.007Z [debug][Jobs]: Starting scheduled job: Download Sync 
2024-04-05T23:02:00.011Z [debug][Jobs]: Starting scheduled job: Download Sync 
2024-04-05T23:03:00.013Z [debug][Jobs]: Starting scheduled job: Download Sync 
2024-04-05T23:04:00.011Z [debug][Jobs]: Starting scheduled job: Download Sync 
2024-04-05T23:05:00.011Z [debug][Jobs]: Starting scheduled job: Download Sync 
2024-04-05T23:05:00.015Z [info][Jobs]: Starting scheduled job: Jellyfin Recently Added Sync 
2024-04-05T23:05:00.015Z [info][Jellyfin Sync]: Jellyfin Sync Starting {"sessionId":"4fc1acb8-bd14-40d6-b200-d157666ad2c3"}
2024-04-05T23:05:00.018Z [info][Jellyfin Sync]: Beginning to process recently added for library: Movies 
2024-04-05T23:05:00.043Z [debug][Jellyfin Sync]: Title already exists and no new media types found Steve Jobs 
2024-04-05T23:05:00.051Z [debug][Jellyfin Sync]: Title already exists and no new media types found The French Dispatch 
2024-04-05T23:05:00.759Z [debug][Jellyfin Sync]: Title already exists and no new media types found The Holdovers 
2024-04-05T23:05:04.763Z [info][Jellyfin Sync]: Beginning to process recently added for library: Shows 
2024-04-05T23:05:05.368Z [debug][Jellyfin Sync]: Updating existing title: Severance 
2024-04-05T23:05:05.375Z [debug][Jellyfin Sync]: Updating existing title: Shōgun 
2024-04-05T23:05:09.379Z [info][Jellyfin Sync]: Recently Added Scan Complete 
2024-04-05T23:06:00.012Z [debug][Jobs]: Starting scheduled job: Download Sync 
2024-04-05T23:07:00.012Z [debug][Jobs]: Starting scheduled job: Download Sync 
2024-04-05T23:08:00.011Z [debug][Jobs]: Starting scheduled job: Download Sync 
2024-04-05T23:09:00.004Z [debug][Jobs]: Starting scheduled job: Download Sync 
2024-04-05T23:10:00.004Z [debug][Jobs]: Starting scheduled job: Download Sync 
2024-04-05T23:10:00.011Z [info][Jobs]: Starting scheduled job: Jellyfin Recently Added Sync 
2024-04-05T23:10:00.011Z [info][Jellyfin Sync]: Jellyfin Sync Starting {"sessionId":"505f7576-b674-4b2d-b4ae-cbb589f39996"}
2024-04-05T23:10:00.015Z [info][Jellyfin Sync]: Beginning to process recently added for library: Movies 
2024-04-05T23:10:00.210Z [debug][Jellyfin Sync]: Title already exists and no new media types found The Holdovers 
2024-04-05T23:10:00.714Z [debug][Jellyfin Sync]: Title already exists and no new media types found The French Dispatch 
2024-04-05T23:10:00.878Z [debug][Jellyfin Sync]: Title already exists and no new media types found Steve Jobs 
2024-04-05T23:10:04.883Z [info][Jellyfin Sync]: Beginning to process recently added for library: Shows 
2024-04-05T23:10:04.924Z [debug][Jellyfin Sync]: Updating existing title: Severance 
2024-04-05T23:10:04.925Z [debug][Jellyfin Sync]: Updating existing title: Shōgun 
2024-04-05T23:10:08.930Z [info][Jellyfin Sync]: Recently Added Scan Complete 
2024-04-05T23:11:00.010Z [debug][Jobs]: Starting scheduled job: Download Sync 
2024-04-05T23:12:00.009Z [debug][Jobs]: Starting scheduled job: Download Sync 
2024-04-05T23:12:29.352Z [info][Jobs]: Starting scheduled job: Plex Watchlist Sync 
2024-04-05T23:13:00.011Z [debug][Jobs]: Starting scheduled job: Download Sync 
2024-04-05T23:14:00.012Z [debug][Jobs]: Starting scheduled job: Download Sync 
2024-04-05T23:15:00.012Z [debug][Jobs]: Starting scheduled job: Download Sync 
2024-04-05T23:15:00.014Z [info][Jobs]: Starting scheduled job: Jellyfin Recently Added Sync 
2024-04-05T23:15:00.015Z [info][Jellyfin Sync]: Jellyfin Sync Starting {"sessionId":"de739448-25fe-4223-b680-3b4535be7378"}
2024-04-05T23:15:00.019Z [info][Jellyfin Sync]: Beginning to process recently added for library: Movies 
2024-04-05T23:15:00.048Z [debug][Jellyfin Sync]: Title already exists and no new media types found The French Dispatch 
2024-04-05T23:15:00.056Z [debug][Jellyfin Sync]: Title already exists and no new media types found Steve Jobs 
2024-04-05T23:15:00.711Z [debug][Jellyfin Sync]: Title already exists and no new media types found The Holdovers 
2024-04-05T23:15:04.715Z [info][Jellyfin Sync]: Beginning to process recently added for library: Shows 
2024-04-05T23:15:05.246Z [debug][Jellyfin Sync]: Updating existing title: Shōgun 
2024-04-05T23:15:05.248Z [debug][Jellyfin Sync]: Updating existing title: Severance 
2024-04-05T23:15:09.252Z [info][Jellyfin Sync]: Recently Added Scan Complete 
2024-04-05T23:16:00.015Z [debug][Jobs]: Starting scheduled job: Download Sync 
2024-04-05T23:17:00.012Z [debug][Jobs]: Starting scheduled job: Download Sync 
2024-04-05T23:18:00.008Z [debug][Jobs]: Starting scheduled job: Download Sync 
2024-04-05T23:19:00.010Z [debug][Jobs]: Starting scheduled job: Download Sync 
2024-04-05T23:20:00.010Z [debug][Jobs]: Starting scheduled job: Download Sync 
2024-04-05T23:20:00.014Z [info][Jobs]: Starting scheduled job: Jellyfin Recently Added Sync 
2024-04-05T23:20:00.014Z [info][Jellyfin Sync]: Jellyfin Sync Starting {"sessionId":"e272c1d8-9993-42aa-9ede-1ec2b2eb3296"}
2024-04-05T23:20:00.018Z [info][Jellyfin Sync]: Beginning to process recently added for library: Movies 
2024-04-05T23:20:00.059Z [debug][Jellyfin Sync]: Title already exists and no new media types found The Holdovers 
2024-04-05T23:20:00.680Z [debug][Jellyfin Sync]: Title already exists and no new media types found The French Dispatch 
2024-04-05T23:20:00.681Z [debug][Jellyfin Sync]: Title already exists and no new media types found Steve Jobs 
2024-04-05T23:20:04.683Z [info][Jellyfin Sync]: Beginning to process recently added for library: Shows 
2024-04-05T23:20:04.777Z [debug][Jellyfin Sync]: Updating existing title: Shōgun 
2024-04-05T23:20:04.779Z [debug][Jellyfin Sync]: Updating existing title: Severance 
2024-04-05T23:20:08.783Z [info][Jellyfin Sync]: Recently Added Scan Complete 
2024-04-05T23:21:00.012Z [debug][Jobs]: Starting scheduled job: Download Sync 
2024-04-05T23:22:00.010Z [debug][Jobs]: Starting scheduled job: Download Sync 
2024-04-05T23:23:00.009Z [debug][Jobs]: Starting scheduled job: Download Sync 
2024-04-05T23:24:00.007Z [debug][Jobs]: Starting scheduled job: Download Sync 
2024-04-05T23:25:00.011Z [debug][Jobs]: Starting scheduled job: Download Sync 
2024-04-05T23:25:00.014Z [info][Jobs]: Starting scheduled job: Jellyfin Recently Added Sync 
2024-04-05T23:25:00.014Z [info][Jellyfin Sync]: Jellyfin Sync Starting {"sessionId":"6b9e9b38-04b4-4467-b5b0-a73d4687d1cf"}
2024-04-05T23:25:00.018Z [info][Jellyfin Sync]: Beginning to process recently added for library: Movies 
2024-04-05T23:25:00.038Z [debug][Jellyfin Sync]: Title already exists and no new media types found Steve Jobs 
2024-04-05T23:25:00.047Z [debug][Jellyfin Sync]: Title already exists and no new media types found The French Dispatch 
2024-04-05T23:25:00.662Z [debug][Jellyfin Sync]: Title already exists and no new media types found The Holdovers 
2024-04-05T23:25:04.673Z [info][Jellyfin Sync]: Beginning to process recently added for library: Shows 
2024-04-05T23:25:05.211Z [debug][Jellyfin Sync]: Updating existing title: Severance 
2024-04-05T23:25:05.407Z [debug][Jellyfin Sync]: Updating existing title: Shōgun 
2024-04-05T23:25:09.411Z [info][Jellyfin Sync]: Recently Added Scan Complete 
2024-04-05T23:26:00.010Z [debug][Jobs]: Starting scheduled job: Download Sync 
2024-04-05T23:26:31.261Z [info][Jobs]: Starting scheduled job: Plex Watchlist Sync 
2024-04-05T23:27:00.012Z [debug][Jobs]: Starting scheduled job: Download Sync 
2024-04-05T23:28:00.011Z [debug][Jobs]: Starting scheduled job: Download Sync 
2024-04-05T23:29:00.010Z [debug][Jobs]: Starting scheduled job: Download Sync 
2024-04-05T23:30:00.008Z [debug][Jobs]: Starting scheduled job: Download Sync 
2024-04-05T23:30:00.014Z [info][Jobs]: Starting scheduled job: Jellyfin Recently Added Sync 
2024-04-05T23:30:00.014Z [info][Jellyfin Sync]: Jellyfin Sync Starting {"sessionId":"7b114066-525f-4d74-ab8d-a6a191d23b6a"}
2024-04-05T23:30:00.018Z [info][Jellyfin Sync]: Beginning to process recently added for library: Movies 
2024-04-05T23:30:00.049Z [debug][Jellyfin Sync]: Title already exists and no new media types found The Holdovers 
2024-04-05T23:30:00.722Z [debug][Jellyfin Sync]: Title already exists and no new media types found The French Dispatch 
2024-04-05T23:30:00.723Z [debug][Jellyfin Sync]: Title already exists and no new media types found Steve Jobs 
2024-04-05T23:30:04.727Z [info][Jellyfin Sync]: Beginning to process recently added for library: Shows 
2024-04-05T23:30:04.772Z [debug][Jellyfin Sync]: Updating existing title: Shōgun 
2024-04-05T23:30:04.772Z [debug][Jellyfin Sync]: Updating existing title: Severance 
2024-04-05T23:30:08.777Z [info][Jellyfin Sync]: Recently Added Scan Complete 
2024-04-05T23:31:00.010Z [debug][Jobs]: Starting scheduled job: Download Sync 
2024-04-05T23:32:00.010Z [debug][Jobs]: Starting scheduled job: Download Sync 
2024-04-05T23:33:00.011Z [debug][Jobs]: Starting scheduled job: Download Sync 
2024-04-05T23:34:00.012Z [debug][Jobs]: Starting scheduled job: Download Sync 
2024-04-05T23:35:00.011Z [debug][Jobs]: Starting scheduled job: Download Sync 
2024-04-05T23:35:00.019Z [info][Jobs]: Starting scheduled job: Jellyfin Recently Added Sync 
2024-04-05T23:35:00.020Z [info][Jellyfin Sync]: Jellyfin Sync Starting {"sessionId":"f5257cc0-e49c-405c-bf31-4bea3d93b9a8"}
2024-04-05T23:35:00.029Z [info][Jellyfin Sync]: Beginning to process recently added for library: Movies 
2024-04-05T23:35:00.053Z [debug][Jellyfin Sync]: Title already exists and no new media types found The French Dispatch 
2024-04-05T23:35:00.062Z [debug][Jellyfin Sync]: Title already exists and no new media types found Steve Jobs 
2024-04-05T23:35:00.736Z [debug][Jellyfin Sync]: Title already exists and no new media types found The Holdovers 
2024-04-05T23:35:04.740Z [info][Jellyfin Sync]: Beginning to process recently added for library: Shows 
2024-04-05T23:35:05.403Z [debug][Jellyfin Sync]: Updating existing title: Severance 
2024-04-05T23:35:05.403Z [debug][Jellyfin Sync]: Updating existing title: Shōgun 
2024-04-05T23:35:09.407Z [info][Jellyfin Sync]: Recently Added Scan Complete 
2024-04-05T23:36:00.011Z [debug][Jobs]: Starting scheduled job: Download Sync 
2024-04-05T23:37:00.011Z [debug][Jobs]: Starting scheduled job: Download Sync 
2024-04-05T23:38:00.012Z [debug][Jobs]: Starting scheduled job: Download Sync 
2024-04-05T23:39:00.010Z [debug][Jobs]: Starting scheduled job: Download Sync 
2024-04-05T23:40:00.011Z [debug][Jobs]: Starting scheduled job: Download Sync 
2024-04-05T23:40:00.014Z [info][Jobs]: Starting scheduled job: Jellyfin Recently Added Sync 
2024-04-05T23:40:00.014Z [info][Jellyfin Sync]: Jellyfin Sync Starting {"sessionId":"672b89e6-61c6-4cb7-b1db-166018732d1d"}
2024-04-05T23:40:00.017Z [info][Jellyfin Sync]: Beginning to process recently added for library: Movies 
2024-04-05T23:40:00.049Z [debug][Jellyfin Sync]: Title already exists and no new media types found The Holdovers 
2024-04-05T23:40:00.685Z [debug][Jellyfin Sync]: Title already exists and no new media types found The French Dispatch 
2024-04-05T23:40:00.685Z [debug][Jellyfin Sync]: Title already exists and no new media types found Steve Jobs 
2024-04-05T23:40:04.687Z [info][Jellyfin Sync]: Beginning to process recently added for library: Shows 
2024-04-05T23:40:04.778Z [debug][Jellyfin Sync]: Updating existing title: Severance 
2024-04-05T23:40:04.783Z [debug][Jellyfin Sync]: Updating existing title: Shōgun 
2024-04-05T23:40:08.787Z [info][Jellyfin Sync]: Recently Added Scan Complete 
2024-04-05T23:41:00.010Z [debug][Jobs]: Starting scheduled job: Download Sync 
2024-04-05T23:42:00.012Z [debug][Jobs]: Starting scheduled job: Download Sync 
2024-04-05T23:43:00.004Z [debug][Jobs]: Starting scheduled job: Download Sync 
2024-04-05T23:44:00.006Z [debug][Jobs]: Starting scheduled job: Download Sync 
2024-04-05T23:45:00.011Z [debug][Jobs]: Starting scheduled job: Download Sync 
2024-04-05T23:45:00.014Z [info][Jobs]: Starting scheduled job: Jellyfin Recently Added Sync 
2024-04-05T23:45:00.014Z [info][Jellyfin Sync]: Jellyfin Sync Starting {"sessionId":"64bc4d1f-3647-4ee8-9343-f89d91a77eb9"}
2024-04-05T23:45:00.018Z [info][Jellyfin Sync]: Beginning to process recently added for library: Movies 
2024-04-05T23:45:00.071Z [debug][Jellyfin Sync]: Title already exists and no new media types found The French Dispatch 
2024-04-05T23:45:00.076Z [debug][Jellyfin Sync]: Title already exists and no new media types found Steve Jobs 
2024-04-05T23:45:00.799Z [debug][Jellyfin Sync]: Title already exists and no new media types found The Holdovers 
2024-04-05T23:45:04.803Z [info][Jellyfin Sync]: Beginning to process recently added for library: Shows 
2024-04-05T23:45:05.216Z [debug][Jellyfin Sync]: Updating existing title: Shōgun 
2024-04-05T23:45:05.258Z [debug][Jellyfin Sync]: Updating existing title: Severance 
2024-04-05T23:45:09.262Z [info][Jellyfin Sync]: Recently Added Scan Complete 
2024-04-05T23:45:26.557Z [info][Jobs]: Starting scheduled job: Plex Watchlist Sync 
2024-04-05T23:46:00.006Z [debug][Jobs]: Starting scheduled job: Download Sync 
2024-04-05T23:47:00.009Z [debug][Jobs]: Starting scheduled job: Download Sync 
2024-04-05T23:48:00.009Z [debug][Jobs]: Starting scheduled job: Download Sync 
2024-04-05T23:49:00.012Z [debug][Jobs]: Starting scheduled job: Download Sync 
2024-04-05T23:50:00.011Z [debug][Jobs]: Starting scheduled job: Download Sync 
2024-04-05T23:50:00.013Z [info][Jobs]: Starting scheduled job: Jellyfin Recently Added Sync 
2024-04-05T23:50:00.014Z [info][Jellyfin Sync]: Jellyfin Sync Starting {"sessionId":"866d0883-675c-4aee-9481-4687ba6abcc9"}
2024-04-05T23:50:00.017Z [info][Jellyfin Sync]: Beginning to process recently added for library: Movies 
2024-04-05T23:50:00.102Z [debug][Jellyfin Sync]: Title already exists and no new media types found The Holdovers 
2024-04-05T23:50:00.623Z [debug][Jellyfin Sync]: Title already exists and no new media types found Steve Jobs 
2024-04-05T23:50:00.838Z [debug][Jellyfin Sync]: Title already exists and no new media types found The French Dispatch 
2024-04-05T23:50:04.843Z [info][Jellyfin Sync]: Beginning to process recently added for library: Shows 
2024-04-05T23:50:04.883Z [debug][Jellyfin Sync]: Updating existing title: Shōgun 
2024-04-05T23:50:04.885Z [debug][Jellyfin Sync]: Updating existing title: Severance 
2024-04-05T23:50:08.889Z [info][Jellyfin Sync]: Recently Added Scan Complete 
2024-04-05T23:51:00.009Z [debug][Jobs]: Starting scheduled job: Download Sync 
2024-04-05T23:52:00.011Z [debug][Jobs]: Starting scheduled job: Download Sync 
2024-04-05T23:53:00.010Z [debug][Jobs]: Starting scheduled job: Download Sync 
2024-04-05T23:54:00.010Z [debug][Jobs]: Starting scheduled job: Download Sync 
2024-04-05T23:55:00.008Z [debug][Jobs]: Starting scheduled job: Download Sync 
2024-04-05T23:55:00.012Z [info][Jobs]: Starting scheduled job: Jellyfin Recently Added Sync 
2024-04-05T23:55:00.012Z [info][Jellyfin Sync]: Jellyfin Sync Starting {"sessionId":"65b22de1-431b-4b3d-b8f4-8fdb73f2e33f"}
2024-04-05T23:55:00.015Z [info][Jellyfin Sync]: Beginning to process recently added for library: Movies 
2024-04-05T23:55:00.053Z [debug][Jellyfin Sync]: Title already exists and no new media types found Steve Jobs 
2024-04-05T23:55:00.054Z [debug][Jellyfin Sync]: Title already exists and no new media types found The French Dispatch 
2024-04-05T23:55:00.654Z [debug][Jellyfin Sync]: Title already exists and no new media types found The Holdovers 
2024-04-05T23:55:04.658Z [info][Jellyfin Sync]: Beginning to process recently added for library: Shows 
2024-04-05T23:55:05.230Z [debug][Jellyfin Sync]: Updating existing title: Severance 
2024-04-05T23:55:05.231Z [debug][Jellyfin Sync]: Updating existing title: Shōgun 
2024-04-05T23:55:09.235Z [info][Jellyfin Sync]: Recently Added Scan Complete 
2024-04-05T23:56:00.009Z [debug][Jobs]: Starting scheduled job: Download Sync 
2024-04-05T23:57:00.009Z [debug][Jobs]: Starting scheduled job: Download Sync 
2024-04-05T23:58:00.008Z [debug][Jobs]: Starting scheduled job: Download Sync 
2024-04-05T23:59:00.011Z [debug][Jobs]: Starting scheduled job: Download Sync 
2024-04-06T00:00:00.010Z [debug][Jobs]: Starting scheduled job: Download Sync 
2024-04-06T00:00:00.012Z [info][Jobs]: Starting scheduled job: Jellyfin Recently Added Sync 
2024-04-06T00:00:00.012Z [info][Jellyfin Sync]: Jellyfin Sync Starting {"sessionId":"78ef6518-ca69-4da2-a1c8-7a4d64fe6bee"}
2024-04-06T00:00:00.017Z [info][Jobs]: Starting scheduled job: Jellyfin Full Sync 
2024-04-06T00:00:00.017Z [info][Jellyfin Sync]: Jellyfin Sync Starting {"sessionId":"313d3ea8-f963-40f2-84f5-310c6fe558a5"}
2024-04-06T00:00:00.020Z [info][Jellyfin Sync]: Beginning to process recently added for library: Movies 
2024-04-06T00:00:00.021Z [info][Jellyfin Sync]: Beginning to process library: Movies 
2024-04-06T00:00:00.057Z [debug][Jellyfin Sync]: Title already exists and no new media types found The Holdovers 
2024-04-06T00:00:00.256Z [debug][Jellyfin Sync]: Title already exists and no new media types found The Holdovers 
2024-04-06T00:00:00.638Z [debug][Jellyfin Sync]: Title already exists and no new media types found The French Dispatch 
2024-04-06T00:00:00.653Z [debug][Jellyfin Sync]: Title already exists and no new media types found Steve Jobs 
2024-04-06T00:00:00.812Z [debug][Jellyfin Sync]: Title already exists and no new media types found The French Dispatch 
2024-04-06T00:00:00.821Z [debug][Jellyfin Sync]: Title already exists and no new media types found Steve Jobs 
2024-04-06T00:00:04.657Z [info][Jellyfin Sync]: Beginning to process recently added for library: Shows 
2024-04-06T00:00:04.728Z [debug][Jellyfin Sync]: Updating existing title: Shōgun 
2024-04-06T00:00:04.728Z [debug][Jellyfin Sync]: Updating existing title: Severance 
2024-04-06T00:00:04.822Z [info][Jellyfin Sync]: Beginning to process library: Shows 
2024-04-06T00:00:04.925Z [debug][Jellyfin Sync]: Updating existing title: Severance 
2024-04-06T00:00:04.926Z [debug][Jellyfin Sync]: Updating existing title: Shōgun 
2024-04-06T00:00:08.733Z [info][Jellyfin Sync]: Recently Added Scan Complete 
2024-04-06T00:00:08.929Z [info][Jellyfin Sync]: Full Scan Complete 
2024-04-06T00:00:52.133Z [info][Jobs]: Starting scheduled job: Plex Watchlist Sync 
2024-04-06T00:01:00.009Z [debug][Jobs]: Starting scheduled job: Download Sync 
2024-04-06T00:02:00.009Z [debug][Jobs]: Starting scheduled job: Download Sync 
2024-04-06T00:03:00.009Z [debug][Jobs]: Starting scheduled job: Download Sync 
2024-04-06T00:04:00.005Z [debug][Jobs]: Starting scheduled job: Download Sync 
2024-04-06T00:05:00.010Z [debug][Jobs]: Starting scheduled job: Download Sync 
2024-04-06T00:05:00.013Z [info][Jobs]: Starting scheduled job: Jellyfin Recently Added Sync 
2024-04-06T00:05:00.013Z [info][Jellyfin Sync]: Jellyfin Sync Starting {"sessionId":"f6aa44ef-6a7b-4132-ab1c-91befd7a5353"}
2024-04-06T00:05:00.017Z [info][Jellyfin Sync]: Beginning to process recently added for library: Movies 
2024-04-06T00:05:00.042Z [debug][Jellyfin Sync]: Title already exists and no new media types found Steve Jobs 
2024-04-06T00:05:00.051Z [debug][Jellyfin Sync]: Title already exists and no new media types found The French Dispatch 
2024-04-06T00:05:00.621Z [debug][Jellyfin Sync]: Title already exists and no new media types found The Holdovers 
2024-04-06T00:05:04.625Z [info][Jellyfin Sync]: Beginning to process recently added for library: Shows 
2024-04-06T00:05:05.087Z [debug][Jellyfin Sync]: Updating existing title: Severance 
2024-04-06T00:05:05.087Z [debug][Jellyfin Sync]: Updating existing title: Shōgun 
2024-04-06T00:05:09.091Z [info][Jellyfin Sync]: Recently Added Scan Complete 
2024-04-06T00:06:00.012Z [debug][Jobs]: Starting scheduled job: Download Sync 
2024-04-06T00:07:00.013Z [debug][Jobs]: Starting scheduled job: Download Sync 
2024-04-06T00:08:00.011Z [debug][Jobs]: Starting scheduled job: Download Sync 
2024-04-06T00:09:00.009Z [debug][Jobs]: Starting scheduled job: Download Sync 
2024-04-06T00:10:00.008Z [debug][Jobs]: Starting scheduled job: Download Sync 
2024-04-06T00:10:00.019Z [info][Jobs]: Starting scheduled job: Jellyfin Recently Added Sync 
2024-04-06T00:10:00.020Z [info][Jellyfin Sync]: Jellyfin Sync Starting {"sessionId":"156af2e1-bfdd-4212-8b3c-346ba8175a56"}
2024-04-06T00:10:00.030Z [info][Jellyfin Sync]: Beginning to process recently added for library: Movies 
2024-04-06T00:10:00.084Z [debug][Jellyfin Sync]: Title already exists and no new media types found The Holdovers 
2024-04-06T00:10:00.523Z [debug][Jellyfin Sync]: Title already exists and no new media types found Steve Jobs 
2024-04-06T00:10:00.570Z [debug][Jellyfin Sync]: Title already exists and no new media types found The French Dispatch 
2024-04-06T00:10:04.575Z [info][Jellyfin Sync]: Beginning to process recently added for library: Shows 
2024-04-06T00:10:04.625Z [debug][Jellyfin Sync]: Updating existing title: Shōgun 
2024-04-06T00:10:04.628Z [debug][Jellyfin Sync]: Updating existing title: Severance 
2024-04-06T00:10:08.632Z [info][Jellyfin Sync]: Recently Added Scan Complete 
2024-04-06T00:11:00.006Z [debug][Jobs]: Starting scheduled job: Download Sync 
2024-04-06T00:12:00.012Z [debug][Jobs]: Starting scheduled job: Download Sync 
2024-04-06T00:13:00.012Z [debug][Jobs]: Starting scheduled job: Download Sync 
2024-04-06T00:14:00.007Z [debug][Jobs]: Starting scheduled job: Download Sync 
2024-04-06T00:15:00.007Z [debug][Jobs]: Starting scheduled job: Download Sync 
2024-04-06T00:15:00.012Z [info][Jobs]: Starting scheduled job: Jellyfin Recently Added Sync 
2024-04-06T00:15:00.012Z [info][Jellyfin Sync]: Jellyfin Sync Starting {"sessionId":"c65bebd9-930b-48b3-abbf-11ff91a3695b"}
2024-04-06T00:15:00.016Z [info][Jellyfin Sync]: Beginning to process recently added for library: Movies 
2024-04-06T00:15:00.055Z [debug][Jellyfin Sync]: Title already exists and no new media types found The French Dispatch 
2024-04-06T00:15:00.057Z [debug][Jellyfin Sync]: Title already exists and no new media types found Steve Jobs 
2024-04-06T00:15:00.618Z [debug][Jellyfin Sync]: Title already exists and no new media types found The Holdovers 
2024-04-06T00:15:04.619Z [info][Jellyfin Sync]: Beginning to process recently added for library: Shows 
2024-04-06T00:15:05.155Z [debug][Jellyfin Sync]: Updating existing title: Shōgun 
2024-04-06T00:15:05.156Z [debug][Jellyfin Sync]: Updating existing title: Severance 
2024-04-06T00:15:09.159Z [info][Jellyfin Sync]: Recently Added Scan Complete 
2024-04-06T00:15:16.229Z [info][Jobs]: Starting scheduled job: Plex Watchlist Sync 
2024-04-06T00:16:00.010Z [debug][Jobs]: Starting scheduled job: Download Sync 
2024-04-06T00:17:00.010Z [debug][Jobs]: Starting scheduled job: Download Sync 
2024-04-06T00:18:00.009Z [debug][Jobs]: Starting scheduled job: Download Sync 
2024-04-06T00:19:00.008Z [debug][Jobs]: Starting scheduled job: Download Sync 
2024-04-06T00:20:00.011Z [debug][Jobs]: Starting scheduled job: Download Sync 
2024-04-06T00:20:00.014Z [info][Jobs]: Starting scheduled job: Jellyfin Recently Added Sync 
2024-04-06T00:20:00.014Z [info][Jellyfin Sync]: Jellyfin Sync Starting {"sessionId":"59a8fa10-94be-488c-aaa5-d223298cb40b"}
2024-04-06T00:20:00.017Z [info][Jellyfin Sync]: Beginning to process recently added for library: Movies 
2024-04-06T00:20:00.047Z [debug][Jellyfin Sync]: Title already exists and no new media types found The Holdovers 
2024-04-06T00:20:00.644Z [debug][Jellyfin Sync]: Title already exists and no new media types found Steve Jobs 
2024-04-06T00:20:00.665Z [debug][Jellyfin Sync]: Title already exists and no new media types found The French Dispatch 
2024-04-06T00:20:04.669Z [info][Jellyfin Sync]: Beginning to process recently added for library: Shows 
2024-04-06T00:20:04.711Z [debug][Jellyfin Sync]: Updating existing title: Shōgun 
2024-04-06T00:20:04.713Z [debug][Jellyfin Sync]: Updating existing title: Severance 
2024-04-06T00:20:08.718Z [info][Jellyfin Sync]: Recently Added Scan Complete 
2024-04-06T00:21:00.008Z [debug][Jobs]: Starting scheduled job: Download Sync 
