/videos/b3b47ccc-0e75-870d-706d-1a162a2fcbfa/hls1/main/0.ts

{"Protocol":0,"Id":"b3b47ccc0e75870d706d1a162a2fcbfa","Path":"/data/tv/Sh\u014Dgun/Season 1/Shogun.2024.S01E04.The.Eightfold.Fence.2160p.DSNP.WEB-DL.DDP5.1.H.265-FLUX.mkv","EncoderPath":null,"EncoderProtocol":null,"Type":0,"Container":"mkv,webm","Size":5481179136,"Name":"Shogun.2024.S01E04.The.Eightfold.Fence.2160p.DSNP.WEB-DL.DDP5.1.H.265-FLUX","IsRemote":false,"ETag":"4baf807318abb95674b6489413bd78b2","RunTimeTicks":34023340032,"ReadAtNativeFramerate":false,"IgnoreDts":false,"IgnoreIndex":false,"GenPtsInput":false,"SupportsTranscoding":true,"SupportsDirectStream":true,"SupportsDirectPlay":true,"IsInfiniteStream":false,"RequiresOpening":false,"OpenToken":null,"RequiresClosing":false,"LiveStreamId":null,"BufferMs":null,"RequiresLooping":false,"SupportsProbing":true,"VideoType":0,"IsoType":null,"Video3DFormat":null,"MediaStreams":[{"Codec":"hevc","CodecTag":null,"Language":"eng","ColorRange":null,"ColorSpace":"bt709","ColorTransfer":"bt709","ColorPrimaries":"bt709","DvVersionMajor":null,"DvVersionMinor":null,"DvProfile":null,"DvLevel":null,"RpuPresentFlag":null,"ElPresentFlag":null,"BlPresentFlag":null,"DvBlSignalCompatibilityId":null,"Comment":null,"TimeBase":"1/1000","CodecTimeBase":null,"Title":null,"VideoRange":"SDR","VideoRangeType":"SDR","VideoDoViTitle":null,"LocalizedUndefined":null,"LocalizedDefault":null,"LocalizedForced":null,"LocalizedExternal":null,"DisplayTitle":"4K HEVC SDR","NalLengthSize":null,"IsInterlaced":false,"IsAVC":null,"ChannelLayout":null,"BitRate":12888045,"BitDepth":10,"RefFrames":1,"PacketLength":null,"Channels":null,"SampleRate":null,"IsDefault":true,"IsForced":false,"Height":2160,"Width":3840,"AverageFrameRate":24,"RealFrameRate":24,"Profile":"Main 10","Type":1,"AspectRatio":"16:9","Index":0,"Score":null,"IsExternal":false,"DeliveryMethod":null,"DeliveryUrl":null,"IsExternalUrl":null,"IsTextSubtitleStream":false,"SupportsExternalStream":false,"Path":null,"PixelFormat":"yuv420p10le","Level":150,"IsAnamorphic":null},{"Codec":"eac3","CodecTag":null,"Language":"eng","ColorRange":null,"ColorSpace":null,"ColorTransfer":null,"ColorPrimaries":null,"DvVersionMajor":null,"DvVersionMinor":null,"DvProfile":null,"DvLevel":null,"RpuPresentFlag":null,"ElPresentFlag":null,"BlPresentFlag":null,"DvBlSignalCompatibilityId":null,"Comment":null,"TimeBase":"1/1000","CodecTimeBase":null,"Title":null,"VideoRange":null,"VideoRangeType":null,"VideoDoViTitle":null,"LocalizedUndefined":null,"LocalizedDefault":null,"LocalizedForced":null,"LocalizedExternal":null,"DisplayTitle":"English - Dolby Digital\u002B - 5.1 - Default","NalLengthSize":null,"IsInterlaced":false,"IsAVC":null,"ChannelLayout":"5.1","BitRate":256000,"BitDepth":null,"RefFrames":null,"PacketLength":null,"Channels":6,"SampleRate":48000,"IsDefault":true,"IsForced":false,"Height":null,"Width":null,"AverageFrameRate":null,"RealFrameRate":null,"Profile":null,"Type":0,"AspectRatio":null,"Index":1,"Score":null,"IsExternal":false,"DeliveryMethod":null,"DeliveryUrl":null,"IsExternalUrl":null,"IsTextSubtitleStream":false,"SupportsExternalStream":false,"Path":null,"PixelFormat":null,"Level":0,"IsAnamorphic":null},{"Codec":"subrip","CodecTag":null,"Language":"eng","ColorRange":null,"ColorSpace":null,"ColorTransfer":null,"ColorPrimaries":null,"DvVersionMajor":null,"DvVersionMinor":null,"DvProfile":null,"DvLevel":null,"RpuPresentFlag":null,"ElPresentFlag":null,"BlPresentFlag":null,"DvBlSignalCompatibilityId":null,"Comment":null,"TimeBase":"1/1000","CodecTimeBase":null,"Title":null,"VideoRange":null,"VideoRangeType":null,"VideoDoViTitle":null,"LocalizedUndefined":"Undefined","LocalizedDefault":"Default","LocalizedForced":"Forced","LocalizedExternal":"External","DisplayTitle":"English - SUBRIP","NalLengthSize":null,"IsInterlaced":false,"IsAVC":null,"ChannelLayout":null,"BitRate":null,"BitDepth":null,"RefFrames":null,"PacketLength":null,"Channels":null,"SampleRate":null,"IsDefault":false,"IsForced":false,"Height":null,"Width":null,"AverageFrameRate":null,"RealFrameRate":null,"Profile":null,"Type":2,"AspectRatio":null,"Index":2,"Score":null,"IsExternal":false,"DeliveryMethod":null,"DeliveryUrl":null,"IsExternalUrl":null,"IsTextSubtitleStream":true,"SupportsExternalStream":true,"Path":null,"PixelFormat":null,"Level":0,"IsAnamorphic":null},{"Codec":"subrip","CodecTag":null,"Language":"eng","ColorRange":null,"ColorSpace":null,"ColorTransfer":null,"ColorPrimaries":null,"DvVersionMajor":null,"DvVersionMinor":null,"DvProfile":null,"DvLevel":null,"RpuPresentFlag":null,"ElPresentFlag":null,"BlPresentFlag":null,"DvBlSignalCompatibilityId":null,"Comment":null,"TimeBase":"1/1000","CodecTimeBase":null,"Title":"SDH","VideoRange":null,"VideoRangeType":null,"VideoDoViTitle":null,"LocalizedUndefined":"Undefined","LocalizedDefault":"Default","LocalizedForced":"Forced","LocalizedExternal":"External","DisplayTitle":"SDH - English - SUBRIP","NalLengthSize":null,"IsInterlaced":false,"IsAVC":null,"ChannelLayout":null,"BitRate":null,"BitDepth":null,"RefFrames":null,"PacketLength":null,"Channels":null,"SampleRate":null,"IsDefault":false,"IsForced":false,"Height":null,"Width":null,"AverageFrameRate":null,"RealFrameRate":null,"Profile":null,"Type":2,"AspectRatio":null,"Index":3,"Score":null,"IsExternal":false,"DeliveryMethod":null,"DeliveryUrl":null,"IsExternalUrl":null,"IsTextSubtitleStream":true,"SupportsExternalStream":true,"Path":null,"PixelFormat":null,"Level":0,"IsAnamorphic":null}],"MediaAttachments":[],"Formats":[],"Bitrate":13144045,"Timestamp":null,"RequiredHttpHeaders":{},"TranscodingUrl":null,"TranscodingSubProtocol":null,"TranscodingContainer":null,"AnalyzeDurationMs":null,"DefaultAudioStreamIndex":null,"DefaultSubtitleStreamIndex":null}

/usr/lib/jellyfin-ffmpeg/ffmpeg -analyzeduration 200M -f matroska,webm -autorotate 0 -i file:"/data/tv/Shōgun/Season 1/Shogun.2024.S01E04.The.Eightfold.Fence.2160p.DSNP.WEB-DL.DDP5.1.H.265-FLUX.mkv" -map_metadata -1 -map_chapters -1 -threads 0 -map 0:0 -map 0:1 -map -0:s -codec:v:0 libx264 -preset veryfast -crf 23 -maxrate 21480075 -bufsize 42960150 -x264opts:0 subme=0:me_range=4:rc_lookahead=10:me=dia:no_chroma_me:8x8dct=0:partitions=none -force_key_frames:0 "expr:gte(t,0+n_forced*3)" -sc_threshold:v:0 0 -vf "setparams=color_primaries=bt709:color_trc=bt709:colorspace=bt709,scale=trunc(min(max(iw\,ih*a)\,min(3840\,2160*a))/2)*2:trunc(min(max(iw/a\,ih)\,min(3840/a\,2160))/2)*2,format=yuv420p" -codec:a:0 libfdk_aac -ac 2 -ab 384000 -af "volume=2" -copyts -avoid_negative_ts disabled -max_muxing_queue_size 2048 -f hls -max_delay 5000000 -hls_time 3 -hls_segment_type mpegts -start_number 0 -hls_segment_filename "/config/data/transcodes/95b88744f1a9694399aa3dbda76d6bfe%d.ts" -hls_playlist_type vod -hls_list_size 0 -y "/config/data/transcodes/95b88744f1a9694399aa3dbda76d6bfe.m3u8"


ffmpeg version 5.1.4-Jellyfin Copyright (c) 2000-2023 the FFmpeg developers
  built with gcc 11 (Ubuntu 11.4.0-1ubuntu1~22.04)
  configuration: --prefix=/usr/lib/jellyfin-ffmpeg --target-os=linux --extra-libs=-lfftw3f --extra-version=Jellyfin --disable-doc --disable-ffplay --disable-ptx-compression --disable-static --disable-libxcb --disable-sdl2 --disable-xlib --enable-lto --enable-gpl --enable-version3 --enable-shared --enable-gmp --enable-gnutls --enable-chromaprint --enable-libdrm --enable-libass --enable-libfreetype --enable-libfribidi --enable-libfontconfig --enable-libbluray --enable-libmp3lame --enable-libopus --enable-libtheora --enable-libvorbis --enable-libopenmpt --enable-libdav1d --enable-libsvtav1 --enable-libwebp --enable-libvpx --enable-libx264 --enable-libx265 --enable-libzvbi --enable-libzimg --enable-libfdk-aac --arch=amd64 --enable-libshaderc --enable-libplacebo --enable-vulkan --enable-opencl --enable-vaapi --enable-amf --enable-libmfx --enable-ffnvcodec --enable-cuda --enable-cuda-llvm --enable-cuvid --enable-nvdec --enable-nvenc
  libavutil      57. 28.100 / 57. 28.100
  libavcodec     59. 37.100 / 59. 37.100
  libavformat    59. 27.100 / 59. 27.100
  libavdevice    59.  7.100 / 59.  7.100
  libavfilter     8. 44.100 /  8. 44.100
  libswscale      6.  7.100 /  6.  7.100
  libswresample   4.  7.100 /  4.  7.100
  libpostproc    56.  6.100 / 56.  6.100
Input #0, matroska,webm, from 'file:/data/tv/Shōgun/Season 1/Shogun.2024.S01E04.The.Eightfold.Fence.2160p.DSNP.WEB-DL.DDP5.1.H.265-FLUX.mkv':
  Metadata:
    encoder         : libebml v1.4.4 + libmatroska v1.7.1
  Duration: 00:56:42.33, start: 0.000000, bitrate: 12888 kb/s
  Chapters:
    Chapter #0:0: start 3303.875000, end 3402.334000
      Metadata:
        title           : Credits
  Stream #0:0(eng): Video: hevc (Main 10), yuv420p10le(tv, bt709), 3840x2160 [SAR 1:1 DAR 16:9], 24 fps, 24 tbr, 1k tbn (default) (original)
    Metadata:
      BPS             : 12629891
      DURATION        : 00:56:42.334000000
      NUMBER_OF_FRAMES: 81656
      NUMBER_OF_BYTES : 5371388859
      _STATISTICS_WRITING_APP: mkvmerge v79.0 ('Funeral Pyres') 64-bit
      _STATISTICS_TAGS: BPS DURATION NUMBER_OF_FRAMES NUMBER_OF_BYTES
  Stream #0:1(eng): Audio: eac3, 48000 Hz, 5.1(side), fltp, 256 kb/s (default) (original)
    Metadata:
      BPS             : 256000
      DURATION        : 00:56:42.304000000
      NUMBER_OF_FRAMES: 106322
      NUMBER_OF_BYTES : 108873728
      _STATISTICS_WRITING_APP: mkvmerge v79.0 ('Funeral Pyres') 64-bit
      _STATISTICS_TAGS: BPS DURATION NUMBER_OF_FRAMES NUMBER_OF_BYTES
  Stream #0:2(eng): Subtitle: subrip (original)
    Metadata:
      BPS             : 30
      DURATION        : 00:56:07.298000000
      NUMBER_OF_FRAMES: 452
      NUMBER_OF_BYTES : 12925
      _STATISTICS_WRITING_APP: mkvmerge v79.0 ('Funeral Pyres') 64-bit
      _STATISTICS_TAGS: BPS DURATION NUMBER_OF_FRAMES NUMBER_OF_BYTES
  Stream #0:3(eng): Subtitle: subrip (original) (hearing impaired)
    Metadata:
      title           : SDH
      BPS             : 34
      DURATION        : 00:56:29.954000000
      NUMBER_OF_FRAMES: 533
      NUMBER_OF_BYTES : 14491
      _STATISTICS_WRITING_APP: mkvmerge v79.0 ('Funeral Pyres') 64-bit
      _STATISTICS_TAGS: BPS DURATION NUMBER_OF_FRAMES NUMBER_OF_BYTES
Stream mapping:
  Stream #0:0 -> #0:0 (hevc (native) -> h264 (libx264))
  Stream #0:1 -> #0:1 (eac3 (native) -> aac (libfdk_aac))
Press [q] to stop, [?] for help
[libx264 @ 0x5580220a11c0] using SAR=1/1
[libx264 @ 0x5580220a11c0] using cpu capabilities: MMX2 SSE2Fast SSSE3 SSE4.2 AVX FMA3 BMI2 AVX2
[libx264 @ 0x5580220a11c0] profile Main, level 5.1, 4:2:0, 8-bit
[libx264 @ 0x5580220a11c0] 264 - core 163 r3060 5db6aa6 - H.264/MPEG-4 AVC codec - Copyleft 2003-2021 - http://www.videolan.org/x264.html - options: cabac=1 ref=1 deblock=1:0:0 analyse=0x1:0 me=dia subme=0 psy=1 psy_rd=1.00:0.00 mixed_ref=0 me_range=4 chroma_me=0 trellis=0 8x8dct=0 cqm=0 deadzone=21,11 fast_pskip=1 chroma_qp_offset=0 threads=12 lookahead_threads=2 sliced_threads=0 nr=0 decimate=1 interlaced=0 bluray_compat=0 constrained_intra=0 bframes=3 b_pyramid=2 b_adapt=1 b_bias=0 direct=1 weightb=1 open_gop=0 weightp=1 keyint=250 keyint_min=24 scenecut=0 intra_refresh=0 rc_lookahead=10 rc=crf mbtree=1 crf=23.0 qcomp=0.60 qpmin=0 qpmax=69 qpstep=4 vbv_maxrate=21480 vbv_bufsize=42960 crf_max=0.0 nal_hrd=none filler=0 ip_ratio=1.40 aq=1:1.00
Output #0, hls, to '/config/data/transcodes/95b88744f1a9694399aa3dbda76d6bfe.m3u8':
  Metadata:
    encoder         : Lavf59.27.100
  Stream #0:0: Video: h264, yuv420p(tv, bt709, progressive), 3840x2160 [SAR 1:1 DAR 16:9], q=2-31, 24 fps, 90k tbn (default) (original)
    Metadata:
      encoder         : Lavc59.37.100 libx264
    Side data:
      cpb: bitrate max/min/avg: 21480000/0/0 buffer size: 42960000 vbv_delay: N/A
  Stream #0:1: Audio: aac, 48000 Hz, stereo, s16, 384 kb/s (default) (original)
    Metadata:
      encoder         : Lavc59.37.100 libfdk_aac
frame=    1 fps=0.0 q=0.0 size=N/A time=00:00:00.00 bitrate=N/A speed=   0x    
frame=   29 fps=0.0 q=28.0 size=N/A time=00:00:01.02 bitrate=N/A speed= 1.7x    
frame=   49 fps= 44 q=28.0 size=N/A time=00:00:01.92 bitrate=N/A speed=1.73x    
frame=   72 fps= 44 q=28.0 size=N/A time=00:00:02.85 bitrate=N/A speed=1.76x    
frame=   95 fps= 45 q=28.0 size=N/A time=00:00:03.75 bitrate=N/A speed=1.76x    
[hls @ 0x55802209e980] Opening '/config/data/transcodes/95b88744f1a9694399aa3dbda76d6bfe0.ts' for writing
frame=  117 fps= 44 q=28.0 size=N/A time=00:00:04.54 bitrate=N/A speed=1.72x    
frame=  139 fps= 44 q=28.0 size=N/A time=00:00:05.54 bitrate=N/A speed=1.76x    
frame=  164 fps= 45 q=28.0 size=N/A time=00:00:06.59 bitrate=N/A speed= 1.8x    
[hls @ 0x55802209e980] Opening '/config/data/transcodes/95b88744f1a9694399aa3dbda76d6bfe1.ts' for writing
frame=  184 fps= 44 q=28.0 size=N/A time=00:00:07.29 bitrate=N/A speed=1.75x    
frame=  202 fps= 43 q=28.0 size=N/A time=00:00:08.29 bitrate=N/A speed=1.77x    
frame=  218 fps= 41 q=28.0 size=N/A time=00:00:08.70 bitrate=N/A speed=1.66x    
frame=  234 fps= 41 q=28.0 size=N/A time=00:00:09.47 bitrate=N/A speed=1.64x    

[q] command received. Exiting.

[hls @ 0x55802209e980] Opening '/config/data/transcodes/95b88744f1a9694399aa3dbda76d6bfe2.ts' for writing
[hls @ 0x55802209e980] Opening '/config/data/transcodes/95b88744f1a9694399aa3dbda76d6bfe3.ts' for writing
frame=  237 fps= 39 q=-1.0 Lsize=N/A time=00:00:09.77 bitrate=N/A speed= 1.6x    
video:2482kB audio:492kB subtitle:0kB other streams:0kB global headers:0kB muxing overhead: unknown
[libx264 @ 0x5580220a11c0] frame I:4     Avg QP: 9.60  size: 47585
[libx264 @ 0x5580220a11c0] frame P:67    Avg QP:17.60  size: 20640
[libx264 @ 0x5580220a11c0] frame B:166   Avg QP:20.61  size:  5829
[libx264 @ 0x5580220a11c0] consecutive B-frames:  4.6%  2.5% 10.1% 82.7%
[libx264 @ 0x5580220a11c0] mb I  I16..4: 96.3%  0.0%  3.7%
[libx264 @ 0x5580220a11c0] mb P  I16..4: 16.7%  0.0%  0.0%  P16..4:  3.2%  0.0%  0.0%  0.0%  0.0%    skip:80.1%
[libx264 @ 0x5580220a11c0] mb B  I16..4:  1.1%  0.0%  0.0%  B16..8:  2.4%  0.0%  0.0%  direct: 0.9%  skip:95.6%  L0:37.0% L1:49.8% BI:13.3%
[libx264 @ 0x5580220a11c0] coded y,uvDC,uvAC intra: 12.1% 19.1% 7.9% inter: 0.8% 1.8% 0.1%
[libx264 @ 0x5580220a11c0] i16 v,h,dc,p: 72% 16%  5%  7%
[libx264 @ 0x5580220a11c0] i4 v,h,dc,ddl,ddr,vr,hd,vl,hu: 20% 29% 15% 10%  7%  6%  5%  5%  4%
[libx264 @ 0x5580220a11c0] i8c dc,h,v,p: 78% 12%  7%  3%
[libx264 @ 0x5580220a11c0] Weighted P-Frames: Y:28.4% UV:17.9%
[libx264 @ 0x5580220a11c0] kb/s:2058.39