/videos/f7ddbf10-d455-de8a-cc70-43c53a67da3a/hls1/main/186.ts

{"Protocol":0,"Id":"f7ddbf10d455de8acc7043c53a67da3a","Path":"/data/tv/The Bear/Season 1/The.Bear.S01E01.System.2160p.HULU.WEB-DL.DDP5.1.H.265-PrimeFix.mkv","EncoderPath":null,"EncoderProtocol":null,"Type":0,"Container":"mkv,webm","Size":3283689728,"Name":"The.Bear.S01E01.System.2160p.HULU.WEB-DL.DDP5.1.H.265-PrimeFix","IsRemote":false,"ETag":"85b251bfaa3878722c29a1036ea35c0a","RunTimeTicks":16780800000,"ReadAtNativeFramerate":false,"IgnoreDts":false,"IgnoreIndex":false,"GenPtsInput":false,"SupportsTranscoding":true,"SupportsDirectStream":true,"SupportsDirectPlay":true,"IsInfiniteStream":false,"RequiresOpening":false,"OpenToken":null,"RequiresClosing":false,"LiveStreamId":null,"BufferMs":null,"RequiresLooping":false,"SupportsProbing":true,"VideoType":0,"IsoType":null,"Video3DFormat":null,"MediaStreams":[{"Codec":"hevc","CodecTag":null,"Language":null,"ColorRange":null,"ColorSpace":null,"ColorTransfer":null,"ColorPrimaries":null,"DvVersionMajor":null,"DvVersionMinor":null,"DvProfile":null,"DvLevel":null,"RpuPresentFlag":null,"ElPresentFlag":null,"BlPresentFlag":null,"DvBlSignalCompatibilityId":null,"Comment":null,"TimeBase":"1/1000","CodecTimeBase":null,"Title":null,"VideoRange":"SDR","VideoRangeType":"SDR","VideoDoViTitle":null,"LocalizedUndefined":null,"LocalizedDefault":null,"LocalizedForced":null,"LocalizedExternal":null,"DisplayTitle":"4K HEVC SDR","NalLengthSize":null,"IsInterlaced":false,"IsAVC":null,"ChannelLayout":null,"BitRate":15654508,"BitDepth":10,"RefFrames":1,"PacketLength":null,"Channels":null,"SampleRate":null,"IsDefault":true,"IsForced":false,"Height":2160,"Width":3840,"AverageFrameRate":23.976025,"RealFrameRate":23.976025,"Profile":"Main 10","Type":1,"AspectRatio":"16:9","Index":0,"Score":null,"IsExternal":false,"DeliveryMethod":null,"DeliveryUrl":null,"IsExternalUrl":null,"IsTextSubtitleStream":false,"SupportsExternalStream":false,"Path":null,"PixelFormat":"yuv420p10le","Level":153,"IsAnamorphic":null},{"Codec":"eac3","CodecTag":null,"Language":"eng","ColorRange":null,"ColorSpace":null,"ColorTransfer":null,"ColorPrimaries":null,"DvVersionMajor":null,"DvVersionMinor":null,"DvProfile":null,"DvLevel":null,"RpuPresentFlag":null,"ElPresentFlag":null,"BlPresentFlag":null,"DvBlSignalCompatibilityId":null,"Comment":null,"TimeBase":"1/1000","CodecTimeBase":null,"Title":null,"VideoRange":null,"VideoRangeType":null,"VideoDoViTitle":null,"LocalizedUndefined":null,"LocalizedDefault":null,"LocalizedForced":null,"LocalizedExternal":null,"DisplayTitle":"English - Dolby Digital\u002B - 5.1 - Default","NalLengthSize":null,"IsInterlaced":false,"IsAVC":null,"ChannelLayout":"5.1","BitRate":256000,"BitDepth":null,"RefFrames":null,"PacketLength":null,"Channels":6,"SampleRate":48000,"IsDefault":true,"IsForced":false,"Height":null,"Width":null,"AverageFrameRate":null,"RealFrameRate":null,"Profile":null,"Type":0,"AspectRatio":null,"Index":1,"Score":null,"IsExternal":false,"DeliveryMethod":null,"DeliveryUrl":null,"IsExternalUrl":null,"IsTextSubtitleStream":false,"SupportsExternalStream":false,"Path":null,"PixelFormat":null,"Level":0,"IsAnamorphic":null},{"Codec":"subrip","CodecTag":null,"Language":"eng","ColorRange":null,"ColorSpace":null,"ColorTransfer":null,"ColorPrimaries":null,"DvVersionMajor":null,"DvVersionMinor":null,"DvProfile":null,"DvLevel":null,"RpuPresentFlag":null,"ElPresentFlag":null,"BlPresentFlag":null,"DvBlSignalCompatibilityId":null,"Comment":null,"TimeBase":"1/1000","CodecTimeBase":null,"Title":null,"VideoRange":null,"VideoRangeType":null,"VideoDoViTitle":null,"LocalizedUndefined":"Undefined","LocalizedDefault":"Default","LocalizedForced":"Forced","LocalizedExternal":"External","DisplayTitle":"English - SUBRIP","NalLengthSize":null,"IsInterlaced":false,"IsAVC":null,"ChannelLayout":null,"BitRate":null,"BitDepth":null,"RefFrames":null,"PacketLength":null,"Channels":null,"SampleRate":null,"IsDefault":false,"IsForced":false,"Height":null,"Width":null,"AverageFrameRate":null,"RealFrameRate":null,"Profile":null,"Type":2,"AspectRatio":null,"Index":2,"Score":null,"IsExternal":false,"DeliveryMethod":null,"DeliveryUrl":null,"IsExternalUrl":null,"IsTextSubtitleStream":true,"SupportsExternalStream":true,"Path":null,"PixelFormat":null,"Level":0,"IsAnamorphic":null}],"MediaAttachments":[],"Formats":[],"Bitrate":15910508,"Timestamp":null,"RequiredHttpHeaders":{},"TranscodingUrl":null,"TranscodingSubProtocol":null,"TranscodingContainer":null,"AnalyzeDurationMs":null,"DefaultAudioStreamIndex":null,"DefaultSubtitleStreamIndex":null}

/usr/lib/jellyfin-ffmpeg/ffmpeg -analyzeduration 200M -ss 00:09:18.000 -f matroska,webm -autorotate 0 -i file:"/data/tv/The Bear/Season 1/The.Bear.S01E01.System.2160p.HULU.WEB-DL.DDP5.1.H.265-PrimeFix.mkv" -map_metadata -1 -map_chapters -1 -threads 0 -map 0:0 -map 0:1 -map -0:s -codec:v:0 libx264 -preset veryfast -crf 23 -maxrate 26090847 -bufsize 52181694 -x264opts:0 subme=0:me_range=4:rc_lookahead=10:me=dia:no_chroma_me:8x8dct=0:partitions=none -force_key_frames:0 "expr:gte(t,558+n_forced*3)" -sc_threshold:v:0 0 -vf "setparams=color_primaries=bt709:color_trc=bt709:colorspace=bt709,scale=trunc(min(max(iw\,ih*a)\,min(3840\,2160*a))/2)*2:trunc(min(max(iw/a\,ih)\,min(3840/a\,2160))/2)*2,format=yuv420p" -codec:a:0 libfdk_aac -ac 2 -ab 384000 -af "volume=2" -copyts -avoid_negative_ts disabled -max_muxing_queue_size 2048 -f hls -max_delay 5000000 -hls_time 3 -hls_segment_type mpegts -start_number 186 -hls_segment_filename "/config/data/transcodes/fc635d201a281c882886c035a1feb694%d.ts" -hls_playlist_type vod -hls_list_size 0 -y "/config/data/transcodes/fc635d201a281c882886c035a1feb694.m3u8"


ffmpeg version 5.1.4-Jellyfin Copyright (c) 2000-2023 the FFmpeg developers
  built with gcc 11 (Ubuntu 11.4.0-1ubuntu1~22.04)
  configuration: --prefix=/usr/lib/jellyfin-ffmpeg --target-os=linux --extra-libs=-lfftw3f --extra-version=Jellyfin --disable-doc --disable-ffplay --disable-ptx-compression --disable-static --disable-libxcb --disable-sdl2 --disable-xlib --enable-lto --enable-gpl --enable-version3 --enable-shared --enable-gmp --enable-gnutls --enable-chromaprint --enable-libdrm --enable-libass --enable-libfreetype --enable-libfribidi --enable-libfontconfig --enable-libbluray --enable-libmp3lame --enable-libopus --enable-libtheora --enable-libvorbis --enable-libopenmpt --enable-libdav1d --enable-libsvtav1 --enable-libwebp --enable-libvpx --enable-libx264 --enable-libx265 --enable-libzvbi --enable-libzimg --enable-libfdk-aac --arch=amd64 --enable-libshaderc --enable-libplacebo --enable-vulkan --enable-opencl --enable-vaapi --enable-amf --enable-libmfx --enable-ffnvcodec --enable-cuda --enable-cuda-llvm --enable-cuvid --enable-nvdec --enable-nvenc
  libavutil      57. 28.100 / 57. 28.100
  libavcodec     59. 37.100 / 59. 37.100
  libavformat    59. 27.100 / 59. 27.100
  libavdevice    59.  7.100 / 59.  7.100
  libavfilter     8. 44.100 /  8. 44.100
  libswscale      6.  7.100 /  6.  7.100
  libswresample   4.  7.100 /  4.  7.100
  libpostproc    56.  6.100 / 56.  6.100
Input #0, matroska,webm, from 'file:/data/tv/The Bear/Season 1/The.Bear.S01E01.System.2160p.HULU.WEB-DL.DDP5.1.H.265-PrimeFix.mkv':
  Metadata:
    encoder         : libebml v1.4.2 + libmatroska v1.6.4
    creation_time   : 2023-12-31T08:19:22.000000Z
  Duration: 00:27:58.08, start: 0.000000, bitrate: 15654 kb/s
  Stream #0:0: Video: hevc (Main 10), yuv420p10le(tv), 3840x2160 [SAR 1:1 DAR 16:9], 23.98 fps, 23.98 tbr, 1k tbn (default)
    Metadata:
      BPS             : 15397297
      DURATION        : 00:27:57.968000000
      NUMBER_OF_FRAMES: 40231
      NUMBER_OF_BYTES : 3229521653
      _STATISTICS_WRITING_APP: mkvmerge v63.0.0 ('Everything') 32-bit
      _STATISTICS_WRITING_DATE_UTC: 2023-12-31 08:19:22
      _STATISTICS_TAGS: BPS DURATION NUMBER_OF_FRAMES NUMBER_OF_BYTES
  Stream #0:1(eng): Audio: eac3, 48000 Hz, 5.1(side), fltp, 256 kb/s (default)
    Metadata:
      BPS             : 256000
      DURATION        : 00:27:58.080000000
      NUMBER_OF_FRAMES: 52440
      NUMBER_OF_BYTES : 53698560
      _STATISTICS_WRITING_APP: mkvmerge v63.0.0 ('Everything') 32-bit
      _STATISTICS_WRITING_DATE_UTC: 2023-12-31 08:19:22
      _STATISTICS_TAGS: BPS DURATION NUMBER_OF_FRAMES NUMBER_OF_BYTES
  Stream #0:2(eng): Subtitle: subrip
    Metadata:
      BPS             : 107
      DURATION        : 00:27:28.696000000
      NUMBER_OF_FRAMES: 602
      NUMBER_OF_BYTES : 22057
      _STATISTICS_WRITING_APP: mkvmerge v63.0.0 ('Everything') 32-bit
      _STATISTICS_WRITING_DATE_UTC: 2023-12-31 08:19:22
      _STATISTICS_TAGS: BPS DURATION NUMBER_OF_FRAMES NUMBER_OF_BYTES
Stream mapping:
  Stream #0:0 -> #0:0 (hevc (native) -> h264 (libx264))
  Stream #0:1 -> #0:1 (eac3 (native) -> aac (libfdk_aac))
Press [q] to stop, [?] for help
[libx264 @ 0x5606d378db40] using SAR=1/1
[libx264 @ 0x5606d378db40] using cpu capabilities: MMX2 SSE2Fast SSSE3 SSE4.2 AVX FMA3 BMI2 AVX2
[libx264 @ 0x5606d378db40] profile Main, level 5.1, 4:2:0, 8-bit
[libx264 @ 0x5606d378db40] 264 - core 163 r3060 5db6aa6 - H.264/MPEG-4 AVC codec - Copyleft 2003-2021 - http://www.videolan.org/x264.html - options: cabac=1 ref=1 deblock=1:0:0 analyse=0x1:0 me=dia subme=0 psy=1 psy_rd=1.00:0.00 mixed_ref=0 me_range=4 chroma_me=0 trellis=0 8x8dct=0 cqm=0 deadzone=21,11 fast_pskip=1 chroma_qp_offset=0 threads=12 lookahead_threads=2 sliced_threads=0 nr=0 decimate=1 interlaced=0 bluray_compat=0 constrained_intra=0 bframes=3 b_pyramid=2 b_adapt=1 b_bias=0 direct=1 weightb=1 open_gop=0 weightp=1 keyint=250 keyint_min=23 scenecut=0 intra_refresh=0 rc_lookahead=10 rc=crf mbtree=1 crf=23.0 qcomp=0.60 qpmin=0 qpmax=69 qpstep=4 vbv_maxrate=26090 vbv_bufsize=52181 crf_max=0.0 nal_hrd=none filler=0 ip_ratio=1.40 aq=1:1.00
Output #0, hls, to '/config/data/transcodes/fc635d201a281c882886c035a1feb694.m3u8':
  Metadata:
    encoder         : Lavf59.27.100
  Stream #0:0: Video: h264, yuv420p(tv, bt709, progressive), 3840x2160 [SAR 1:1 DAR 16:9], q=2-31, 23.98 fps, 90k tbn (default)
    Metadata:
      encoder         : Lavc59.37.100 libx264
    Side data:
      cpb: bitrate max/min/avg: 26090000/0/0 buffer size: 52181000 vbv_delay: N/A
  Stream #0:1: Audio: aac, 48000 Hz, stereo, s16, 384 kb/s (default)
    Metadata:
      encoder         : Lavc59.37.100 libfdk_aac
frame=    1 fps=0.0 q=0.0 size=N/A time=00:00:00.00 bitrate=N/A speed=   0x    
frame=   13 fps=9.1 q=0.0 size=N/A time=00:00:00.51 bitrate=N/A speed=0.36x    
frame=   17 fps=8.3 q=0.0 size=N/A time=00:00:00.66 bitrate=N/A speed=0.321x    
frame=   24 fps=9.3 q=0.0 size=N/A time=00:00:01.17 bitrate=N/A speed=0.452x    
frame=   31 fps=9.8 q=28.0 size=N/A time=00:00:01.42 bitrate=N/A speed=0.45x    
frame=   38 fps= 10 q=28.0 size=N/A time=00:00:01.49 bitrate=N/A speed=0.399x    
frame=   47 fps= 11 q=28.0 size=N/A time=00:00:01.98 bitrate=N/A speed=0.465x    
frame=   53 fps= 11 q=28.0 size=N/A time=00:00:02.24 bitrate=N/A speed=0.468x    
frame=   58 fps= 11 q=28.0 size=N/A time=00:00:02.32 bitrate=N/A speed=0.438x    
frame=   65 fps= 11 q=28.0 size=N/A time=00:00:02.75 bitrate=N/A speed=0.472x    
frame=   72 fps= 11 q=28.0 size=N/A time=00:00:03.00 bitrate=N/A speed=0.465x    
frame=   77 fps= 11 q=28.0 size=N/A time=00:00:03.20 bitrate=N/A speed=0.455x    
frame=   83 fps= 11 q=28.0 size=N/A time=00:00:03.47 bitrate=N/A speed=0.455x    
frame=   91 fps= 11 q=28.0 size=N/A time=00:00:03.71 bitrate=N/A speed=0.448x    
frame=   97 fps= 11 q=28.0 size=N/A time=00:00:03.96 bitrate=N/A speed=0.445x    
frame=  103 fps= 11 q=28.0 size=N/A time=00:00:04.16 bitrate=N/A speed=0.435x    
frame=  108 fps= 11 q=28.0 size=N/A time=00:00:04.67 bitrate=N/A speed=0.463x    
frame=  113 fps= 11 q=28.0 size=N/A time=00:00:04.82 bitrate=N/A speed=0.455x    
frame=  119 fps= 11 q=28.0 size=N/A time=00:00:04.82 bitrate=N/A speed=0.434x    
frame=  126 fps= 11 q=28.0 size=N/A time=00:00:05.33 bitrate=N/A speed=0.458x    
frame=  133 fps= 11 q=28.0 size=N/A time=00:00:05.63 bitrate=N/A speed=0.461x    
frame=  142 fps= 11 q=28.0 size=N/A time=00:00:06.16 bitrate=N/A speed=0.48x    
frame=  147 fps= 11 q=28.0 size=N/A time=00:00:06.40 bitrate=N/A speed=0.48x    
frame=  156 fps= 11 q=28.0 size=N/A time=00:00:06.40 bitrate=N/A speed=0.462x    
frame=  161 fps= 11 q=28.0 size=N/A time=00:00:06.74 bitrate=N/A speed=0.469x    
frame=  167 fps= 11 q=28.0 size=N/A time=00:00:07.25 bitrate=N/A speed=0.486x    
frame=  173 fps= 11 q=28.0 size=N/A time=00:00:07.29 bitrate=N/A speed=0.472x    
frame=  182 fps= 11 q=28.0 size=N/A time=00:00:07.87 bitrate=N/A speed=0.488x    
frame=  190 fps= 11 q=28.0 size=N/A time=00:00:08.12 bitrate=N/A speed=0.487x    
frame=  198 fps= 11 q=28.0 size=N/A time=00:00:08.19 bitrate=N/A speed=0.475x    
frame=  206 fps= 11 q=28.0 size=N/A time=00:00:08.70 bitrate=N/A speed=0.478x    
frame=  214 fps= 11 q=28.0 size=N/A time=00:00:08.89 bitrate=N/A speed=0.467x    
frame=  220 fps= 11 q=28.0 size=N/A time=00:00:09.15 bitrate=N/A speed=0.468x    
frame=  225 fps= 11 q=28.0 size=N/A time=00:00:09.40 bitrate=N/A speed=0.468x    
frame=  228 fps= 11 q=28.0 size=N/A time=00:00:09.42 bitrate=N/A speed=0.457x    
frame=  234 fps= 11 q=28.0 size=N/A time=00:00:09.85 bitrate=N/A speed=0.466x    
frame=  239 fps= 11 q=28.0 size=N/A time=00:00:09.87 bitrate=N/A speed=0.455x    
frame=  242 fps= 11 q=28.0 size=N/A time=00:00:10.11 bitrate=N/A speed=0.455x    
frame=  245 fps= 11 q=28.0 size=N/A time=00:00:10.11 bitrate=N/A speed=0.441x    
frame=  251 fps= 11 q=28.0 size=N/A time=00:00:10.36 bitrate=N/A speed=0.442x    
frame=  259 fps= 11 q=28.0 size=N/A time=00:00:10.77 bitrate=N/A speed=0.444x    
frame=  264 fps= 11 q=28.0 size=N/A time=00:00:11.02 bitrate=N/A speed=0.444x    
frame=  268 fps= 10 q=28.0 size=N/A time=00:00:11.20 bitrate=N/A speed=0.438x    
frame=  273 fps= 10 q=28.0 size=N/A time=00:00:11.45 bitrate=N/A speed=0.439x    
[hls @ 0x5606d3775080] Opening '/config/data/transcodes/fc635d201a281c882886c035a1feb694186.ts' for writing
frame=  278 fps= 10 q=28.0 size=N/A time=00:00:11.71 bitrate=N/A speed=0.44x    
frame=  283 fps= 10 q=28.0 size=N/A time=00:00:11.71 bitrate=N/A speed=0.432x    
frame=  288 fps= 10 q=28.0 size=N/A time=00:00:12.05 bitrate=N/A speed=0.428x    
frame=  292 fps= 10 q=28.0 size=N/A time=00:00:12.05 bitrate=N/A speed=0.42x    
frame=  298 fps= 10 q=28.0 size=N/A time=00:00:12.35 bitrate=N/A speed=0.422x    
frame=  303 fps= 10 q=28.0 size=N/A time=00:00:12.56 bitrate=N/A speed=0.421x    
frame=  311 fps= 10 q=28.0 size=N/A time=00:00:12.86 bitrate=N/A speed=0.423x    
frame=  319 fps= 10 q=28.0 size=N/A time=00:00:13.37 bitrate=N/A speed=0.43x    
frame=  323 fps= 10 q=28.0 size=N/A time=00:00:13.56 bitrate=N/A speed=0.427x    
frame=  328 fps= 10 q=28.0 size=N/A time=00:00:13.58 bitrate=N/A speed=0.421x    
frame=  334 fps= 10 q=28.0 size=N/A time=00:00:14.08 bitrate=N/A speed=0.43x    
frame=  339 fps= 10 q=28.0 size=N/A time=00:00:14.08 bitrate=N/A speed=0.42x    
frame=  343 fps= 10 q=28.0 size=N/A time=00:00:14.33 bitrate=N/A speed=0.421x    
frame=  349 fps= 10 q=28.0 size=N/A time=00:00:14.46 bitrate=N/A speed=0.419x    
frame=  355 fps= 10 q=28.0 size=N/A time=00:00:14.78 bitrate=N/A speed=0.417x    
frame=  363 fps= 10 q=28.0 size=N/A time=00:00:15.12 bitrate=N/A speed=0.419x    
frame=  366 fps= 10 q=28.0 size=N/A time=00:00:15.12 bitrate=N/A speed=0.413x    
frame=  371 fps= 10 q=28.0 size=N/A time=00:00:15.63 bitrate=N/A speed=0.42x    
frame=  377 fps= 10 q=28.0 size=N/A time=00:00:15.89 bitrate=N/A speed=0.421x    
frame=  381 fps=9.9 q=28.0 size=N/A time=00:00:15.95 bitrate=N/A speed=0.417x    
frame=  383 fps=9.8 q=28.0 size=N/A time=00:00:15.95 bitrate=N/A speed=0.409x    
frame=  385 fps=9.7 q=28.0 size=N/A time=00:00:15.95 bitrate=N/A speed=0.401x    
frame=  392 fps=9.7 q=28.0 size=N/A time=00:00:16.46 bitrate=N/A speed=0.408x    
frame=  397 fps=9.6 q=28.0 size=N/A time=00:00:16.59 bitrate=N/A speed=0.403x    
frame=  405 fps=9.7 q=28.0 size=N/A time=00:00:17.10 bitrate=N/A speed=0.408x    
frame=  409 fps=9.6 q=28.0 size=N/A time=00:00:17.15 bitrate=N/A speed=0.401x    
frame=  417 fps=9.6 q=28.0 size=N/A time=00:00:17.53 bitrate=N/A speed=0.405x    
frame=  421 fps=9.6 q=28.0 size=N/A time=00:00:17.53 bitrate=N/A speed=0.399x    
frame=  425 fps=9.6 q=28.0 size=N/A time=00:00:17.79 bitrate=N/A speed=0.401x    
frame=  429 fps=9.5 q=28.0 size=N/A time=00:00:17.79 bitrate=N/A speed=0.392x    
frame=  436 fps=9.5 q=28.0 size=N/A time=00:00:18.24 bitrate=N/A speed=0.395x    
frame=  440 fps=9.4 q=28.0 size=N/A time=00:00:18.26 bitrate=N/A speed=0.391x    
frame=  443 fps=9.4 q=28.0 size=N/A time=00:00:18.49 bitrate=N/A speed=0.392x    
frame=  446 fps=9.3 q=28.0 size=N/A time=00:00:18.51 bitrate=N/A speed=0.388x    
frame=  450 fps=9.3 q=28.0 size=N/A time=00:00:18.77 bitrate=N/A speed=0.389x    
frame=  454 fps=9.3 q=28.0 size=N/A time=00:00:19.02 bitrate=N/A speed=0.389x    
frame=  457 fps=9.2 q=28.0 size=N/A time=00:00:19.02 bitrate=N/A speed=0.384x    
frame=  458 fps=9.1 q=28.0 size=N/A time=00:00:19.02 bitrate=N/A speed=0.38x    
frame=  466 fps=9.2 q=28.0 size=N/A time=00:00:19.45 bitrate=N/A speed=0.383x    
frame=  470 fps=9.1 q=28.0 size=N/A time=00:00:19.71 bitrate=N/A speed=0.383x    
frame=  475 fps=9.1 q=28.0 size=N/A time=00:00:19.71 bitrate=N/A speed=0.379x    
frame=  480 fps=9.1 q=28.0 size=N/A time=00:00:19.92 bitrate=N/A speed=0.38x    
frame=  484 fps=9.1 q=28.0 size=N/A time=00:00:20.18 bitrate=N/A speed=0.381x    
frame=  486 fps=9.1 q=28.0 size=N/A time=00:00:20.22 bitrate=N/A speed=0.377x    
frame=  493 fps=9.1 q=28.0 size=N/A time=00:00:20.43 bitrate=N/A speed=0.377x    
frame=  496 fps=9.1 q=28.0 size=N/A time=00:00:20.69 bitrate=N/A speed=0.378x    
frame=  498 fps=9.0 q=28.0 size=N/A time=00:00:20.69 bitrate=N/A speed=0.374x    
frame=  502 fps=9.0 q=28.0 size=N/A time=00:00:21.20 bitrate=N/A speed=0.38x    
frame=  509 fps=9.0 q=28.0 size=N/A time=00:00:21.46 bitrate=N/A speed=0.381x    
frame=  516 fps=9.1 q=25.0 size=N/A time=00:00:21.56 bitrate=N/A speed=0.379x    
frame=  518 fps=9.0 q=28.0 size=N/A time=00:00:21.56 bitrate=N/A speed=0.373x    
frame=  525 fps=9.0 q=28.0 size=N/A time=00:00:22.08 bitrate=N/A speed=0.378x    
[hls @ 0x5606d3775080] Opening '/config/data/transcodes/fc635d201a281c882886c035a1feb694187.ts' for writing
frame=  530 fps=9.0 q=28.0 size=N/A time=00:00:22.33 bitrate=N/A speed=0.379x    
frame=  531 fps=8.9 q=28.0 size=N/A time=00:00:22.33 bitrate=N/A speed=0.376x    
frame=  536 fps=8.9 q=28.0 size=N/A time=00:00:22.42 bitrate=N/A speed=0.373x    
frame=  541 fps=8.9 q=28.0 size=N/A time=00:00:22.46 bitrate=N/A speed=0.371x    
frame=  546 fps=8.8 q=28.0 size=N/A time=00:00:22.78 bitrate=N/A speed=0.369x    
frame=  553 fps=8.9 q=28.0 size=N/A time=00:00:23.29 bitrate=N/A speed=0.374x    
frame=  554 fps=8.8 q=28.0 size=N/A time=00:00:23.29 bitrate=N/A speed=0.371x    
frame=  560 fps=8.8 q=28.0 size=N/A time=00:00:23.44 bitrate=N/A speed=0.37x    
frame=  563 fps=8.8 q=28.0 size=N/A time=00:00:23.44 bitrate=N/A speed=0.367x    
frame=  569 fps=8.8 q=28.0 size=N/A time=00:00:23.95 bitrate=N/A speed=0.372x    
frame=  575 fps=8.9 q=28.0 size=N/A time=00:00:24.02 bitrate=N/A speed=0.37x    
frame=  578 fps=8.8 q=28.0 size=N/A time=00:00:24.02 bitrate=N/A speed=0.367x    
frame=  586 fps=8.9 q=28.0 size=N/A time=00:00:24.53 bitrate=N/A speed=0.372x    
frame=  594 fps=8.9 q=28.0 size=N/A time=00:00:24.78 bitrate=N/A speed=0.372x    
frame=  600 fps=8.9 q=28.0 size=N/A time=00:00:24.89 bitrate=N/A speed=0.371x    
frame=  605 fps=8.9 q=28.0 size=N/A time=00:00:25.17 bitrate=N/A speed=0.371x    
frame=  614 fps=9.0 q=28.0 size=N/A time=00:00:25.55 bitrate=N/A speed=0.374x    
frame=  619 fps=9.0 q=28.0 size=N/A time=00:00:25.81 bitrate=N/A speed=0.374x    
frame=  627 fps=9.0 q=28.0 size=N/A time=00:00:26.32 bitrate=N/A speed=0.379x    
frame=  633 fps=9.0 q=28.0 size=N/A time=00:00:26.32 bitrate=N/A speed=0.376x    
frame=  639 fps=9.0 q=28.0 size=N/A time=00:00:26.56 bitrate=N/A speed=0.376x    
frame=  648 fps=9.1 q=28.0 size=N/A time=00:00:27.02 bitrate=N/A speed=0.38x    
frame=  654 fps=9.1 q=28.0 size=N/A time=00:00:27.28 bitrate=N/A speed=0.38x    
frame=  659 fps=9.1 q=28.0 size=N/A time=00:00:27.39 bitrate=N/A speed=0.379x    
frame=  667 fps=9.1 q=28.0 size=N/A time=00:00:27.90 bitrate=N/A speed=0.383x    
frame=  675 fps=9.2 q=28.0 size=N/A time=00:00:28.05 bitrate=N/A speed=0.381x    
frame=  681 fps=9.2 q=28.0 size=N/A time=00:00:28.56 bitrate=N/A speed=0.385x    
frame=  687 fps=9.2 q=28.0 size=N/A time=00:00:28.82 bitrate=N/A speed=0.386x    
frame=  694 fps=9.2 q=28.0 size=N/A time=00:00:28.86 bitrate=N/A speed=0.384x    
frame=  704 fps=9.3 q=28.0 size=N/A time=00:00:29.37 bitrate=N/A speed=0.387x    
frame=  712 fps=9.3 q=28.0 size=N/A time=00:00:29.56 bitrate=N/A speed=0.387x    
frame=  720 fps=9.3 q=28.0 size=N/A time=00:00:30.08 bitrate=N/A speed=0.389x    
frame=  727 fps=9.3 q=28.0 size=N/A time=00:00:30.33 bitrate=N/A speed=0.39x    
frame=  734 fps=9.4 q=28.0 size=N/A time=00:00:30.52 bitrate=N/A speed=0.39x    
frame=  741 fps=9.4 q=28.0 size=N/A time=00:00:30.80 bitrate=N/A speed=0.391x    
frame=  750 fps=9.4 q=28.0 size=N/A time=00:00:31.36 bitrate=N/A speed=0.395x    
frame=  758 fps=9.5 q=28.0 size=N/A time=00:00:31.61 bitrate=N/A speed=0.396x    
frame=  767 fps=9.5 q=28.0 size=N/A time=00:00:32.12 bitrate=N/A speed=0.398x    
frame=  773 fps=9.5 q=28.0 size=N/A time=00:00:32.14 bitrate=N/A speed=0.395x    
[hls @ 0x5606d3775080] Opening '/config/data/transcodes/fc635d201a281c882886c035a1feb694188.ts' for writing
frame=  780 fps=9.5 q=28.0 size=N/A time=00:00:32.66 bitrate=N/A speed=0.399x    
frame=  786 fps=9.5 q=28.0 size=N/A time=00:00:32.83 bitrate=N/A speed=0.398x    
frame=  792 fps=9.5 q=28.0 size=N/A time=00:00:33.08 bitrate=N/A speed=0.399x    
frame=  800 fps=9.6 q=28.0 size=N/A time=00:00:33.60 bitrate=N/A speed=0.401x    
frame=  803 fps=9.5 q=28.0 size=N/A time=00:00:33.62 bitrate=N/A speed=0.399x    
frame=  816 fps=9.6 q=28.0 size=N/A time=00:00:34.00 bitrate=N/A speed=0.401x    
frame=  824 fps=9.7 q=28.0 size=N/A time=00:00:34.30 bitrate=N/A speed=0.402x    
frame=  831 fps=9.7 q=28.0 size=N/A time=00:00:34.56 bitrate=N/A speed=0.402x    
frame=  838 fps=9.7 q=28.0 size=N/A time=00:00:35.07 bitrate=N/A speed=0.406x    
frame=  848 fps=9.7 q=28.0 size=N/A time=00:00:35.32 bitrate=N/A speed=0.406x    
frame=  854 fps=9.7 q=28.0 size=N/A time=00:00:35.84 bitrate=N/A speed=0.409x    
frame=  861 fps=9.8 q=28.0 size=N/A time=00:00:36.03 bitrate=N/A speed=0.408x    
frame=  869 fps=9.8 q=28.0 size=N/A time=00:00:36.28 bitrate=N/A speed=0.409x    
frame=  873 fps=9.8 q=28.0 size=N/A time=00:00:36.30 bitrate=N/A speed=0.406x    
frame=  881 fps=9.8 q=28.0 size=N/A time=00:00:36.80 bitrate=N/A speed=0.409x    
frame=  888 fps=9.8 q=28.0 size=N/A time=00:00:36.94 bitrate=N/A speed=0.407x    
frame=  895 fps=9.8 q=28.0 size=N/A time=00:00:37.20 bitrate=N/A speed=0.408x    
frame=  900 fps=9.8 q=28.0 size=N/A time=00:00:37.46 bitrate=N/A speed=0.408x    
frame=  908 fps=9.8 q=28.0 size=N/A time=00:00:37.76 bitrate=N/A speed=0.408x    
frame=  916 fps=9.8 q=28.0 size=N/A time=00:00:38.48 bitrate=N/A speed=0.413x    
frame=  924 fps=9.9 q=28.0 size=N/A time=00:00:38.48 bitrate=N/A speed=0.41x    
frame=  932 fps=9.9 q=28.0 size=N/A time=00:00:39.04 bitrate=N/A speed=0.414x    
frame=  940 fps=9.9 q=28.0 size=N/A time=00:00:39.29 bitrate=N/A speed=0.414x    
frame=  950 fps= 10 q=28.0 size=N/A time=00:00:39.61 bitrate=N/A speed=0.415x    
frame=  957 fps= 10 q=28.0 size=N/A time=00:00:40.00 bitrate=N/A speed=0.417x    
frame=  966 fps= 10 q=28.0 size=N/A time=00:00:40.51 bitrate=N/A speed=0.42x    
frame=  975 fps= 10 q=28.0 size=N/A time=00:00:40.76 bitrate=N/A speed=0.42x    
frame=  984 fps= 10 q=28.0 size=N/A time=00:00:41.04 bitrate=N/A speed=0.421x    
frame=  993 fps= 10 q=28.0 size=N/A time=00:00:41.55 bitrate=N/A speed=0.424x    
frame= 1001 fps= 10 q=28.0 size=N/A time=00:00:41.62 bitrate=N/A speed=0.422x    
frame= 1007 fps= 10 q=28.0 size=N/A time=00:00:41.87 bitrate=N/A speed=0.422x    
frame= 1013 fps= 10 q=28.0 size=N/A time=00:00:42.38 bitrate=N/A speed=0.425x    
frame= 1018 fps= 10 q=28.0 size=N/A time=00:00:42.43 bitrate=N/A speed=0.423x    
frame= 1026 fps= 10 q=28.0 size=N/A time=00:00:42.81 bitrate=N/A speed=0.424x    
[hls @ 0x5606d3775080] Opening '/config/data/transcodes/fc635d201a281c882886c035a1feb694189.ts' for writing
frame= 1034 fps= 10 q=28.0 size=N/A time=00:00:43.32 bitrate=N/A speed=0.427x    
frame= 1042 fps= 10 q=28.0 size=N/A time=00:00:43.45 bitrate=N/A speed=0.426x    
frame= 1053 fps= 10 q=28.0 size=N/A time=00:00:43.98 bitrate=N/A speed=0.428x    
frame= 1060 fps= 10 q=28.0 size=N/A time=00:00:44.16 bitrate=N/A speed=0.428x    
frame= 1068 fps= 10 q=28.0 size=N/A time=00:00:44.41 bitrate=N/A speed=0.428x    
frame= 1078 fps= 10 q=28.0 size=N/A time=00:00:45.01 bitrate=N/A speed=0.431x    
frame= 1086 fps= 10 q=28.0 size=N/A time=00:00:45.26 bitrate=N/A speed=0.431x    
frame= 1094 fps= 10 q=28.0 size=N/A time=00:00:45.65 bitrate=N/A speed=0.432x    
frame= 1102 fps= 10 q=28.0 size=N/A time=00:00:45.90 bitrate=N/A speed=0.433x    
frame= 1107 fps= 10 q=28.0 size=N/A time=00:00:46.42 bitrate=N/A speed=0.435x    
frame= 1116 fps= 10 q=28.0 size=N/A time=00:00:46.48 bitrate=N/A speed=0.433x    
frame= 1122 fps= 10 q=28.0 size=N/A time=00:00:46.80 bitrate=N/A speed=0.434x    
frame= 1130 fps= 10 q=28.0 size=N/A time=00:00:47.31 bitrate=N/A speed=0.437x    
frame= 1138 fps= 10 q=28.0 size=N/A time=00:00:47.44 bitrate=N/A speed=0.436x    
frame= 1141 fps= 10 q=28.0 size=N/A time=00:00:47.48 bitrate=N/A speed=0.434x    
frame= 1152 fps= 10 q=28.0 size=N/A time=00:00:48.12 bitrate=N/A speed=0.438x    
frame= 1157 fps= 10 q=28.0 size=N/A time=00:00:48.14 bitrate=N/A speed=0.436x    
frame= 1165 fps= 10 q=28.0 size=N/A time=00:00:48.66 bitrate=N/A speed=0.438x    
frame= 1173 fps= 11 q=28.0 size=N/A time=00:00:48.83 bitrate=N/A speed=0.437x    
frame= 1183 fps= 11 q=28.0 size=N/A time=00:00:49.30 bitrate=N/A speed=0.439x    
frame= 1191 fps= 11 q=28.0 size=N/A time=00:00:49.81 bitrate=N/A speed=0.442x    
frame= 1198 fps= 11 q=28.0 size=N/A time=00:00:49.87 bitrate=N/A speed=0.44x    
frame= 1207 fps= 11 q=28.0 size=N/A time=00:00:50.43 bitrate=N/A speed=0.443x    
frame= 1217 fps= 11 q=28.0 size=N/A time=00:00:50.81 bitrate=N/A speed=0.445x    
frame= 1225 fps= 11 q=28.0 size=N/A time=00:00:51.32 bitrate=N/A speed=0.447x    
frame= 1237 fps= 11 q=28.0 size=N/A time=00:00:51.47 bitrate=N/A speed=0.446x    
frame= 1245 fps= 11 q=28.0 size=N/A time=00:00:52.03 bitrate=N/A speed=0.449x    
frame= 1255 fps= 11 q=28.0 size=N/A time=00:00:52.37 bitrate=N/A speed=0.45x    
frame= 1264 fps= 11 q=28.0 size=N/A time=00:00:52.88 bitrate=N/A speed=0.452x    
frame= 1271 fps= 11 q=28.0 size=N/A time=00:00:53.01 bitrate=N/A speed=0.451x    
[hls @ 0x5606d3775080] Opening '/config/data/transcodes/fc635d201a281c882886c035a1feb694190.ts' for writing
frame= 1280 fps= 11 q=28.0 size=N/A time=00:00:53.52 bitrate=N/A speed=0.454x    
frame= 1288 fps= 11 q=28.0 size=N/A time=00:00:53.69 bitrate=N/A speed=0.453x    
frame= 1296 fps= 11 q=28.0 size=N/A time=00:00:53.95 bitrate=N/A speed=0.453x    
frame= 1304 fps= 11 q=28.0 size=N/A time=00:00:54.48 bitrate=N/A speed=0.456x    
frame= 1314 fps= 11 q=28.0 size=N/A time=00:00:54.80 bitrate=N/A speed=0.456x    
frame= 1320 fps= 11 q=28.0 size=N/A time=00:00:55.31 bitrate=N/A speed=0.458x    
frame= 1332 fps= 11 q=28.0 size=N/A time=00:00:55.48 bitrate=N/A speed=0.457x    
frame= 1339 fps= 11 q=28.0 size=N/A time=00:00:55.76 bitrate=N/A speed=0.458x    
frame= 1348 fps= 11 q=28.0 size=N/A time=00:00:56.08 bitrate=N/A speed=0.458x    
frame= 1356 fps= 11 q=28.0 size=N/A time=00:00:56.59 bitrate=N/A speed=0.46x    
frame= 1364 fps= 11 q=28.0 size=N/A time=00:00:56.89 bitrate=N/A speed=0.46x    
frame= 1372 fps= 11 q=28.0 size=N/A time=00:00:57.40 bitrate=N/A speed=0.462x    
frame= 1381 fps= 11 q=28.0 size=N/A time=00:00:57.66 bitrate=N/A speed=0.463x    
frame= 1391 fps= 11 q=28.0 size=N/A time=00:00:58.00 bitrate=N/A speed=0.463x    
frame= 1396 fps= 11 q=28.0 size=N/A time=00:00:58.26 bitrate=N/A speed=0.463x    
frame= 1403 fps= 11 q=28.0 size=N/A time=00:00:58.51 bitrate=N/A speed=0.464x    
frame= 1412 fps= 11 q=28.0 size=N/A time=00:00:58.81 bitrate=N/A speed=0.464x    
frame= 1419 fps= 11 q=28.0 size=N/A time=00:00:59.09 bitrate=N/A speed=0.464x    
frame= 1428 fps= 11 q=28.0 size=N/A time=00:00:59.58 bitrate=N/A speed=0.466x    
frame= 1439 fps= 11 q=28.0 size=N/A time=00:01:00.05 bitrate=N/A speed=0.467x    
frame= 1445 fps= 11 q=28.0 size=N/A time=00:01:00.30 bitrate=N/A speed=0.468x    
frame= 1453 fps= 11 q=28.0 size=N/A time=00:01:00.56 bitrate=N/A speed=0.468x    
frame= 1463 fps= 11 q=28.0 size=N/A time=00:01:01.26 bitrate=N/A speed=0.471x    
frame= 1471 fps= 11 q=28.0 size=N/A time=00:01:01.44 bitrate=N/A speed=0.471x    
frame= 1476 fps= 11 q=28.0 size=N/A time=00:01:01.46 bitrate=N/A speed=0.469x    
frame= 1484 fps= 11 q=28.0 size=N/A time=00:01:01.95 bitrate=N/A speed=0.471x    
frame= 1493 fps= 11 q=28.0 size=N/A time=00:01:02.27 bitrate=N/A speed=0.471x    
frame= 1503 fps= 11 q=28.0 size=N/A time=00:01:02.59 bitrate=N/A speed=0.472x    
frame= 1514 fps= 11 q=28.0 size=N/A time=00:01:03.10 bitrate=N/A speed=0.474x    
frame= 1517 fps= 11 q=28.0 size=N/A time=00:01:03.31 bitrate=N/A speed=0.474x    
frame= 1525 fps= 11 q=28.0 size=N/A time=00:01:03.50 bitrate=N/A speed=0.473x    
[hls @ 0x5606d3775080] Opening '/config/data/transcodes/fc635d201a281c882886c035a1feb694191.ts' for writing
frame= 1536 fps= 11 q=28.0 size=N/A time=00:01:04.06 bitrate=N/A speed=0.475x    
frame= 1547 fps= 11 q=28.0 size=N/A time=00:01:04.83 bitrate=N/A speed=0.479x    
frame= 1556 fps= 11 q=28.0 size=N/A time=00:01:05.04 bitrate=N/A speed=0.479x    
frame= 1563 fps= 11 q=28.0 size=N/A time=00:01:05.08 bitrate=N/A speed=0.477x    
frame= 1571 fps= 11 q=28.0 size=N/A time=00:01:05.60 bitrate=N/A speed=0.479x    
frame= 1580 fps= 11 q=28.0 size=N/A time=00:01:05.81 bitrate=N/A speed=0.479x    
frame= 1588 fps= 12 q=28.0 size=N/A time=00:01:06.30 bitrate=N/A speed=0.481x    
frame= 1597 fps= 12 q=28.0 size=N/A time=00:01:06.56 bitrate=N/A speed=0.481x    
frame= 1606 fps= 12 q=28.0 size=N/A time=00:01:07.07 bitrate=N/A speed=0.483x    
frame= 1616 fps= 12 q=28.0 size=N/A time=00:01:07.71 bitrate=N/A speed=0.485x    
frame= 1625 fps= 12 q=28.0 size=N/A time=00:01:07.71 bitrate=N/A speed=0.483x    
frame= 1633 fps= 12 q=28.0 size=N/A time=00:01:08.11 bitrate=N/A speed=0.484x    
frame= 1641 fps= 12 q=28.0 size=N/A time=00:01:08.62 bitrate=N/A speed=0.486x    
frame= 1649 fps= 12 q=28.0 size=N/A time=00:01:08.73 bitrate=N/A speed=0.485x    
frame= 1657 fps= 12 q=28.0 size=N/A time=00:01:08.99 bitrate=N/A speed=0.485x    
frame= 1665 fps= 12 q=28.0 size=N/A time=00:01:09.50 bitrate=N/A speed=0.487x    
frame= 1673 fps= 12 q=28.0 size=N/A time=00:01:09.65 bitrate=N/A speed=0.486x    
frame= 1683 fps= 12 q=28.0 size=N/A time=00:01:10.22 bitrate=N/A speed=0.488x    
frame= 1692 fps= 12 q=28.0 size=N/A time=00:01:10.54 bitrate=N/A speed=0.488x    
frame= 1701 fps= 12 q=28.0 size=N/A time=00:01:10.97 bitrate=N/A speed=0.49x    
frame= 1710 fps= 12 q=28.0 size=N/A time=00:01:11.31 bitrate=N/A speed=0.49x    
frame= 1719 fps= 12 q=28.0 size=N/A time=00:01:11.57 bitrate=N/A speed=0.49x    
frame= 1727 fps= 12 q=28.0 size=N/A time=00:01:12.08 bitrate=N/A speed=0.492x    
frame= 1734 fps= 12 q=28.0 size=N/A time=00:01:12.21 bitrate=N/A speed=0.491x    
frame= 1742 fps= 12 q=28.0 size=N/A time=00:01:12.72 bitrate=N/A speed=0.493x    
frame= 1748 fps= 12 q=28.0 size=N/A time=00:01:12.96 bitrate=N/A speed=0.493x    
frame= 1756 fps= 12 q=28.0 size=N/A time=00:01:13.15 bitrate=N/A speed=0.492x    
frame= 1763 fps= 12 q=28.0 size=N/A time=00:01:13.42 bitrate=N/A speed=0.492x    
frame= 1772 fps= 12 q=28.0 size=N/A time=00:01:13.81 bitrate=N/A speed=0.492x    
[hls @ 0x5606d3775080] Opening '/config/data/transcodes/fc635d201a281c882886c035a1feb694192.ts' for writing
frame= 1782 fps= 12 q=28.0 size=N/A time=00:01:14.30 bitrate=N/A speed=0.494x    
frame= 1788 fps= 12 q=28.0 size=N/A time=00:01:14.51 bitrate=N/A speed=0.494x    
frame= 1798 fps= 12 q=28.0 size=N/A time=00:01:15.09 bitrate=N/A speed=0.496x    
frame= 1805 fps= 12 q=28.0 size=N/A time=00:01:15.22 bitrate=N/A speed=0.494x    
frame= 1815 fps= 12 q=28.0 size=N/A time=00:01:15.77 bitrate=N/A speed=0.495x    
frame= 1824 fps= 12 q=28.0 size=N/A time=00:01:15.98 bitrate=N/A speed=0.495x    
frame= 1832 fps= 12 q=28.0 size=N/A time=00:01:16.28 bitrate=N/A speed=0.495x    
frame= 1843 fps= 12 q=28.0 size=N/A time=00:01:16.80 bitrate=N/A speed=0.496x    
frame= 1851 fps= 12 q=28.0 size=N/A time=00:01:17.12 bitrate=N/A speed=0.497x    
frame= 1860 fps= 12 q=28.0 size=N/A time=00:01:17.52 bitrate=N/A speed=0.498x    
frame= 1866 fps= 12 q=28.0 size=N/A time=00:01:17.78 bitrate=N/A speed=0.498x    
frame= 1876 fps= 12 q=28.0 size=N/A time=00:01:18.29 bitrate=N/A speed=0.499x    
frame= 1884 fps= 12 q=28.0 size=N/A time=00:01:18.46 bitrate=N/A speed=0.498x    
frame= 1891 fps= 12 q=28.0 size=N/A time=00:01:18.86 bitrate=N/A speed=0.499x    
frame= 1898 fps= 12 q=28.0 size=N/A time=00:01:19.25 bitrate=N/A speed= 0.5x    
frame= 1905 fps= 12 q=28.0 size=N/A time=00:01:19.50 bitrate=N/A speed=0.499x    
frame= 1911 fps= 12 q=28.0 size=N/A time=00:01:19.76 bitrate=N/A speed=0.499x    
frame= 1917 fps= 12 q=28.0 size=N/A time=00:01:20.00 bitrate=N/A speed=0.499x    
frame= 1924 fps= 12 q=28.0 size=N/A time=00:01:20.51 bitrate=N/A speed=0.501x    
frame= 1928 fps= 12 q=28.0 size=N/A time=00:01:20.53 bitrate=N/A speed=0.499x    
frame= 1937 fps= 12 q=28.0 size=N/A time=00:01:20.76 bitrate=N/A speed=0.499x    
frame= 1942 fps= 12 q=28.0 size=N/A time=00:01:21.10 bitrate=N/A speed=0.499x    
frame= 1949 fps= 12 q=28.0 size=N/A time=00:01:21.36 bitrate=N/A speed=0.499x    
frame= 1957 fps= 12 q=28.0 size=N/A time=00:01:21.49 bitrate=N/A speed=0.498x    
frame= 1965 fps= 12 q=28.0 size=N/A time=00:01:22.00 bitrate=N/A speed=0.499x    
frame= 1971 fps= 12 q=28.0 size=N/A time=00:01:22.26 bitrate=N/A speed=0.499x    
frame= 1976 fps= 12 q=28.0 size=N/A time=00:01:22.45 bitrate=N/A speed=0.499x    
frame= 1983 fps= 12 q=28.0 size=N/A time=00:01:22.58 bitrate=N/A speed=0.498x    
frame= 1987 fps= 12 q=28.0 size=N/A time=00:01:23.02 bitrate=N/A speed=0.499x    
frame= 1994 fps= 12 q=28.0 size=N/A time=00:01:23.13 bitrate=N/A speed=0.498x    
frame= 2003 fps= 12 q=28.0 size=N/A time=00:01:23.41 bitrate=N/A speed=0.498x    
frame= 2009 fps= 12 q=28.0 size=N/A time=00:01:23.66 bitrate=N/A speed=0.498x    
frame= 2015 fps= 12 q=28.0 size=N/A time=00:01:23.96 bitrate=N/A speed=0.498x    
frame= 2024 fps= 12 q=28.0 size=N/A time=00:01:24.35 bitrate=N/A speed=0.498x    
[hls @ 0x5606d3775080] Opening '/config/data/transcodes/fc635d201a281c882886c035a1feb694193.ts' for writing
frame= 2032 fps= 12 q=28.0 size=N/A time=00:01:24.86 bitrate=N/A speed= 0.5x    
frame= 2041 fps= 12 q=28.0 size=N/A time=00:01:25.14 bitrate=N/A speed= 0.5x    
frame= 2048 fps= 12 q=28.0 size=N/A time=00:01:25.39 bitrate=N/A speed= 0.5x    
frame= 2054 fps= 12 q=28.0 size=N/A time=00:01:25.69 bitrate=N/A speed= 0.5x    
frame= 2062 fps= 12 q=28.0 size=N/A time=00:01:25.97 bitrate=N/A speed= 0.5x    
frame= 2069 fps= 12 q=28.0 size=N/A time=00:01:26.22 bitrate=N/A speed= 0.5x    
frame= 2077 fps= 12 q=28.0 size=N/A time=00:01:26.48 bitrate=N/A speed= 0.5x    
frame= 2083 fps= 12 q=28.0 size=N/A time=00:01:26.84 bitrate=N/A speed=0.501x    
frame= 2089 fps= 12 q=28.0 size=N/A time=00:01:27.10 bitrate=N/A speed= 0.5x    
frame= 2095 fps= 12 q=28.0 size=N/A time=00:01:27.29 bitrate=N/A speed= 0.5x    
frame= 2102 fps= 12 q=28.0 size=N/A time=00:01:27.80 bitrate=N/A speed=0.501x    
frame= 2108 fps= 12 q=28.0 size=N/A time=00:01:27.80 bitrate=N/A speed= 0.5x    
frame= 2112 fps= 12 q=28.0 size=N/A time=00:01:28.21 bitrate=N/A speed=0.501x    
frame= 2119 fps= 12 q=28.0 size=N/A time=00:01:28.46 bitrate=N/A speed=0.501x    
frame= 2126 fps= 12 q=28.0 size=N/A time=00:01:28.72 bitrate=N/A speed= 0.5x    
frame= 2133 fps= 12 q=28.0 size=N/A time=00:01:28.83 bitrate=N/A speed= 0.5x    
frame= 2140 fps= 12 q=28.0 size=N/A time=00:01:29.34 bitrate=N/A speed=0.501x    

[q] command received. Exiting.

[hls @ 0x5606d3775080] Opening '/config/data/transcodes/fc635d201a281c882886c035a1feb694194.ts' for writing
frame= 2144 fps= 12 q=-1.0 Lsize=N/A time=00:01:29.38 bitrate=N/A speed=0.498x    
video:171869kB audio:4213kB subtitle:0kB other streams:0kB global headers:0kB muxing overhead: unknown
[libx264 @ 0x5606d378db40] frame I:9     Avg QP:18.91  size:278070
[libx264 @ 0x5606d378db40] frame P:661   Avg QP:21.83  size:113961
[libx264 @ 0x5606d378db40] frame B:1474  Avg QP:23.51  size: 66596
[libx264 @ 0x5606d378db40] consecutive B-frames:  5.3%  7.4%  5.0% 82.3%
[libx264 @ 0x5606d378db40] mb I  I16..4: 66.4%  0.0% 33.6%
[libx264 @ 0x5606d378db40] mb P  I16..4: 53.6%  0.0%  0.0%  P16..4: 25.8%  0.0%  0.0%  0.0%  0.0%    skip:20.5%
[libx264 @ 0x5606d378db40] mb B  I16..4: 13.9%  0.0%  0.0%  B16..8: 26.5%  0.0%  0.0%  direct:16.9%  skip:42.7%  L0:45.8% L1:49.2% BI: 5.0%
[libx264 @ 0x5606d378db40] coded y,uvDC,uvAC intra: 21.0% 54.3% 15.8% inter: 10.3% 28.2% 1.1%
[libx264 @ 0x5606d378db40] i16 v,h,dc,p: 28% 21% 28% 23%
[libx264 @ 0x5606d378db40] i4 v,h,dc,ddl,ddr,vr,hd,vl,hu: 22% 20% 19%  9%  7%  6%  6%  5%  6%
[libx264 @ 0x5606d378db40] i8c dc,h,v,p: 44% 24% 23%  9%
[libx264 @ 0x5606d378db40] Weighted P-Frames: Y:0.3% UV:0.0%
[libx264 @ 0x5606d378db40] kb/s:15744.86