---
client: Jellyfin for Android TV
client_version: 0.16.7
client_repository: https://github.com/jellyfin/jellyfin-androidtv
type: crash_report
format: markdown
---
### Logs

***Stack Trace***: 
```log
java.lang.RuntimeException: Unable to resume activity {org.jellyfin.androidtv/org.jellyfin.androidtv.ui.browsing.MainActivity}: java.lang.NullPointerException: Attempt to invoke virtual method 'boolean org.jellyfin.androidtv.ui.playback.PlaybackController.hasFragment()' on a null object reference
	at android.app.ActivityThread.performResumeActivity(ActivityThread.java:3822)
	at android.app.ActivityThread.handleResumeActivity(ActivityThread.java:3854)
	at android.app.servertransaction.ResumeActivityItem.execute(ResumeActivityItem.java:51)
	at android.app.servertransaction.TransactionExecutor.executeLifecycleState(TransactionExecutor.java:145)
	at android.app.servertransaction.TransactionExecutor.execute(TransactionExecutor.java:70)
	at android.app.ActivityThread$H.handleMessage(ActivityThread.java:1816)
	at android.os.Handler.dispatchMessage(Handler.java:106)
	at android.os.Looper.loop(Looper.java:193)
	at android.app.ActivityThread.main(ActivityThread.java:6718)
	at java.lang.reflect.Method.invoke(Native Method)
	at com.android.internal.os.RuntimeInit$MethodAndArgsCaller.run(RuntimeInit.java:493)
	at com.android.internal.os.ZygoteInit.main(ZygoteInit.java:858)
Caused by: java.lang.NullPointerException: Attempt to invoke virtual method 'boolean org.jellyfin.androidtv.ui.playback.PlaybackController.hasFragment()' on a null object reference
	at org.jellyfin.androidtv.ui.playback.CustomPlaybackOverlayFragment.onResume(CustomPlaybackOverlayFragment.java:730)
	at androidx.fragment.app.Fragment.performResume(Fragment.java:3205)
	at androidx.fragment.app.FragmentStateManager.resume(FragmentStateManager.java:646)
	at androidx.fragment.app.FragmentStateManager.moveToExpectedState(FragmentStateManager.java:296)
	at androidx.fragment.app.FragmentStore.moveToExpectedState(FragmentStore.java:114)
	at androidx.fragment.app.FragmentManager.moveToState(FragmentManager.java:1455)
	at androidx.fragment.app.FragmentManager.dispatchStateChange(FragmentManager.java:3034)
	at androidx.fragment.app.FragmentManager.dispatchResume(FragmentManager.java:2966)
	at androidx.fragment.app.FragmentController.dispatchResume(FragmentController.java:285)
	at androidx.fragment.app.FragmentActivity.onResumeFragments(FragmentActivity.java:333)
	at androidx.fragment.app.FragmentActivity.onPostResume(FragmentActivity.java:322)
	at android.app.Activity.performResume(Activity.java:7325)
	at android.app.ActivityThread.performResumeActivity(ActivityThread.java:3814)
	... 11 more

```  
***Logcat***: 
```log
04-06 19:32:05.568 E/AndroidRuntime(11863): 	... 11 more
04-16 22:07:09.077 E/AndroidRuntime(26591): FATAL EXCEPTION: main
04-16 22:07:09.077 E/AndroidRuntime(26591): Process: org.jellyfin.androidtv, PID: 26591
04-16 22:07:09.077 E/AndroidRuntime(26591): java.lang.NullPointerException: Attempt to invoke virtual method 'android.content.Context org.jellyfin.androidtv.ui.playback.CustomPlaybackOverlayFragment.getContext()' on a null object reference
04-16 22:07:09.077 E/AndroidRuntime(26591): 	at org.jellyfin.androidtv.ui.playback.PlaybackController.buildVLCOptions(PlaybackController.java:591)
04-16 22:07:09.077 E/AndroidRuntime(26591): 	at org.jellyfin.androidtv.ui.playback.PlaybackController.play(PlaybackController.java:540)
04-16 22:07:09.077 E/AndroidRuntime(26591): 	at org.jellyfin.androidtv.ui.playback.PlaybackController.play(PlaybackController.java:435)
04-16 22:07:09.077 E/AndroidRuntime(26591): 	at org.jellyfin.androidtv.ui.playback.overlay.VideoPlayerAdapter.play(VideoPlayerAdapter.java:29)
04-16 22:07:09.077 E/AndroidRuntime(26591): 	at org.jellyfin.androidtv.ui.playback.overlay.action.PlayPauseAction.onActionClicked(PlayPauseAction.kt:12)
04-16 22:07:09.077 E/AndroidRuntime(26591): 	at org.jellyfin.androidtv.ui.playback.overlay.CustomPlaybackTransportControlGlue.onActionClicked(CustomPlaybackTransportControlGlue.java:292)
04-16 22:07:09.077 E/AndroidRuntime(26591): 	at org.jellyfin.androidtv.ui.playback.overlay.CustomPlaybackTransportControlGlue$2.onProgressBarClicked(CustomPlaybackTransportControlGlue.java:165)
04-16 22:07:09.077 E/AndroidRuntime(26591): 	at androidx.leanback.widget.PlaybackTransportRowPresenter$ViewHolder$3.onClick(PlaybackTransportRowPresenter.java:275)
04-16 22:07:09.077 E/AndroidRuntime(26591): 	at android.view.View.performClick(View.java:6597)
04-16 22:07:09.077 E/AndroidRuntime(26591): 	at android.view.View.performClickInternal(View.java:6574)
04-16 22:07:09.077 E/AndroidRuntime(26591): 	at android.view.View.onKeyUp(View.java:13216)
04-16 22:07:09.077 E/AndroidRuntime(26591): 	at android.view.KeyEvent.dispatch(KeyEvent.java:2734)
04-16 22:07:09.077 E/AndroidRuntime(26591): 	at android.view.View.dispatchKeyEvent(View.java:12450)
04-16 22:07:09.077 E/AndroidRuntime(26591): 	at android.view.ViewGroup.dispatchKeyEvent(ViewGroup.java:1896)
04-16 22:07:09.077 E/AndroidRuntime(26591): 	at androidx.leanback.widget.PlaybackTransportRowView.dispatchKeyEvent(PlaybackTransportRowView.java:71)
04-16 22:07:09.077 E/AndroidRuntime(26591): 	at android.view.ViewGroup.dispatchKeyEvent(ViewGroup.java:1896)
04-16 22:07:09.077 E/AndroidRuntime(26591): 	at android.view.ViewGroup.dispatchKeyEvent(ViewGroup.java:1896)
04-16 22:07:09.077 E/AndroidRuntime(26591): 	at androidx.leanback.widget.BaseGridView.dispatchKeyEvent(BaseGridView.java:1081)
04-16 22:07:09.077 E/AndroidRuntime(26591): 	at android.view.ViewGroup.dispatchKeyEvent(ViewGroup.java:1896)
04-16 22:07:09.077 E/AndroidRuntime(26591): 	at android.view.ViewGroup.dispatchKeyEvent(ViewGroup.java:1896)
04-16 22:07:09.077 E/AndroidRuntime(26591): 	at android.view.ViewGroup.dispatchKeyEvent(ViewGroup.java:1896)
04-16 22:07:09.077 E/AndroidRuntime(26591): 	at android.view.ViewGroup.dispatchKeyEvent(ViewGroup.java:1896)
04-16 22:07:09.077 E/AndroidRuntime(26591): 	at android.view.ViewGroup.dispatchKeyEvent(ViewGroup.java:1896)
04-16 22:07:09.077 E/AndroidRuntime(26591): 	at android.view.ViewGroup.dispatchKeyEvent(ViewGroup.java:1896)
04-16 22:07:09.077 E/AndroidRuntime(26591): 	at android.view.ViewGroup.dispatchKeyEvent(ViewGroup.java:1896)
04-16 22:07:09.077 E/AndroidRuntime(26591): 	at android.view.ViewGroup.dispatchKeyEvent(ViewGroup.java:1896)
04-16 22:07:09.077 E/AndroidRuntime(26591): 	at android.view.ViewGroup.dispatchKeyEvent(ViewGroup.java:1896)
04-16 22:07:09.077 E/AndroidRuntime(26591): 	at android.view.ViewGroup.dispatchKeyEvent(ViewGroup.java:1896)
04-16 22:07:09.077 E/AndroidRuntime(26591): 	at com.android.internal.policy.DecorView.superDispatchKeyEvent(DecorView.java:428)
04-16 22:07:09.077 E/AndroidRuntime(26591): 	at com.android.internal.policy.PhoneWindow.superDispatchKeyEvent(PhoneWindow.java:1820)
04-16 22:07:09.077 E/AndroidRuntime(26591): 	at android.app.Activity.dispatchKeyEvent(Activity.java:3361)
04-16 22:07:09.077 E/AndroidRuntime(26591): 	at androidx.core.app.ComponentActivity.superDispatchKeyEvent(ComponentActivity.java:120)
04-16 22:07:09.077 E/AndroidRuntime(26591): 	at androidx.core.view.KeyEventDispatcher.dispatchKeyEvent(KeyEventDispatcher.java:85)
04-16 22:07:09.077 E/AndroidRuntime(26591): 	at androidx.core.app.ComponentActivity.dispatchKeyEvent(ComponentActivity.java:138)
04-16 22:07:09.077 E/AndroidRuntime(26591): 	at org.jellyfin.androidtv.ui.browsing.MainActivity.dispatchKeyEvent(MainActivity.kt:208)
04-16 22:07:09.077 E/AndroidRuntime(26591): 	at com.android.internal.policy.DecorView.dispatchKeyEvent(DecorView.java:342)
04-16 22:07:09.077 E/AndroidRuntime(26591): 	at android.view.ViewRootImpl$ViewPostImeInputStage.processKeyEvent(ViewRootImpl.java:5042)
04-16 22:07:09.077 E/AndroidRuntime(26591): 	at android.view.ViewRootImpl$ViewPostImeInputStage.onProcess(ViewRootImpl.java:4910)
04-16 22:07:09.077 E/AndroidRuntime(26591): 	at android.view.ViewRootImpl$InputStage.deliver(ViewRootImpl.java:4431)
04-16 22:07:09.077 E/AndroidRuntime(26591): 	at android.view.ViewRootImpl$InputStage.onDeliverToNext(ViewRootImpl.java:4484)
04-16 22:07:09.077 E/AndroidRuntime(26591): 	at android.view.ViewRootImpl$InputStage.forward(ViewRootImpl.java:4450)
04-16 22:07:09.077 E/AndroidRuntime(26591): 	at android.view.ViewRootImpl$AsyncInputStage.forward(ViewRootImpl.java:4590)
04-16 22:07:09.077 E/AndroidRuntime(26591): 	at android.view.ViewRootImpl$InputStage.apply(ViewRootImpl.java:4458)
04-16 22:07:09.077 E/AndroidRuntime(26591): 	at android.view.ViewRootImpl$AsyncInputStage.apply(ViewRootImpl.java:4647)
04-16 22:07:09.077 E/AndroidRuntime(26591): 	at android.view.ViewRootImpl$InputStage.deliver(ViewRootImpl.java:4431)
04-16 22:07:09.077 E/AndroidRuntime(26591): 	at android.view.ViewRootImpl$InputStage.onDeliverToNext(ViewRootImpl.java:4484)
04-16 22:07:09.077 E/AndroidRuntime(26591): 	at android.view.ViewRootImpl$InputStage.forward(ViewRootImpl.java:4450)
04-16 22:07:09.077 E/AndroidRuntime(26591): 	at android.view.ViewRootImpl$InputStage.apply(ViewRootImpl.java:4458)
04-16 22:07:09.077 E/AndroidRuntime(26591): 	at android.view.ViewRootImpl$InputStage.deliver(ViewRootImpl.java:4431)
04-16 22:07:09.077 E/AndroidRuntime(26591): 	at android.view.ViewRootImpl$InputStage.onDeliverToNext(ViewRootImpl.java:4484)
04-16 22:07:09.077 E/AndroidRuntime(26591): 	at android.view.ViewRootImpl$InputStage.forward(ViewRootImpl.java:4450)
04-16 22:07:09.077 E/AndroidRuntime(26591): 	at android.view.ViewRootImpl$AsyncInputStage.forward(ViewRootImpl.java:4623)
04-16 22:07:09.077 E/AndroidRuntime(26591): 	at android.view.ViewRootImpl$ImeInputStage.onFinishedInputEvent(ViewRootImpl.java:4784)
04-16 22:07:09.077 E/AndroidRuntime(26591): 	at android.view.inputmethod.InputMethodManager$PendingEvent.run(InputMethodManager.java:2571)
04-16 22:07:09.077 E/AndroidRuntime(26591): 	at android.view.inputmethod.InputMethodManager.invokeFinishedInputEventCallback(InputMethodManager.java:2081)
04-16 22:07:09.077 E/AndroidRuntime(26591): 	at android.view.inputmethod.InputMethodManager.finishedInputEvent(InputMethodManager.java:2072)
04-16 22:07:09.077 E/AndroidRuntime(26591): 	at android.view.inputmethod.InputMethodManager$ImeInputEventSender.onInputEventFinished(InputMethodManager.java:2548)
04-16 22:07:09.077 E/AndroidRuntime(26591): 	at android.view.InputEventSender.dispatchInputEventFinished(InputEventSender.java:141)
04-16 22:07:09.077 E/AndroidRuntime(26591): 	at android.os.MessageQueue.nativePollOnce(Native Method)
04-16 22:07:09.077 E/AndroidRuntime(26591): 	at android.os.MessageQueue.next(MessageQueue.java:326)
04-16 22:07:09.077 E/AndroidRuntime(26591): 	at android.os.Looper.loop(Looper.java:160)
04-16 22:07:09.077 E/AndroidRuntime(26591): 	at android.app.ActivityThread.main(ActivityThread.java:6718)
04-16 22:07:09.077 E/AndroidRuntime(26591): 	at java.lang.reflect.Method.invoke(Native Method)
04-16 22:07:09.077 E/AndroidRuntime(26591): 	at com.android.internal.os.RuntimeInit$MethodAndArgsCaller.run(RuntimeInit.java:493)
04-16 22:07:09.077 E/AndroidRuntime(26591): 	at com.android.internal.os.ZygoteInit.main(ZygoteInit.java:858)
04-17 22:02:46.311 E/AndroidRuntime(20145): FATAL EXCEPTION: main
04-17 22:02:46.311 E/AndroidRuntime(20145): Process: org.jellyfin.androidtv, PID: 20145
04-17 22:02:46.311 E/AndroidRuntime(20145): java.lang.RuntimeException: Unable to resume activity {org.jellyfin.androidtv/org.jellyfin.androidtv.ui.browsing.MainActivity}: java.lang.NullPointerException: Attempt to invoke virtual method 'boolean org.jellyfin.androidtv.ui.playback.PlaybackController.hasFragment()' on a null object reference
04-17 22:02:46.311 E/AndroidRuntime(20145): 	at android.app.ActivityThread.performResumeActivity(ActivityThread.java:3822)
04-17 22:02:46.311 E/AndroidRuntime(20145): 	at android.app.ActivityThread.handleResumeActivity(ActivityThread.java:3854)
04-17 22:02:46.311 E/AndroidRuntime(20145): 	at android.app.servertransaction.ResumeActivityItem.execute(ResumeActivityItem.java:51)
04-17 22:02:46.311 E/AndroidRuntime(20145): 	at android.app.servertransaction.TransactionExecutor.executeLifecycleState(TransactionExecutor.java:145)
04-17 22:02:46.311 E/AndroidRuntime(20145): 	at android.app.servertransaction.TransactionExecutor.execute(TransactionExecutor.java:70)
04-17 22:02:46.311 E/AndroidRuntime(20145): 	at android.app.ActivityThread$H.handleMessage(ActivityThread.java:1816)
04-17 22:02:46.311 E/AndroidRuntime(20145): 	at android.os.Handler.dispatchMessage(Handler.java:106)
04-17 22:02:46.311 E/AndroidRuntime(20145): 	at android.os.Looper.loop(Looper.java:193)
04-17 22:02:46.311 E/AndroidRuntime(20145): 	at android.app.ActivityThread.main(ActivityThread.java:6718)
04-17 22:02:46.311 E/AndroidRuntime(20145): 	at java.lang.reflect.Method.invoke(Native Method)
04-17 22:02:46.311 E/AndroidRuntime(20145): 	at com.android.internal.os.RuntimeInit$MethodAndArgsCaller.run(RuntimeInit.java:493)
04-17 22:02:46.311 E/AndroidRuntime(20145): 	at com.android.internal.os.ZygoteInit.main(ZygoteInit.java:858)
04-17 22:02:46.311 E/AndroidRuntime(20145): Caused by: java.lang.NullPointerException: Attempt to invoke virtual method 'boolean org.jellyfin.androidtv.ui.playback.PlaybackController.hasFragment()' on a null object reference
04-17 22:02:46.311 E/AndroidRuntime(20145): 	at org.jellyfin.androidtv.ui.playback.CustomPlaybackOverlayFragment.onResume(CustomPlaybackOverlayFragment.java:730)
04-17 22:02:46.311 E/AndroidRuntime(20145): 	at androidx.fragment.app.Fragment.performResume(Fragment.java:3205)
04-17 22:02:46.311 E/AndroidRuntime(20145): 	at androidx.fragment.app.FragmentStateManager.resume(FragmentStateManager.java:646)
04-17 22:02:46.311 E/AndroidRuntime(20145): 	at androidx.fragment.app.FragmentStateManager.moveToExpectedState(FragmentStateManager.java:296)
04-17 22:02:46.311 E/AndroidRuntime(20145): 	at androidx.fragment.app.FragmentStore.moveToExpectedState(FragmentStore.java:114)
04-17 22:02:46.311 E/AndroidRuntime(20145): 	at androidx.fragment.app.FragmentManager.moveToState(FragmentManager.java:1455)
04-17 22:02:46.311 E/AndroidRuntime(20145): 	at androidx.fragment.app.FragmentManager.dispatchStateChange(FragmentManager.java:3034)
04-17 22:02:46.311 E/AndroidRuntime(20145): 	at androidx.fragment.app.FragmentManager.dispatchResume(FragmentManager.java:2966)
04-17 22:02:46.311 E/AndroidRuntime(20145): 	at androidx.fragment.app.FragmentController.dispatchResume(FragmentController.java:285)
04-17 22:02:46.311 E/AndroidRuntime(20145): 	at androidx.fragment.app.FragmentActivity.onResumeFragments(FragmentActivity.java:333)
04-17 22:02:46.311 E/AndroidRuntime(20145): 	at androidx.fragment.app.FragmentActivity.onPostResume(FragmentActivity.java:322)
04-17 22:02:46.311 E/AndroidRuntime(20145): 	at android.app.Activity.performResume(Activity.java:7325)
04-17 22:02:46.311 E/AndroidRuntime(20145): 	at android.app.ActivityThread.performResumeActivity(ActivityThread.java:3814)
04-17 22:02:46.311 E/AndroidRuntime(20145): 	... 11 more

```  

### App information

***App version***: `0.16.7` (`160799`)  
***Package name***: `org.jellyfin.androidtv`  
***Build***: 
```json
{"BOARD":"gangnam","BOOTLOADER":"123456789","BRAND":"SHARP","CPU_ABI":"armeabi-v7a","CPU_ABI2":"armeabi","DEVICE":"gangnam","DISPLAY":"PTM5.200218.931","FINGERPRINT":"SHARP\/tclilux\/gangnam:9\/PTM5.200218.931\/8830006:user\/release-keys","HARDWARE":"m7322","HOST":"abfarm-64-central-00241","ID":"PTM5.200218.931","IS_DEBUGGABLE":false,"IS_EMULATOR":false,"MANUFACTURER":"SHARP","MODEL":"AQUOS-TVX19B","PERMISSIONS_REVIEW_REQUIRED":false,"PRODUCT":"tclilux","RADIO":"unknown","SUPPORTED_32_BIT_ABIS":["armeabi-v7a","armeabi"],"SUPPORTED_64_BIT_ABIS":[],"SUPPORTED_ABIS":["armeabi-v7a","armeabi"],"TAGS":"release-keys","TIME":1657810952000,"TYPE":"user","UNKNOWN":"unknown","USER":"android-build","VERSION":{"ACTIVE_CODENAMES":[],"BASE_OS":"","CODENAME":"REL","FIRST_SDK_INT":28,"INCREMENTAL":"8830006","PREVIEW_SDK_INT":0,"RELEASE":"9","RESOURCES_SDK_INT":28,"SDK":"28","SDK_INT":28,"SECURITY_PATCH":"2022-05-05"}}
```  
***Build config***: 
```json
{"APPLICATION_ID":"org.jellyfin.androidtv","BUILD_TYPE":"release","DEBUG":false,"DEVELOPMENT":false,"VERSION_CODE":160799,"VERSION_NAME":"0.16.7"}
```  

### Device information

***Android version***: `9`  
***Device brand***: `SHARP`  
***Device product***: `tclilux`  
***Device model***: `AQUOS-TVX19B`  

### Crash information

***Start time***: `2024-04-17T20:23:28.413+01:00`  
***Crash time***: `2024-04-17T22:02:46.412+01:00`  

